<?xml version="1.0" encoding="UTF-8"?>
<testsuite xmlns:xsi="http://www.w3.org/2001/XMLSchema-instance" xsi:noNamespaceSchemaLocation="https://maven.apache.org/surefire/maven-surefire-plugin/xsd/surefire-test-report.xsd" version="3.0.2" name="com.mycart.mycart.MycartApplicationTests" time="5.662" tests="1" errors="1" skipped="0" failures="0">
  <properties>
    <property name="java.specification.version" value="21"/>
    <property name="sun.cpu.isalist" value="amd64"/>
    <property name="sun.jnu.encoding" value="Cp1252"/>
    <property name="java.class.path" value="C:\Users\290679\Desktop\mycart\target\test-classes;C:\Users\290679\Desktop\mycart\target\classes;C:\Users\290679\.m2\repository\org\springframework\boot\spring-boot-starter-web\3.4.4\spring-boot-starter-web-3.4.4.jar;C:\Users\290679\.m2\repository\org\springframework\boot\spring-boot-starter\3.4.4\spring-boot-starter-3.4.4.jar;C:\Users\290679\.m2\repository\org\springframework\boot\spring-boot-starter-logging\3.4.4\spring-boot-starter-logging-3.4.4.jar;C:\Users\290679\.m2\repository\ch\qos\logback\logback-classic\1.5.18\logback-classic-1.5.18.jar;C:\Users\290679\.m2\repository\ch\qos\logback\logback-core\1.5.18\logback-core-1.5.18.jar;C:\Users\290679\.m2\repository\org\apache\logging\log4j\log4j-to-slf4j\2.24.3\log4j-to-slf4j-2.24.3.jar;C:\Users\290679\.m2\repository\org\apache\logging\log4j\log4j-api\2.24.3\log4j-api-2.24.3.jar;C:\Users\290679\.m2\repository\org\slf4j\jul-to-slf4j\2.0.17\jul-to-slf4j-2.0.17.jar;C:\Users\290679\.m2\repository\jakarta\annotation\jakarta.annotation-api\2.1.1\jakarta.annotation-api-2.1.1.jar;C:\Users\290679\.m2\repository\org\yaml\snakeyaml\2.3\snakeyaml-2.3.jar;C:\Users\290679\.m2\repository\org\springframework\boot\spring-boot-starter-json\3.4.4\spring-boot-starter-json-3.4.4.jar;C:\Users\290679\.m2\repository\com\fasterxml\jackson\datatype\jackson-datatype-jdk8\2.18.3\jackson-datatype-jdk8-2.18.3.jar;C:\Users\290679\.m2\repository\com\fasterxml\jackson\datatype\jackson-datatype-jsr310\2.18.3\jackson-datatype-jsr310-2.18.3.jar;C:\Users\290679\.m2\repository\com\fasterxml\jackson\module\jackson-module-parameter-names\2.18.3\jackson-module-parameter-names-2.18.3.jar;C:\Users\290679\.m2\repository\org\springframework\boot\spring-boot-starter-tomcat\3.4.4\spring-boot-starter-tomcat-3.4.4.jar;C:\Users\290679\.m2\repository\org\apache\tomcat\embed\tomcat-embed-core\10.1.39\tomcat-embed-core-10.1.39.jar;C:\Users\290679\.m2\repository\org\apache\tomcat\embed\tomcat-embed-el\10.1.39\tomcat-embed-el-10.1.39.jar;C:\Users\290679\.m2\repository\org\apache\tomcat\embed\tomcat-embed-websocket\10.1.39\tomcat-embed-websocket-10.1.39.jar;C:\Users\290679\.m2\repository\org\springframework\spring-web\6.2.5\spring-web-6.2.5.jar;C:\Users\290679\.m2\repository\org\springframework\spring-beans\6.2.5\spring-beans-6.2.5.jar;C:\Users\290679\.m2\repository\io\micrometer\micrometer-observation\1.14.5\micrometer-observation-1.14.5.jar;C:\Users\290679\.m2\repository\io\micrometer\micrometer-commons\1.14.5\micrometer-commons-1.14.5.jar;C:\Users\290679\.m2\repository\org\springframework\spring-webmvc\6.2.5\spring-webmvc-6.2.5.jar;C:\Users\290679\.m2\repository\org\springframework\spring-aop\6.2.5\spring-aop-6.2.5.jar;C:\Users\290679\.m2\repository\org\springframework\spring-context\6.2.5\spring-context-6.2.5.jar;C:\Users\290679\.m2\repository\org\springframework\spring-expression\6.2.5\spring-expression-6.2.5.jar;C:\Users\290679\.m2\repository\org\springframework\boot\spring-boot-starter-data-mongodb\3.4.4\spring-boot-starter-data-mongodb-3.4.4.jar;C:\Users\290679\.m2\repository\org\mongodb\mongodb-driver-sync\5.2.1\mongodb-driver-sync-5.2.1.jar;C:\Users\290679\.m2\repository\org\mongodb\bson\5.2.1\bson-5.2.1.jar;C:\Users\290679\.m2\repository\org\mongodb\mongodb-driver-core\5.2.1\mongodb-driver-core-5.2.1.jar;C:\Users\290679\.m2\repository\org\mongodb\bson-record-codec\5.2.1\bson-record-codec-5.2.1.jar;C:\Users\290679\.m2\repository\org\springframework\data\spring-data-mongodb\4.4.4\spring-data-mongodb-4.4.4.jar;C:\Users\290679\.m2\repository\org\springframework\spring-tx\6.2.5\spring-tx-6.2.5.jar;C:\Users\290679\.m2\repository\org\springframework\data\spring-data-commons\3.4.4\spring-data-commons-3.4.4.jar;C:\Users\290679\.m2\repository\org\apache\camel\springboot\camel-spring-boot-starter\4.3.0\camel-spring-boot-starter-4.3.0.jar;C:\Users\290679\.m2\repository\org\apache\camel\springboot\camel-spring-boot\4.3.0\camel-spring-boot-4.3.0.jar;C:\Users\290679\.m2\repository\org\springframework\boot\spring-boot-actuator\3.4.4\spring-boot-actuator-3.4.4.jar;C:\Users\290679\.m2\repository\org\apache\camel\camel-spring\4.3.0\camel-spring-4.3.0.jar;C:\Users\290679\.m2\repository\org\apache\camel\camel-management-api\4.3.0\camel-management-api-4.3.0.jar;C:\Users\290679\.m2\repository\org\apache\camel\camel-spring-main\4.3.0\camel-spring-main-4.3.0.jar;C:\Users\290679\.m2\repository\org\apache\camel\camel-main\4.3.0\camel-main-4.3.0.jar;C:\Users\290679\.m2\repository\org\apache\camel\camel-base\4.3.0\camel-base-4.3.0.jar;C:\Users\290679\.m2\repository\org\apache\camel\camel-core-languages\4.3.0\camel-core-languages-4.3.0.jar;C:\Users\290679\.m2\repository\org\apache\camel\camel-util-json\4.3.0\camel-util-json-4.3.0.jar;C:\Users\290679\.m2\repository\org\apache\camel\camel-cluster\4.3.0\camel-cluster-4.3.0.jar;C:\Users\290679\.m2\repository\org\apache\camel\camel-base-engine\4.3.0\camel-base-engine-4.3.0.jar;C:\Users\290679\.m2\repository\org\apache\camel\camel-health\4.3.0\camel-health-4.3.0.jar;C:\Users\290679\.m2\repository\org\apache\camel\springboot\camel-core-starter\4.3.0\camel-core-starter-4.3.0.jar;C:\Users\290679\.m2\repository\org\apache\camel\camel-core-engine\4.3.0\camel-core-engine-4.3.0.jar;C:\Users\290679\.m2\repository\org\apache\camel\camel-api\4.3.0\camel-api-4.3.0.jar;C:\Users\290679\.m2\repository\org\apache\camel\camel-core-reifier\4.3.0\camel-core-reifier-4.3.0.jar;C:\Users\290679\.m2\repository\org\apache\camel\camel-util\4.3.0\camel-util-4.3.0.jar;C:\Users\290679\.m2\repository\org\apache\camel\springboot\camel-bean-starter\4.3.0\camel-bean-starter-4.3.0.jar;C:\Users\290679\.m2\repository\org\apache\camel\camel-bean\4.3.0\camel-bean-4.3.0.jar;C:\Users\290679\.m2\repository\org\apache\camel\springboot\camel-browse-starter\4.3.0\camel-browse-starter-4.3.0.jar;C:\Users\290679\.m2\repository\org\apache\camel\camel-browse\4.3.0\camel-browse-4.3.0.jar;C:\Users\290679\.m2\repository\org\apache\camel\springboot\camel-controlbus-starter\4.3.0\camel-controlbus-starter-4.3.0.jar;C:\Users\290679\.m2\repository\org\apache\camel\camel-controlbus\4.3.0\camel-controlbus-4.3.0.jar;C:\Users\290679\.m2\repository\org\apache\camel\springboot\camel-dataformat-starter\4.3.0\camel-dataformat-starter-4.3.0.jar;C:\Users\290679\.m2\repository\org\apache\camel\camel-dataformat\4.3.0\camel-dataformat-4.3.0.jar;C:\Users\290679\.m2\repository\org\apache\camel\springboot\camel-dataset-starter\4.3.0\camel-dataset-starter-4.3.0.jar;C:\Users\290679\.m2\repository\org\apache\camel\camel-dataset\4.3.0\camel-dataset-4.3.0.jar;C:\Users\290679\.m2\repository\org\apache\camel\springboot\camel-direct-starter\4.3.0\camel-direct-starter-4.3.0.jar;C:\Users\290679\.m2\repository\org\apache\camel\camel-direct\4.3.0\camel-direct-4.3.0.jar;C:\Users\290679\.m2\repository\org\apache\camel\springboot\camel-file-starter\4.3.0\camel-file-starter-4.3.0.jar;C:\Users\290679\.m2\repository\org\apache\camel\camel-file\4.3.0\camel-file-4.3.0.jar;C:\Users\290679\.m2\repository\commons-codec\commons-codec\1.17.2\commons-codec-1.17.2.jar;C:\Users\290679\.m2\repository\org\apache\camel\springboot\camel-language-starter\4.3.0\camel-language-starter-4.3.0.jar;C:\Users\290679\.m2\repository\org\apache\camel\camel-language\4.3.0\camel-language-4.3.0.jar;C:\Users\290679\.m2\repository\org\apache\camel\springboot\camel-log-starter\4.3.0\camel-log-starter-4.3.0.jar;C:\Users\290679\.m2\repository\org\apache\camel\camel-log\4.3.0\camel-log-4.3.0.jar;C:\Users\290679\.m2\repository\org\apache\camel\springboot\camel-mock-starter\4.3.0\camel-mock-starter-4.3.0.jar;C:\Users\290679\.m2\repository\org\apache\camel\camel-mock\4.3.0\camel-mock-4.3.0.jar;C:\Users\290679\.m2\repository\org\apache\camel\springboot\camel-ref-starter\4.3.0\camel-ref-starter-4.3.0.jar;C:\Users\290679\.m2\repository\org\apache\camel\camel-ref\4.3.0\camel-ref-4.3.0.jar;C:\Users\290679\.m2\repository\org\apache\camel\springboot\camel-saga-starter\4.3.0\camel-saga-starter-4.3.0.jar;C:\Users\290679\.m2\repository\org\apache\camel\camel-saga\4.3.0\camel-saga-4.3.0.jar;C:\Users\290679\.m2\repository\org\apache\camel\springboot\camel-scheduler-starter\4.3.0\camel-scheduler-starter-4.3.0.jar;C:\Users\290679\.m2\repository\org\apache\camel\camel-scheduler\4.3.0\camel-scheduler-4.3.0.jar;C:\Users\290679\.m2\repository\org\apache\camel\springboot\camel-seda-starter\4.3.0\camel-seda-starter-4.3.0.jar;C:\Users\290679\.m2\repository\org\apache\camel\camel-seda\4.3.0\camel-seda-4.3.0.jar;C:\Users\290679\.m2\repository\org\apache\camel\springboot\camel-stub-starter\4.3.0\camel-stub-starter-4.3.0.jar;C:\Users\290679\.m2\repository\org\apache\camel\camel-stub\4.3.0\camel-stub-4.3.0.jar;C:\Users\290679\.m2\repository\org\apache\camel\springboot\camel-timer-starter\4.3.0\camel-timer-starter-4.3.0.jar;C:\Users\290679\.m2\repository\org\apache\camel\camel-timer\4.3.0\camel-timer-4.3.0.jar;C:\Users\290679\.m2\repository\org\apache\camel\springboot\camel-validator-starter\4.3.0\camel-validator-starter-4.3.0.jar;C:\Users\290679\.m2\repository\org\apache\camel\camel-validator\4.3.0\camel-validator-4.3.0.jar;C:\Users\290679\.m2\repository\org\apache\camel\springboot\camel-xpath-starter\4.3.0\camel-xpath-starter-4.3.0.jar;C:\Users\290679\.m2\repository\org\apache\camel\camel-xpath\4.3.0\camel-xpath-4.3.0.jar;C:\Users\290679\.m2\repository\org\apache\camel\springboot\camel-xslt-starter\4.3.0\camel-xslt-starter-4.3.0.jar;C:\Users\290679\.m2\repository\org\apache\camel\camel-xslt\4.3.0\camel-xslt-4.3.0.jar;C:\Users\290679\.m2\repository\org\apache\camel\springboot\camel-xml-jaxp-starter\4.3.0\camel-xml-jaxp-starter-4.3.0.jar;C:\Users\290679\.m2\repository\org\apache\camel\camel-xml-jaxp\4.3.0\camel-xml-jaxp-4.3.0.jar;C:\Users\290679\.m2\repository\org\apache\camel\camel-xml-jaxp-util\4.3.0\camel-xml-jaxp-util-4.3.0.jar;C:\Users\290679\.m2\repository\org\apache\camel\camel-xml-io-util\4.3.0\camel-xml-io-util-4.3.0.jar;C:\Users\290679\.m2\repository\org\apache\camel\springboot\camel-servlet-starter\4.3.0\camel-servlet-starter-4.3.0.jar;C:\Users\290679\.m2\repository\org\apache\camel\camel-servlet\4.3.0\camel-servlet-4.3.0.jar;C:\Users\290679\.m2\repository\org\apache\camel\camel-support\4.3.0\camel-support-4.3.0.jar;C:\Users\290679\.m2\repository\org\apache\camel\camel-http-common\4.3.0\camel-http-common-4.3.0.jar;C:\Users\290679\.m2\repository\org\apache\camel\camel-attachments\4.3.0\camel-attachments-4.3.0.jar;C:\Users\290679\.m2\repository\org\apache\camel\springboot\camel-rest-starter\4.3.0\camel-rest-starter-4.3.0.jar;C:\Users\290679\.m2\repository\org\apache\camel\camel-rest\4.3.0\camel-rest-4.3.0.jar;C:\Users\290679\.m2\repository\org\apache\camel\camel-tooling-model\4.3.0\camel-tooling-model-4.3.0.jar;C:\Users\290679\.m2\repository\org\apache\camel\camel-netty-http\4.3.0\camel-netty-http-4.3.0.jar;C:\Users\290679\.m2\repository\org\apache\camel\camel-netty\4.3.0\camel-netty-4.3.0.jar;C:\Users\290679\.m2\repository\org\apache\commons\commons-pool2\2.12.1\commons-pool2-2.12.1.jar;C:\Users\290679\.m2\repository\io\netty\netty-buffer\4.1.119.Final\netty-buffer-4.1.119.Final.jar;C:\Users\290679\.m2\repository\io\netty\netty-codec\4.1.119.Final\netty-codec-4.1.119.Final.jar;C:\Users\290679\.m2\repository\io\netty\netty-common\4.1.119.Final\netty-common-4.1.119.Final.jar;C:\Users\290679\.m2\repository\io\netty\netty-handler\4.1.119.Final\netty-handler-4.1.119.Final.jar;C:\Users\290679\.m2\repository\io\netty\netty-resolver\4.1.119.Final\netty-resolver-4.1.119.Final.jar;C:\Users\290679\.m2\repository\io\netty\netty-transport\4.1.119.Final\netty-transport-4.1.119.Final.jar;C:\Users\290679\.m2\repository\io\netty\netty-transport-native-epoll\4.1.119.Final\netty-transport-native-epoll-4.1.119.Final.jar;C:\Users\290679\.m2\repository\io\netty\netty-transport-classes-epoll\4.1.119.Final\netty-transport-classes-epoll-4.1.119.Final.jar;C:\Users\290679\.m2\repository\io\netty\netty-transport-native-unix-common\4.1.119.Final\netty-transport-native-unix-common-4.1.119.Final.jar;C:\Users\290679\.m2\repository\io\netty\netty-codec-http\4.1.119.Final\netty-codec-http-4.1.119.Final.jar;C:\Users\290679\.m2\repository\org\apache\camel\camel-http-base\4.3.0\camel-http-base-4.3.0.jar;C:\Users\290679\.m2\repository\org\apache\camel\camel-cloud\4.3.0\camel-cloud-4.3.0.jar;C:\Users\290679\.m2\repository\org\apache\camel\camel-core-model\4.3.0\camel-core-model-4.3.0.jar;C:\Users\290679\.m2\repository\org\apache\camel\camel-core-processor\4.3.0\camel-core-processor-4.3.0.jar;C:\Users\290679\.m2\repository\org\apache\camel\springboot\camel-mongodb-starter\4.3.0\camel-mongodb-starter-4.3.0.jar;C:\Users\290679\.m2\repository\org\apache\camel\camel-mongodb\4.3.0\camel-mongodb-4.3.0.jar;C:\Users\290679\.m2\repository\org\springframework\boot\spring-boot-devtools\3.4.4\spring-boot-devtools-3.4.4.jar;C:\Users\290679\.m2\repository\org\springframework\boot\spring-boot\3.4.4\spring-boot-3.4.4.jar;C:\Users\290679\.m2\repository\org\springframework\boot\spring-boot-autoconfigure\3.4.4\spring-boot-autoconfigure-3.4.4.jar;C:\Users\290679\.m2\repository\org\apache\activemq\activemq-broker\5.18.2\activemq-broker-5.18.2.jar;C:\Users\290679\.m2\repository\org\apache\activemq\activemq-openwire-legacy\6.1.6\activemq-openwire-legacy-6.1.6.jar;C:\Users\290679\.m2\repository\javax\annotation\javax.annotation-api\1.3.2\javax.annotation-api-1.3.2.jar;C:\Users\290679\.m2\repository\org\apache\activemq\activemq-client\6.1.6\activemq-client-6.1.6.jar;C:\Users\290679\.m2\repository\org\slf4j\slf4j-api\2.0.17\slf4j-api-2.0.17.jar;C:\Users\290679\.m2\repository\jakarta\jms\jakarta.jms-api\3.1.0\jakarta.jms-api-3.1.0.jar;C:\Users\290679\.m2\repository\org\fusesource\hawtbuf\hawtbuf\1.11\hawtbuf-1.11.jar;C:\Users\290679\.m2\repository\com\fasterxml\jackson\core\jackson-databind\2.18.3\jackson-databind-2.18.3.jar;C:\Users\290679\.m2\repository\com\fasterxml\jackson\core\jackson-annotations\2.18.3\jackson-annotations-2.18.3.jar;C:\Users\290679\.m2\repository\com\fasterxml\jackson\core\jackson-core\2.18.3\jackson-core-2.18.3.jar;C:\Users\290679\.m2\repository\org\projectlombok\lombok\1.18.36\lombok-1.18.36.jar;C:\Users\290679\.m2\repository\org\apache\camel\camel-activemq\4.3.0\camel-activemq-4.3.0.jar;C:\Users\290679\.m2\repository\org\apache\camel\camel-jms\4.3.0\camel-jms-4.3.0.jar;C:\Users\290679\.m2\repository\org\springframework\spring-jms\6.2.5\spring-jms-6.2.5.jar;C:\Users\290679\.m2\repository\org\springframework\spring-messaging\6.2.5\spring-messaging-6.2.5.jar;C:\Users\290679\.m2\repository\org\apache\activemq\activemq-client-jakarta\5.18.3\activemq-client-jakarta-5.18.3.jar;C:\Users\290679\.m2\repository\org\apache\camel\springboot\camel-activemq-starter\4.3.0\camel-activemq-starter-4.3.0.jar;C:\Users\290679\.m2\repository\org\apache\camel\springboot\camel-jackson-starter\4.3.0\camel-jackson-starter-4.3.0.jar;C:\Users\290679\.m2\repository\org\apache\camel\camel-jackson\4.3.0\camel-jackson-4.3.0.jar;C:\Users\290679\.m2\repository\org\springframework\boot\spring-boot-starter-test\3.4.4\spring-boot-starter-test-3.4.4.jar;C:\Users\290679\.m2\repository\org\springframework\boot\spring-boot-test\3.4.4\spring-boot-test-3.4.4.jar;C:\Users\290679\.m2\repository\org\springframework\boot\spring-boot-test-autoconfigure\3.4.4\spring-boot-test-autoconfigure-3.4.4.jar;C:\Users\290679\.m2\repository\com\jayway\jsonpath\json-path\2.9.0\json-path-2.9.0.jar;C:\Users\290679\.m2\repository\jakarta\xml\bind\jakarta.xml.bind-api\4.0.2\jakarta.xml.bind-api-4.0.2.jar;C:\Users\290679\.m2\repository\jakarta\activation\jakarta.activation-api\2.1.3\jakarta.activation-api-2.1.3.jar;C:\Users\290679\.m2\repository\net\minidev\json-smart\2.5.2\json-smart-2.5.2.jar;C:\Users\290679\.m2\repository\net\minidev\accessors-smart\2.5.2\accessors-smart-2.5.2.jar;C:\Users\290679\.m2\repository\org\ow2\asm\asm\9.7.1\asm-9.7.1.jar;C:\Users\290679\.m2\repository\org\assertj\assertj-core\3.26.3\assertj-core-3.26.3.jar;C:\Users\290679\.m2\repository\net\bytebuddy\byte-buddy\1.15.11\byte-buddy-1.15.11.jar;C:\Users\290679\.m2\repository\org\awaitility\awaitility\4.2.2\awaitility-4.2.2.jar;C:\Users\290679\.m2\repository\org\hamcrest\hamcrest\2.2\hamcrest-2.2.jar;C:\Users\290679\.m2\repository\org\junit\jupiter\junit-jupiter\5.11.4\junit-jupiter-5.11.4.jar;C:\Users\290679\.m2\repository\org\junit\jupiter\junit-jupiter-api\5.11.4\junit-jupiter-api-5.11.4.jar;C:\Users\290679\.m2\repository\org\opentest4j\opentest4j\1.3.0\opentest4j-1.3.0.jar;C:\Users\290679\.m2\repository\org\junit\platform\junit-platform-commons\1.11.4\junit-platform-commons-1.11.4.jar;C:\Users\290679\.m2\repository\org\apiguardian\apiguardian-api\1.1.2\apiguardian-api-1.1.2.jar;C:\Users\290679\.m2\repository\org\junit\jupiter\junit-jupiter-params\5.11.4\junit-jupiter-params-5.11.4.jar;C:\Users\290679\.m2\repository\org\junit\jupiter\junit-jupiter-engine\5.11.4\junit-jupiter-engine-5.11.4.jar;C:\Users\290679\.m2\repository\org\junit\platform\junit-platform-engine\1.11.4\junit-platform-engine-1.11.4.jar;C:\Users\290679\.m2\repository\org\mockito\mockito-core\5.14.2\mockito-core-5.14.2.jar;C:\Users\290679\.m2\repository\net\bytebuddy\byte-buddy-agent\1.15.11\byte-buddy-agent-1.15.11.jar;C:\Users\290679\.m2\repository\org\objenesis\objenesis\3.3\objenesis-3.3.jar;C:\Users\290679\.m2\repository\org\mockito\mockito-junit-jupiter\5.14.2\mockito-junit-jupiter-5.14.2.jar;C:\Users\290679\.m2\repository\org\skyscreamer\jsonassert\1.5.3\jsonassert-1.5.3.jar;C:\Users\290679\.m2\repository\com\vaadin\external\google\android-json\0.0.20131108.vaadin1\android-json-0.0.20131108.vaadin1.jar;C:\Users\290679\.m2\repository\org\springframework\spring-core\6.2.5\spring-core-6.2.5.jar;C:\Users\290679\.m2\repository\org\springframework\spring-jcl\6.2.5\spring-jcl-6.2.5.jar;C:\Users\290679\.m2\repository\org\springframework\spring-test\6.2.5\spring-test-6.2.5.jar;C:\Users\290679\.m2\repository\org\xmlunit\xmlunit-core\2.10.0\xmlunit-core-2.10.0.jar;"/>
    <property name="java.vm.vendor" value="Oracle Corporation"/>
    <property name="sun.arch.data.model" value="64"/>
    <property name="user.variant" value=""/>
    <property name="java.vendor.url" value="https://java.oracle.com/"/>
    <property name="user.timezone" value="Asia/Calcutta"/>
    <property name="os.name" value="Windows 11"/>
    <property name="java.vm.specification.version" value="21"/>
    <property name="APPLICATION_NAME" value="mycart"/>
    <property name="sun.java.launcher" value="SUN_STANDARD"/>
    <property name="user.country" value="IN"/>
    <property name="sun.boot.library.path" value="C:\Program Files\Java\jdk-21.0.2\bin"/>
    <property name="sun.java.command" value="C:\Users\290679\AppData\Local\Temp\surefire8093797639090232975\surefirebooter-20250421171154447_3.jar C:\Users\290679\AppData\Local\Temp\surefire8093797639090232975 2025-04-21T17-11-54_265-jvmRun1 surefire-20250421171154447_1tmp surefire_0-20250421171154447_2tmp"/>
    <property name="jdk.debug" value="release"/>
    <property name="surefire.test.class.path" value="C:\Users\290679\Desktop\mycart\target\test-classes;C:\Users\290679\Desktop\mycart\target\classes;C:\Users\290679\.m2\repository\org\springframework\boot\spring-boot-starter-web\3.4.4\spring-boot-starter-web-3.4.4.jar;C:\Users\290679\.m2\repository\org\springframework\boot\spring-boot-starter\3.4.4\spring-boot-starter-3.4.4.jar;C:\Users\290679\.m2\repository\org\springframework\boot\spring-boot-starter-logging\3.4.4\spring-boot-starter-logging-3.4.4.jar;C:\Users\290679\.m2\repository\ch\qos\logback\logback-classic\1.5.18\logback-classic-1.5.18.jar;C:\Users\290679\.m2\repository\ch\qos\logback\logback-core\1.5.18\logback-core-1.5.18.jar;C:\Users\290679\.m2\repository\org\apache\logging\log4j\log4j-to-slf4j\2.24.3\log4j-to-slf4j-2.24.3.jar;C:\Users\290679\.m2\repository\org\apache\logging\log4j\log4j-api\2.24.3\log4j-api-2.24.3.jar;C:\Users\290679\.m2\repository\org\slf4j\jul-to-slf4j\2.0.17\jul-to-slf4j-2.0.17.jar;C:\Users\290679\.m2\repository\jakarta\annotation\jakarta.annotation-api\2.1.1\jakarta.annotation-api-2.1.1.jar;C:\Users\290679\.m2\repository\org\yaml\snakeyaml\2.3\snakeyaml-2.3.jar;C:\Users\290679\.m2\repository\org\springframework\boot\spring-boot-starter-json\3.4.4\spring-boot-starter-json-3.4.4.jar;C:\Users\290679\.m2\repository\com\fasterxml\jackson\datatype\jackson-datatype-jdk8\2.18.3\jackson-datatype-jdk8-2.18.3.jar;C:\Users\290679\.m2\repository\com\fasterxml\jackson\datatype\jackson-datatype-jsr310\2.18.3\jackson-datatype-jsr310-2.18.3.jar;C:\Users\290679\.m2\repository\com\fasterxml\jackson\module\jackson-module-parameter-names\2.18.3\jackson-module-parameter-names-2.18.3.jar;C:\Users\290679\.m2\repository\org\springframework\boot\spring-boot-starter-tomcat\3.4.4\spring-boot-starter-tomcat-3.4.4.jar;C:\Users\290679\.m2\repository\org\apache\tomcat\embed\tomcat-embed-core\10.1.39\tomcat-embed-core-10.1.39.jar;C:\Users\290679\.m2\repository\org\apache\tomcat\embed\tomcat-embed-el\10.1.39\tomcat-embed-el-10.1.39.jar;C:\Users\290679\.m2\repository\org\apache\tomcat\embed\tomcat-embed-websocket\10.1.39\tomcat-embed-websocket-10.1.39.jar;C:\Users\290679\.m2\repository\org\springframework\spring-web\6.2.5\spring-web-6.2.5.jar;C:\Users\290679\.m2\repository\org\springframework\spring-beans\6.2.5\spring-beans-6.2.5.jar;C:\Users\290679\.m2\repository\io\micrometer\micrometer-observation\1.14.5\micrometer-observation-1.14.5.jar;C:\Users\290679\.m2\repository\io\micrometer\micrometer-commons\1.14.5\micrometer-commons-1.14.5.jar;C:\Users\290679\.m2\repository\org\springframework\spring-webmvc\6.2.5\spring-webmvc-6.2.5.jar;C:\Users\290679\.m2\repository\org\springframework\spring-aop\6.2.5\spring-aop-6.2.5.jar;C:\Users\290679\.m2\repository\org\springframework\spring-context\6.2.5\spring-context-6.2.5.jar;C:\Users\290679\.m2\repository\org\springframework\spring-expression\6.2.5\spring-expression-6.2.5.jar;C:\Users\290679\.m2\repository\org\springframework\boot\spring-boot-starter-data-mongodb\3.4.4\spring-boot-starter-data-mongodb-3.4.4.jar;C:\Users\290679\.m2\repository\org\mongodb\mongodb-driver-sync\5.2.1\mongodb-driver-sync-5.2.1.jar;C:\Users\290679\.m2\repository\org\mongodb\bson\5.2.1\bson-5.2.1.jar;C:\Users\290679\.m2\repository\org\mongodb\mongodb-driver-core\5.2.1\mongodb-driver-core-5.2.1.jar;C:\Users\290679\.m2\repository\org\mongodb\bson-record-codec\5.2.1\bson-record-codec-5.2.1.jar;C:\Users\290679\.m2\repository\org\springframework\data\spring-data-mongodb\4.4.4\spring-data-mongodb-4.4.4.jar;C:\Users\290679\.m2\repository\org\springframework\spring-tx\6.2.5\spring-tx-6.2.5.jar;C:\Users\290679\.m2\repository\org\springframework\data\spring-data-commons\3.4.4\spring-data-commons-3.4.4.jar;C:\Users\290679\.m2\repository\org\apache\camel\springboot\camel-spring-boot-starter\4.3.0\camel-spring-boot-starter-4.3.0.jar;C:\Users\290679\.m2\repository\org\apache\camel\springboot\camel-spring-boot\4.3.0\camel-spring-boot-4.3.0.jar;C:\Users\290679\.m2\repository\org\springframework\boot\spring-boot-actuator\3.4.4\spring-boot-actuator-3.4.4.jar;C:\Users\290679\.m2\repository\org\apache\camel\camel-spring\4.3.0\camel-spring-4.3.0.jar;C:\Users\290679\.m2\repository\org\apache\camel\camel-management-api\4.3.0\camel-management-api-4.3.0.jar;C:\Users\290679\.m2\repository\org\apache\camel\camel-spring-main\4.3.0\camel-spring-main-4.3.0.jar;C:\Users\290679\.m2\repository\org\apache\camel\camel-main\4.3.0\camel-main-4.3.0.jar;C:\Users\290679\.m2\repository\org\apache\camel\camel-base\4.3.0\camel-base-4.3.0.jar;C:\Users\290679\.m2\repository\org\apache\camel\camel-core-languages\4.3.0\camel-core-languages-4.3.0.jar;C:\Users\290679\.m2\repository\org\apache\camel\camel-util-json\4.3.0\camel-util-json-4.3.0.jar;C:\Users\290679\.m2\repository\org\apache\camel\camel-cluster\4.3.0\camel-cluster-4.3.0.jar;C:\Users\290679\.m2\repository\org\apache\camel\camel-base-engine\4.3.0\camel-base-engine-4.3.0.jar;C:\Users\290679\.m2\repository\org\apache\camel\camel-health\4.3.0\camel-health-4.3.0.jar;C:\Users\290679\.m2\repository\org\apache\camel\springboot\camel-core-starter\4.3.0\camel-core-starter-4.3.0.jar;C:\Users\290679\.m2\repository\org\apache\camel\camel-core-engine\4.3.0\camel-core-engine-4.3.0.jar;C:\Users\290679\.m2\repository\org\apache\camel\camel-api\4.3.0\camel-api-4.3.0.jar;C:\Users\290679\.m2\repository\org\apache\camel\camel-core-reifier\4.3.0\camel-core-reifier-4.3.0.jar;C:\Users\290679\.m2\repository\org\apache\camel\camel-util\4.3.0\camel-util-4.3.0.jar;C:\Users\290679\.m2\repository\org\apache\camel\springboot\camel-bean-starter\4.3.0\camel-bean-starter-4.3.0.jar;C:\Users\290679\.m2\repository\org\apache\camel\camel-bean\4.3.0\camel-bean-4.3.0.jar;C:\Users\290679\.m2\repository\org\apache\camel\springboot\camel-browse-starter\4.3.0\camel-browse-starter-4.3.0.jar;C:\Users\290679\.m2\repository\org\apache\camel\camel-browse\4.3.0\camel-browse-4.3.0.jar;C:\Users\290679\.m2\repository\org\apache\camel\springboot\camel-controlbus-starter\4.3.0\camel-controlbus-starter-4.3.0.jar;C:\Users\290679\.m2\repository\org\apache\camel\camel-controlbus\4.3.0\camel-controlbus-4.3.0.jar;C:\Users\290679\.m2\repository\org\apache\camel\springboot\camel-dataformat-starter\4.3.0\camel-dataformat-starter-4.3.0.jar;C:\Users\290679\.m2\repository\org\apache\camel\camel-dataformat\4.3.0\camel-dataformat-4.3.0.jar;C:\Users\290679\.m2\repository\org\apache\camel\springboot\camel-dataset-starter\4.3.0\camel-dataset-starter-4.3.0.jar;C:\Users\290679\.m2\repository\org\apache\camel\camel-dataset\4.3.0\camel-dataset-4.3.0.jar;C:\Users\290679\.m2\repository\org\apache\camel\springboot\camel-direct-starter\4.3.0\camel-direct-starter-4.3.0.jar;C:\Users\290679\.m2\repository\org\apache\camel\camel-direct\4.3.0\camel-direct-4.3.0.jar;C:\Users\290679\.m2\repository\org\apache\camel\springboot\camel-file-starter\4.3.0\camel-file-starter-4.3.0.jar;C:\Users\290679\.m2\repository\org\apache\camel\camel-file\4.3.0\camel-file-4.3.0.jar;C:\Users\290679\.m2\repository\commons-codec\commons-codec\1.17.2\commons-codec-1.17.2.jar;C:\Users\290679\.m2\repository\org\apache\camel\springboot\camel-language-starter\4.3.0\camel-language-starter-4.3.0.jar;C:\Users\290679\.m2\repository\org\apache\camel\camel-language\4.3.0\camel-language-4.3.0.jar;C:\Users\290679\.m2\repository\org\apache\camel\springboot\camel-log-starter\4.3.0\camel-log-starter-4.3.0.jar;C:\Users\290679\.m2\repository\org\apache\camel\camel-log\4.3.0\camel-log-4.3.0.jar;C:\Users\290679\.m2\repository\org\apache\camel\springboot\camel-mock-starter\4.3.0\camel-mock-starter-4.3.0.jar;C:\Users\290679\.m2\repository\org\apache\camel\camel-mock\4.3.0\camel-mock-4.3.0.jar;C:\Users\290679\.m2\repository\org\apache\camel\springboot\camel-ref-starter\4.3.0\camel-ref-starter-4.3.0.jar;C:\Users\290679\.m2\repository\org\apache\camel\camel-ref\4.3.0\camel-ref-4.3.0.jar;C:\Users\290679\.m2\repository\org\apache\camel\springboot\camel-saga-starter\4.3.0\camel-saga-starter-4.3.0.jar;C:\Users\290679\.m2\repository\org\apache\camel\camel-saga\4.3.0\camel-saga-4.3.0.jar;C:\Users\290679\.m2\repository\org\apache\camel\springboot\camel-scheduler-starter\4.3.0\camel-scheduler-starter-4.3.0.jar;C:\Users\290679\.m2\repository\org\apache\camel\camel-scheduler\4.3.0\camel-scheduler-4.3.0.jar;C:\Users\290679\.m2\repository\org\apache\camel\springboot\camel-seda-starter\4.3.0\camel-seda-starter-4.3.0.jar;C:\Users\290679\.m2\repository\org\apache\camel\camel-seda\4.3.0\camel-seda-4.3.0.jar;C:\Users\290679\.m2\repository\org\apache\camel\springboot\camel-stub-starter\4.3.0\camel-stub-starter-4.3.0.jar;C:\Users\290679\.m2\repository\org\apache\camel\camel-stub\4.3.0\camel-stub-4.3.0.jar;C:\Users\290679\.m2\repository\org\apache\camel\springboot\camel-timer-starter\4.3.0\camel-timer-starter-4.3.0.jar;C:\Users\290679\.m2\repository\org\apache\camel\camel-timer\4.3.0\camel-timer-4.3.0.jar;C:\Users\290679\.m2\repository\org\apache\camel\springboot\camel-validator-starter\4.3.0\camel-validator-starter-4.3.0.jar;C:\Users\290679\.m2\repository\org\apache\camel\camel-validator\4.3.0\camel-validator-4.3.0.jar;C:\Users\290679\.m2\repository\org\apache\camel\springboot\camel-xpath-starter\4.3.0\camel-xpath-starter-4.3.0.jar;C:\Users\290679\.m2\repository\org\apache\camel\camel-xpath\4.3.0\camel-xpath-4.3.0.jar;C:\Users\290679\.m2\repository\org\apache\camel\springboot\camel-xslt-starter\4.3.0\camel-xslt-starter-4.3.0.jar;C:\Users\290679\.m2\repository\org\apache\camel\camel-xslt\4.3.0\camel-xslt-4.3.0.jar;C:\Users\290679\.m2\repository\org\apache\camel\springboot\camel-xml-jaxp-starter\4.3.0\camel-xml-jaxp-starter-4.3.0.jar;C:\Users\290679\.m2\repository\org\apache\camel\camel-xml-jaxp\4.3.0\camel-xml-jaxp-4.3.0.jar;C:\Users\290679\.m2\repository\org\apache\camel\camel-xml-jaxp-util\4.3.0\camel-xml-jaxp-util-4.3.0.jar;C:\Users\290679\.m2\repository\org\apache\camel\camel-xml-io-util\4.3.0\camel-xml-io-util-4.3.0.jar;C:\Users\290679\.m2\repository\org\apache\camel\springboot\camel-servlet-starter\4.3.0\camel-servlet-starter-4.3.0.jar;C:\Users\290679\.m2\repository\org\apache\camel\camel-servlet\4.3.0\camel-servlet-4.3.0.jar;C:\Users\290679\.m2\repository\org\apache\camel\camel-support\4.3.0\camel-support-4.3.0.jar;C:\Users\290679\.m2\repository\org\apache\camel\camel-http-common\4.3.0\camel-http-common-4.3.0.jar;C:\Users\290679\.m2\repository\org\apache\camel\camel-attachments\4.3.0\camel-attachments-4.3.0.jar;C:\Users\290679\.m2\repository\org\apache\camel\springboot\camel-rest-starter\4.3.0\camel-rest-starter-4.3.0.jar;C:\Users\290679\.m2\repository\org\apache\camel\camel-rest\4.3.0\camel-rest-4.3.0.jar;C:\Users\290679\.m2\repository\org\apache\camel\camel-tooling-model\4.3.0\camel-tooling-model-4.3.0.jar;C:\Users\290679\.m2\repository\org\apache\camel\camel-netty-http\4.3.0\camel-netty-http-4.3.0.jar;C:\Users\290679\.m2\repository\org\apache\camel\camel-netty\4.3.0\camel-netty-4.3.0.jar;C:\Users\290679\.m2\repository\org\apache\commons\commons-pool2\2.12.1\commons-pool2-2.12.1.jar;C:\Users\290679\.m2\repository\io\netty\netty-buffer\4.1.119.Final\netty-buffer-4.1.119.Final.jar;C:\Users\290679\.m2\repository\io\netty\netty-codec\4.1.119.Final\netty-codec-4.1.119.Final.jar;C:\Users\290679\.m2\repository\io\netty\netty-common\4.1.119.Final\netty-common-4.1.119.Final.jar;C:\Users\290679\.m2\repository\io\netty\netty-handler\4.1.119.Final\netty-handler-4.1.119.Final.jar;C:\Users\290679\.m2\repository\io\netty\netty-resolver\4.1.119.Final\netty-resolver-4.1.119.Final.jar;C:\Users\290679\.m2\repository\io\netty\netty-transport\4.1.119.Final\netty-transport-4.1.119.Final.jar;C:\Users\290679\.m2\repository\io\netty\netty-transport-native-epoll\4.1.119.Final\netty-transport-native-epoll-4.1.119.Final.jar;C:\Users\290679\.m2\repository\io\netty\netty-transport-classes-epoll\4.1.119.Final\netty-transport-classes-epoll-4.1.119.Final.jar;C:\Users\290679\.m2\repository\io\netty\netty-transport-native-unix-common\4.1.119.Final\netty-transport-native-unix-common-4.1.119.Final.jar;C:\Users\290679\.m2\repository\io\netty\netty-codec-http\4.1.119.Final\netty-codec-http-4.1.119.Final.jar;C:\Users\290679\.m2\repository\org\apache\camel\camel-http-base\4.3.0\camel-http-base-4.3.0.jar;C:\Users\290679\.m2\repository\org\apache\camel\camel-cloud\4.3.0\camel-cloud-4.3.0.jar;C:\Users\290679\.m2\repository\org\apache\camel\camel-core-model\4.3.0\camel-core-model-4.3.0.jar;C:\Users\290679\.m2\repository\org\apache\camel\camel-core-processor\4.3.0\camel-core-processor-4.3.0.jar;C:\Users\290679\.m2\repository\org\apache\camel\springboot\camel-mongodb-starter\4.3.0\camel-mongodb-starter-4.3.0.jar;C:\Users\290679\.m2\repository\org\apache\camel\camel-mongodb\4.3.0\camel-mongodb-4.3.0.jar;C:\Users\290679\.m2\repository\org\springframework\boot\spring-boot-devtools\3.4.4\spring-boot-devtools-3.4.4.jar;C:\Users\290679\.m2\repository\org\springframework\boot\spring-boot\3.4.4\spring-boot-3.4.4.jar;C:\Users\290679\.m2\repository\org\springframework\boot\spring-boot-autoconfigure\3.4.4\spring-boot-autoconfigure-3.4.4.jar;C:\Users\290679\.m2\repository\org\apache\activemq\activemq-broker\5.18.2\activemq-broker-5.18.2.jar;C:\Users\290679\.m2\repository\org\apache\activemq\activemq-openwire-legacy\6.1.6\activemq-openwire-legacy-6.1.6.jar;C:\Users\290679\.m2\repository\javax\annotation\javax.annotation-api\1.3.2\javax.annotation-api-1.3.2.jar;C:\Users\290679\.m2\repository\org\apache\activemq\activemq-client\6.1.6\activemq-client-6.1.6.jar;C:\Users\290679\.m2\repository\org\slf4j\slf4j-api\2.0.17\slf4j-api-2.0.17.jar;C:\Users\290679\.m2\repository\jakarta\jms\jakarta.jms-api\3.1.0\jakarta.jms-api-3.1.0.jar;C:\Users\290679\.m2\repository\org\fusesource\hawtbuf\hawtbuf\1.11\hawtbuf-1.11.jar;C:\Users\290679\.m2\repository\com\fasterxml\jackson\core\jackson-databind\2.18.3\jackson-databind-2.18.3.jar;C:\Users\290679\.m2\repository\com\fasterxml\jackson\core\jackson-annotations\2.18.3\jackson-annotations-2.18.3.jar;C:\Users\290679\.m2\repository\com\fasterxml\jackson\core\jackson-core\2.18.3\jackson-core-2.18.3.jar;C:\Users\290679\.m2\repository\org\projectlombok\lombok\1.18.36\lombok-1.18.36.jar;C:\Users\290679\.m2\repository\org\apache\camel\camel-activemq\4.3.0\camel-activemq-4.3.0.jar;C:\Users\290679\.m2\repository\org\apache\camel\camel-jms\4.3.0\camel-jms-4.3.0.jar;C:\Users\290679\.m2\repository\org\springframework\spring-jms\6.2.5\spring-jms-6.2.5.jar;C:\Users\290679\.m2\repository\org\springframework\spring-messaging\6.2.5\spring-messaging-6.2.5.jar;C:\Users\290679\.m2\repository\org\apache\activemq\activemq-client-jakarta\5.18.3\activemq-client-jakarta-5.18.3.jar;C:\Users\290679\.m2\repository\org\apache\camel\springboot\camel-activemq-starter\4.3.0\camel-activemq-starter-4.3.0.jar;C:\Users\290679\.m2\repository\org\apache\camel\springboot\camel-jackson-starter\4.3.0\camel-jackson-starter-4.3.0.jar;C:\Users\290679\.m2\repository\org\apache\camel\camel-jackson\4.3.0\camel-jackson-4.3.0.jar;C:\Users\290679\.m2\repository\org\springframework\boot\spring-boot-starter-test\3.4.4\spring-boot-starter-test-3.4.4.jar;C:\Users\290679\.m2\repository\org\springframework\boot\spring-boot-test\3.4.4\spring-boot-test-3.4.4.jar;C:\Users\290679\.m2\repository\org\springframework\boot\spring-boot-test-autoconfigure\3.4.4\spring-boot-test-autoconfigure-3.4.4.jar;C:\Users\290679\.m2\repository\com\jayway\jsonpath\json-path\2.9.0\json-path-2.9.0.jar;C:\Users\290679\.m2\repository\jakarta\xml\bind\jakarta.xml.bind-api\4.0.2\jakarta.xml.bind-api-4.0.2.jar;C:\Users\290679\.m2\repository\jakarta\activation\jakarta.activation-api\2.1.3\jakarta.activation-api-2.1.3.jar;C:\Users\290679\.m2\repository\net\minidev\json-smart\2.5.2\json-smart-2.5.2.jar;C:\Users\290679\.m2\repository\net\minidev\accessors-smart\2.5.2\accessors-smart-2.5.2.jar;C:\Users\290679\.m2\repository\org\ow2\asm\asm\9.7.1\asm-9.7.1.jar;C:\Users\290679\.m2\repository\org\assertj\assertj-core\3.26.3\assertj-core-3.26.3.jar;C:\Users\290679\.m2\repository\net\bytebuddy\byte-buddy\1.15.11\byte-buddy-1.15.11.jar;C:\Users\290679\.m2\repository\org\awaitility\awaitility\4.2.2\awaitility-4.2.2.jar;C:\Users\290679\.m2\repository\org\hamcrest\hamcrest\2.2\hamcrest-2.2.jar;C:\Users\290679\.m2\repository\org\junit\jupiter\junit-jupiter\5.11.4\junit-jupiter-5.11.4.jar;C:\Users\290679\.m2\repository\org\junit\jupiter\junit-jupiter-api\5.11.4\junit-jupiter-api-5.11.4.jar;C:\Users\290679\.m2\repository\org\opentest4j\opentest4j\1.3.0\opentest4j-1.3.0.jar;C:\Users\290679\.m2\repository\org\junit\platform\junit-platform-commons\1.11.4\junit-platform-commons-1.11.4.jar;C:\Users\290679\.m2\repository\org\apiguardian\apiguardian-api\1.1.2\apiguardian-api-1.1.2.jar;C:\Users\290679\.m2\repository\org\junit\jupiter\junit-jupiter-params\5.11.4\junit-jupiter-params-5.11.4.jar;C:\Users\290679\.m2\repository\org\junit\jupiter\junit-jupiter-engine\5.11.4\junit-jupiter-engine-5.11.4.jar;C:\Users\290679\.m2\repository\org\junit\platform\junit-platform-engine\1.11.4\junit-platform-engine-1.11.4.jar;C:\Users\290679\.m2\repository\org\mockito\mockito-core\5.14.2\mockito-core-5.14.2.jar;C:\Users\290679\.m2\repository\net\bytebuddy\byte-buddy-agent\1.15.11\byte-buddy-agent-1.15.11.jar;C:\Users\290679\.m2\repository\org\objenesis\objenesis\3.3\objenesis-3.3.jar;C:\Users\290679\.m2\repository\org\mockito\mockito-junit-jupiter\5.14.2\mockito-junit-jupiter-5.14.2.jar;C:\Users\290679\.m2\repository\org\skyscreamer\jsonassert\1.5.3\jsonassert-1.5.3.jar;C:\Users\290679\.m2\repository\com\vaadin\external\google\android-json\0.0.20131108.vaadin1\android-json-0.0.20131108.vaadin1.jar;C:\Users\290679\.m2\repository\org\springframework\spring-core\6.2.5\spring-core-6.2.5.jar;C:\Users\290679\.m2\repository\org\springframework\spring-jcl\6.2.5\spring-jcl-6.2.5.jar;C:\Users\290679\.m2\repository\org\springframework\spring-test\6.2.5\spring-test-6.2.5.jar;C:\Users\290679\.m2\repository\org\xmlunit\xmlunit-core\2.10.0\xmlunit-core-2.10.0.jar;"/>
    <property name="sun.cpu.endian" value="little"/>
    <property name="user.home" value="C:\Users\290679"/>
    <property name="user.language" value="en"/>
    <property name="java.specification.vendor" value="Oracle Corporation"/>
    <property name="java.version.date" value="2024-01-16"/>
    <property name="java.home" value="C:\Program Files\Java\jdk-21.0.2"/>
    <property name="file.separator" value="\"/>
    <property name="basedir" value="C:\Users\290679\Desktop\mycart"/>
    <property name="java.vm.compressedOopsMode" value="Zero based"/>
    <property name="line.separator" value="&#10;"/>
    <property name="java.vm.specification.vendor" value="Oracle Corporation"/>
    <property name="java.specification.name" value="Java Platform API Specification"/>
    <property name="FILE_LOG_CHARSET" value="UTF-8"/>
    <property name="java.awt.headless" value="true"/>
    <property name="surefire.real.class.path" value="C:\Users\290679\AppData\Local\Temp\surefire8093797639090232975\surefirebooter-20250421171154447_3.jar"/>
    <property name="user.script" value=""/>
    <property name="sun.management.compiler" value="HotSpot 64-Bit Tiered Compilers"/>
    <property name="java.runtime.version" value="21.0.2+13-58"/>
    <property name="user.name" value="290679"/>
    <property name="stdout.encoding" value="Cp1252"/>
    <property name="path.separator" value=";"/>
    <property name="os.version" value="10.0"/>
    <property name="java.runtime.name" value="OpenJDK Runtime Environment"/>
    <property name="file.encoding" value="UTF-8"/>
    <property name="java.vm.name" value="OpenJDK 64-Bit Server VM"/>
    <property name="localRepository" value="C:\Users\290679\.m2\repository"/>
    <property name="java.vendor.url.bug" value="https://bugreport.java.com/bugreport/"/>
    <property name="java.io.tmpdir" value="C:\Users\290679\AppData\Local\Temp\"/>
    <property name="idea.version" value="2024.2.3"/>
    <property name="java.version" value="21.0.2"/>
    <property name="user.dir" value="C:\Users\290679\Desktop\mycart"/>
    <property name="os.arch" value="amd64"/>
    <property name="java.vm.specification.name" value="Java Virtual Machine Specification"/>
    <property name="PID" value="14188"/>
    <property name="sun.os.patch.level" value=""/>
    <property name="CONSOLE_LOG_CHARSET" value="UTF-8"/>
    <property name="native.encoding" value="Cp1252"/>
    <property name="java.library.path" value="C:\Program Files\Java\jdk-21.0.2\bin;C:\WINDOWS\Sun\Java\bin;C:\WINDOWS\system32;C:\WINDOWS;C:\ISHD\apache-maven-3.9.9-bin\apache-maven-3.9.9\bin;C:\WINDOWS\system32;C:\WINDOWS;C:\WINDOWS\System32\Wbem;C:\WINDOWS\System32\WindowsPowerShell\v1.0\;C:\WINDOWS\System32\OpenSSH\;C:\Program Files\Microsoft VS Code\bin;C:\Program Files\Java\jdk-21.0.2\bin;C:\Program Files\nodejs\;C:\Program Files\PuTTY\;C:\Users\290679\AppData\Local\Microsoft\WindowsApps;C:\Users\290679\AppData\Local\GitHubDesktop\bin;C:\Users\290679\AppData\Local\Programs\Git\cmd;C:\Users\290679\AppData\Roaming\npm;;."/>
    <property name="java.vm.info" value="mixed mode, sharing"/>
    <property name="stderr.encoding" value="Cp1252"/>
    <property name="java.vendor" value="Oracle Corporation"/>
    <property name="java.vm.version" value="21.0.2+13-58"/>
    <property name="sun.io.unicode.encoding" value="UnicodeLittle"/>
    <property name="java.class.version" value="65.0"/>
    <property name="LOGGED_APPLICATION_NAME" value="[mycart] "/>
  </properties>
  <testcase name="contextLoads" classname="com.mycart.mycart.MycartApplicationTests" time="0.022">
    <error message="Failed to load ApplicationContext for [WebMergedContextConfiguration@73db7df0 testClass = com.mycart.mycart.MycartApplicationTests, locations = [], classes = [com.mycart.mycart.MycartApplication], contextInitializerClasses = [], activeProfiles = [], propertySourceDescriptors = [], propertySourceProperties = [&quot;org.springframework.boot.test.context.SpringBootTestContextBootstrapper=true&quot;], contextCustomizers = [org.springframework.boot.test.context.filter.ExcludeFilterContextCustomizer@2f01783a, org.springframework.boot.test.json.DuplicateJsonObjectContextCustomizerFactory$DuplicateJsonObjectContextCustomizer@7ac296f6, org.springframework.boot.test.mock.mockito.MockitoContextCustomizer@0, org.springframework.boot.test.web.client.TestRestTemplateContextCustomizer@638ef7ed, org.springframework.boot.test.web.reactor.netty.DisableReactorResourceFactoryGlobalResourcesContextCustomizerFactory$DisableReactorResourceFactoryGlobalResourcesContextCustomizerCustomizer@70e38ce1, org.springframework.boot.test.autoconfigure.OnFailureConditionReportContextCustomizerFactory$OnFailureConditionReportContextCustomizer@1ebea008, org.springframework.boot.test.autoconfigure.actuate.observability.ObservabilityContextCustomizerFactory$DisableObservabilityContextCustomizer@1f, org.springframework.boot.test.autoconfigure.properties.PropertyMappingContextCustomizer@0, org.springframework.boot.test.autoconfigure.web.servlet.WebDriverContextCustomizer@19b89d4, org.springframework.test.context.support.DynamicPropertiesContextCustomizer@0, org.springframework.boot.test.context.SpringBootTestAnnotation@894ac3a0], resourceBasePath = &quot;src/main/webapp&quot;, contextLoader = org.springframework.boot.test.context.SpringBootContextLoader, parent = null]" type="java.lang.IllegalStateException"><![CDATA[java.lang.IllegalStateException: Failed to load ApplicationContext for [WebMergedContextConfiguration@73db7df0 testClass = com.mycart.mycart.MycartApplicationTests, locations = [], classes = [com.mycart.mycart.MycartApplication], contextInitializerClasses = [], activeProfiles = [], propertySourceDescriptors = [], propertySourceProperties = ["org.springframework.boot.test.context.SpringBootTestContextBootstrapper=true"], contextCustomizers = [org.springframework.boot.test.context.filter.ExcludeFilterContextCustomizer@2f01783a, org.springframework.boot.test.json.DuplicateJsonObjectContextCustomizerFactory$DuplicateJsonObjectContextCustomizer@7ac296f6, org.springframework.boot.test.mock.mockito.MockitoContextCustomizer@0, org.springframework.boot.test.web.client.TestRestTemplateContextCustomizer@638ef7ed, org.springframework.boot.test.web.reactor.netty.DisableReactorResourceFactoryGlobalResourcesContextCustomizerFactory$DisableReactorResourceFactoryGlobalResourcesContextCustomizerCustomizer@70e38ce1, org.springframework.boot.test.autoconfigure.OnFailureConditionReportContextCustomizerFactory$OnFailureConditionReportContextCustomizer@1ebea008, org.springframework.boot.test.autoconfigure.actuate.observability.ObservabilityContextCustomizerFactory$DisableObservabilityContextCustomizer@1f, org.springframework.boot.test.autoconfigure.properties.PropertyMappingContextCustomizer@0, org.springframework.boot.test.autoconfigure.web.servlet.WebDriverContextCustomizer@19b89d4, org.springframework.test.context.support.DynamicPropertiesContextCustomizer@0, org.springframework.boot.test.context.SpringBootTestAnnotation@894ac3a0], resourceBasePath = "src/main/webapp", contextLoader = org.springframework.boot.test.context.SpringBootContextLoader, parent = null]
	at org.springframework.test.context.cache.DefaultCacheAwareContextLoaderDelegate.loadContext(DefaultCacheAwareContextLoaderDelegate.java:180)
	at org.springframework.test.context.support.DefaultTestContext.getApplicationContext(DefaultTestContext.java:130)
	at org.springframework.test.context.web.ServletTestExecutionListener.setUpRequestContextIfNecessary(ServletTestExecutionListener.java:200)
	at org.springframework.test.context.web.ServletTestExecutionListener.prepareTestInstance(ServletTestExecutionListener.java:139)
	at org.springframework.test.context.TestContextManager.prepareTestInstance(TestContextManager.java:260)
	at org.springframework.test.context.junit.jupiter.SpringExtension.postProcessTestInstance(SpringExtension.java:160)
	at java.base/java.util.stream.ForEachOps$ForEachOp$OfRef.accept(ForEachOps.java:184)
	at java.base/java.util.stream.ReferencePipeline$3$1.accept(ReferencePipeline.java:197)
	at java.base/java.util.stream.ReferencePipeline$2$1.accept(ReferencePipeline.java:179)
	at java.base/java.util.stream.ReferencePipeline$3$1.accept(ReferencePipeline.java:197)
	at java.base/java.util.ArrayList$ArrayListSpliterator.forEachRemaining(ArrayList.java:1708)
	at java.base/java.util.stream.AbstractPipeline.copyInto(AbstractPipeline.java:509)
	at java.base/java.util.stream.AbstractPipeline.wrapAndCopyInto(AbstractPipeline.java:499)
	at java.base/java.util.stream.ForEachOps$ForEachOp.evaluateSequential(ForEachOps.java:151)
	at java.base/java.util.stream.ForEachOps$ForEachOp$OfRef.evaluateSequential(ForEachOps.java:174)
	at java.base/java.util.stream.AbstractPipeline.evaluate(AbstractPipeline.java:234)
	at java.base/java.util.stream.ReferencePipeline.forEach(ReferencePipeline.java:596)
	at java.base/java.util.Optional.orElseGet(Optional.java:364)
	at java.base/java.util.ArrayList.forEach(ArrayList.java:1596)
	at java.base/java.util.ArrayList.forEach(ArrayList.java:1596)
Caused by: org.apache.camel.FailedToCreateRouteException: Failed to create route route9 at: >>> To[activemq:queue:updateInventory] <<< in route: Route(route9)[From[direct:inventoryInput] -> [OnException[[j... because of Failed to resolve endpoint: activemq://queue:updateInventory due to: Username must also be provided when using username/password as credentials.
	at org.apache.camel.reifier.RouteReifier.doCreateRoute(RouteReifier.java:217)
	at org.apache.camel.reifier.RouteReifier.createRoute(RouteReifier.java:76)
	at org.apache.camel.impl.DefaultModelReifierFactory.createRoute(DefaultModelReifierFactory.java:49)
	at org.apache.camel.impl.DefaultCamelContext.startRouteDefinitions(DefaultCamelContext.java:724)
	at org.apache.camel.impl.DefaultCamelContext.startRouteDefinitions(DefaultCamelContext.java:590)
	at org.apache.camel.impl.engine.AbstractCamelContext.doInit(AbstractCamelContext.java:2364)
	at org.apache.camel.support.service.BaseService.init(BaseService.java:78)
	at org.apache.camel.impl.engine.AbstractCamelContext.init(AbstractCamelContext.java:2000)
	at org.apache.camel.support.service.BaseService.start(BaseService.java:105)
	at org.apache.camel.impl.engine.AbstractCamelContext.start(AbstractCamelContext.java:2019)
	at org.apache.camel.impl.DefaultCamelContext.start(DefaultCamelContext.java:208)
	at org.apache.camel.spring.SpringCamelContext.start(SpringCamelContext.java:119)
	at org.apache.camel.spring.SpringCamelContext.onApplicationEvent(SpringCamelContext.java:151)
	at org.springframework.context.event.SimpleApplicationEventMulticaster.doInvokeListener(SimpleApplicationEventMulticaster.java:185)
	at org.springframework.context.event.SimpleApplicationEventMulticaster.invokeListener(SimpleApplicationEventMulticaster.java:178)
	at org.springframework.context.event.SimpleApplicationEventMulticaster.multicastEvent(SimpleApplicationEventMulticaster.java:156)
	at org.springframework.context.support.AbstractApplicationContext.publishEvent(AbstractApplicationContext.java:454)
	at org.springframework.context.support.AbstractApplicationContext.publishEvent(AbstractApplicationContext.java:387)
	at org.springframework.context.support.AbstractApplicationContext.finishRefresh(AbstractApplicationContext.java:1009)
	at org.springframework.context.support.AbstractApplicationContext.refresh(AbstractApplicationContext.java:630)
	at org.springframework.boot.SpringApplication.refresh(SpringApplication.java:752)
	at org.springframework.boot.SpringApplication.refreshContext(SpringApplication.java:439)
	at org.springframework.boot.SpringApplication.run(SpringApplication.java:318)
	at org.springframework.boot.test.context.SpringBootContextLoader.lambda$loadContext$3(SpringBootContextLoader.java:144)
	at org.springframework.util.function.ThrowingSupplier.get(ThrowingSupplier.java:58)
	at org.springframework.util.function.ThrowingSupplier.get(ThrowingSupplier.java:46)
	at org.springframework.boot.SpringApplication.withHook(SpringApplication.java:1461)
	at org.springframework.boot.test.context.SpringBootContextLoader$ContextLoaderHook.run(SpringBootContextLoader.java:563)
	at org.springframework.boot.test.context.SpringBootContextLoader.loadContext(SpringBootContextLoader.java:144)
	at org.springframework.boot.test.context.SpringBootContextLoader.loadContext(SpringBootContextLoader.java:110)
	at org.springframework.test.context.cache.DefaultCacheAwareContextLoaderDelegate.loadContextInternal(DefaultCacheAwareContextLoaderDelegate.java:225)
	at org.springframework.test.context.cache.DefaultCacheAwareContextLoaderDelegate.loadContext(DefaultCacheAwareContextLoaderDelegate.java:152)
	... 19 more
Caused by: org.apache.camel.ResolveEndpointFailedException: Failed to resolve endpoint: activemq://queue:updateInventory due to: Username must also be provided when using username/password as credentials.
	at org.apache.camel.impl.engine.AbstractCamelContext.doGetEndpoint(AbstractCamelContext.java:845)
	at org.apache.camel.impl.engine.AbstractCamelContext.getEndpoint(AbstractCamelContext.java:745)
	at org.apache.camel.support.CamelContextHelper.resolveEndpoint(CamelContextHelper.java:123)
	at org.apache.camel.reifier.SendReifier.resolveEndpoint(SendReifier.java:45)
	at org.apache.camel.reifier.SendReifier.createProcessor(SendReifier.java:37)
	at org.apache.camel.reifier.ProcessorReifier.makeProcessor(ProcessorReifier.java:870)
	at org.apache.camel.reifier.ProcessorReifier.addRoutes(ProcessorReifier.java:610)
	at org.apache.camel.reifier.RouteReifier.doCreateRoute(RouteReifier.java:213)
	... 50 more
Caused by: java.lang.IllegalArgumentException: Username must also be provided when using username/password as credentials.
	at org.apache.camel.component.jms.JmsComponent.createEndpoint(JmsComponent.java:1162)
	at org.apache.camel.support.DefaultComponent.createEndpoint(DefaultComponent.java:170)
	at org.apache.camel.impl.engine.AbstractCamelContext.doGetEndpoint(AbstractCamelContext.java:811)
	... 57 more
]]></error>
    <system-out><![CDATA[17:11:56.027 [main] INFO org.springframework.test.context.support.AnnotationConfigContextLoaderUtils -- Could not detect default configuration classes for test class [com.mycart.mycart.MycartApplicationTests]: MycartApplicationTests does not declare any static, non-private, non-final, nested classes annotated with @Configuration.
17:11:56.245 [main] INFO org.springframework.boot.test.context.SpringBootTestContextBootstrapper -- Found @SpringBootConfiguration com.mycart.mycart.MycartApplication for test class com.mycart.mycart.MycartApplicationTests
17:11:56.550 [main] INFO org.springframework.boot.devtools.restart.RestartApplicationListener -- Restart disabled due to context in which it is running

  .   ____          _            __ _ _
 /\\ / ___'_ __ _ _(_)_ __  __ _ \ \ \ \
( ( )\___ | '_ | '_| | '_ \/ _` | \ \ \ \
 \\/  ___)| |_)| | | | | || (_| |  ) ) ) )
  '  |____| .__|_| |_|_| |_\__, | / / / /
 =========|_|==============|___/=/_/_/_/

 :: Spring Boot ::                (v3.4.4)

2025-04-21T17:11:56.869+05:30  INFO 14188 --- [mycart] [           main] c.mycart.mycart.MycartApplicationTests   : Starting MycartApplicationTests using Java 21.0.2 with PID 14188 (started by 290679 in C:\Users\290679\Desktop\mycart)
2025-04-21T17:11:56.871+05:30  INFO 14188 --- [mycart] [           main] c.mycart.mycart.MycartApplicationTests   : No active profile set, falling back to 1 default profile: "default"
2025-04-21T17:11:58.116+05:30  INFO 14188 --- [mycart] [           main] .s.d.r.c.RepositoryConfigurationDelegate : Bootstrapping Spring Data MongoDB repositories in DEFAULT mode.
2025-04-21T17:11:58.149+05:30  INFO 14188 --- [mycart] [           main] .s.d.r.c.RepositoryConfigurationDelegate : Finished Spring Data repository scanning in 23 ms. Found 0 MongoDB repository interfaces.
2025-04-21T17:11:58.777+05:30  INFO 14188 --- [mycart] [           main] o.a.camel.util.concurrent.ThreadType     : The type of thread detected is PLATFORM
2025-04-21T17:11:59.172+05:30  INFO 14188 --- [mycart] [           main] org.mongodb.driver.client                : MongoClient with metadata {"driver": {"name": "mongo-java-driver|sync", "version": "5.2.1"}, "os": {"type": "Windows", "name": "Windows 11", "architecture": "amd64", "version": "10.0"}, "platform": "Java/Oracle Corporation/21.0.2+13-58"} created with settings MongoClientSettings{readPreference=primary, writeConcern=WriteConcern{w=null, wTimeout=null ms, journal=null}, retryWrites=true, retryReads=true, readConcern=ReadConcern{level=null}, credential=null, transportSettings=null, commandListeners=[], codecRegistry=ProvidersCodecRegistry{codecProviders=[ValueCodecProvider{}, BsonValueCodecProvider{}, DBRefCodecProvider{}, DBObjectCodecProvider{}, DocumentCodecProvider{}, CollectionCodecProvider{}, IterableCodecProvider{}, MapCodecProvider{}, GeoJsonCodecProvider{}, GridFSFileCodecProvider{}, Jsr310CodecProvider{}, JsonObjectCodecProvider{}, BsonCodecProvider{}, EnumCodecProvider{}, com.mongodb.client.model.mql.ExpressionCodecProvider@5e385b6f, com.mongodb.Jep395RecordCodecProvider@67b560fe, com.mongodb.KotlinCodecProvider@45dde6ac]}, loggerSettings=LoggerSettings{maxDocumentLength=1000}, clusterSettings={hosts=[localhost:27017], srvServiceName=mongodb, mode=SINGLE, requiredClusterType=UNKNOWN, requiredReplicaSetName='null', serverSelector='null', clusterListeners='[]', serverSelectionTimeout='30000 ms', localThreshold='15 ms'}, socketSettings=SocketSettings{connectTimeoutMS=10000, readTimeoutMS=0, receiveBufferSize=0, proxySettings=ProxySettings{host=null, port=null, username=null, password=null}}, heartbeatSocketSettings=SocketSettings{connectTimeoutMS=10000, readTimeoutMS=10000, receiveBufferSize=0, proxySettings=ProxySettings{host=null, port=null, username=null, password=null}}, connectionPoolSettings=ConnectionPoolSettings{maxSize=100, minSize=0, maxWaitTimeMS=120000, maxConnectionLifeTimeMS=0, maxConnectionIdleTimeMS=0, maintenanceInitialDelayMS=0, maintenanceFrequencyMS=60000, connectionPoolListeners=[], maxConnecting=2}, serverSettings=ServerSettings{heartbeatFrequencyMS=10000, minHeartbeatFrequencyMS=500, serverMonitoringMode=AUTO, serverListeners='[]', serverMonitorListeners='[]'}, sslSettings=SslSettings{enabled=false, invalidHostNameAllowed=false, context=null}, applicationName='null', compressorList=[], uuidRepresentation=UNSPECIFIED, serverApi=null, autoEncryptionSettings=null, dnsClient=null, inetAddressResolver=null, contextProvider=null, timeoutMS=null}
2025-04-21T17:11:59.241+05:30  INFO 14188 --- [mycart] [localhost:27017] org.mongodb.driver.cluster               : Monitor thread successfully connected to server with description ServerDescription{address=localhost:27017, type=STANDALONE, cryptd=false, state=CONNECTED, ok=true, minWireVersion=0, maxWireVersion=25, maxDocumentSize=16777216, logicalSessionTimeoutMinutes=30, roundTripTimeNanos=47070100, minRoundTripTimeNanos=0}
2025-04-21T17:12:01.137+05:30  INFO 14188 --- [mycart] [           main] o.a.c.support.LifecycleStrategySupport   : Autowired property: mongoConnection on component: mongodb as exactly one instance of type: com.mongodb.client.MongoClient (com.mongodb.client.internal.MongoClientImpl) found in the registry
2025-04-21T17:12:01.302+05:30  WARN 14188 --- [mycart] [           main] o.s.w.c.s.GenericWebApplicationContext   : Exception encountered during context initialization - cancelling refresh attempt: org.apache.camel.FailedToCreateRouteException: Failed to create route route9 at: >>> To[activemq:queue:updateInventory] <<< in route: Route(route9)[From[direct:inventoryInput] -> [OnException[[j... because of Failed to resolve endpoint: activemq://queue:updateInventory due to: Username must also be provided when using username/password as credentials.
2025-04-21T17:12:01.331+05:30  INFO 14188 --- [mycart] [           main] .s.b.a.l.ConditionEvaluationReportLogger : 

Error starting ApplicationContext. To display the condition evaluation report re-run your application with 'debug' enabled.
2025-04-21T17:12:01.379+05:30 ERROR 14188 --- [mycart] [           main] o.s.boot.SpringApplication               : Application run failed

org.apache.camel.FailedToCreateRouteException: Failed to create route route9 at: >>> To[activemq:queue:updateInventory] <<< in route: Route(route9)[From[direct:inventoryInput] -> [OnException[[j... because of Failed to resolve endpoint: activemq://queue:updateInventory due to: Username must also be provided when using username/password as credentials.
	at org.apache.camel.reifier.RouteReifier.doCreateRoute(RouteReifier.java:217) ~[camel-core-reifier-4.3.0.jar:4.3.0]
	at org.apache.camel.reifier.RouteReifier.createRoute(RouteReifier.java:76) ~[camel-core-reifier-4.3.0.jar:4.3.0]
	at org.apache.camel.impl.DefaultModelReifierFactory.createRoute(DefaultModelReifierFactory.java:49) ~[camel-core-engine-4.3.0.jar:4.3.0]
	at org.apache.camel.impl.DefaultCamelContext.startRouteDefinitions(DefaultCamelContext.java:724) ~[camel-core-engine-4.3.0.jar:4.3.0]
	at org.apache.camel.impl.DefaultCamelContext.startRouteDefinitions(DefaultCamelContext.java:590) ~[camel-core-engine-4.3.0.jar:4.3.0]
	at org.apache.camel.impl.engine.AbstractCamelContext.doInit(AbstractCamelContext.java:2364) ~[camel-base-engine-4.3.0.jar:4.3.0]
	at org.apache.camel.support.service.BaseService.init(BaseService.java:78) ~[camel-api-4.3.0.jar:4.3.0]
	at org.apache.camel.impl.engine.AbstractCamelContext.init(AbstractCamelContext.java:2000) ~[camel-base-engine-4.3.0.jar:4.3.0]
	at org.apache.camel.support.service.BaseService.start(BaseService.java:105) ~[camel-api-4.3.0.jar:4.3.0]
	at org.apache.camel.impl.engine.AbstractCamelContext.start(AbstractCamelContext.java:2019) ~[camel-base-engine-4.3.0.jar:4.3.0]
	at org.apache.camel.impl.DefaultCamelContext.start(DefaultCamelContext.java:208) ~[camel-core-engine-4.3.0.jar:4.3.0]
	at org.apache.camel.spring.SpringCamelContext.start(SpringCamelContext.java:119) ~[camel-spring-4.3.0.jar:4.3.0]
	at org.apache.camel.spring.SpringCamelContext.onApplicationEvent(SpringCamelContext.java:151) ~[camel-spring-4.3.0.jar:4.3.0]
	at org.springframework.context.event.SimpleApplicationEventMulticaster.doInvokeListener(SimpleApplicationEventMulticaster.java:185) ~[spring-context-6.2.5.jar:6.2.5]
	at org.springframework.context.event.SimpleApplicationEventMulticaster.invokeListener(SimpleApplicationEventMulticaster.java:178) ~[spring-context-6.2.5.jar:6.2.5]
	at org.springframework.context.event.SimpleApplicationEventMulticaster.multicastEvent(SimpleApplicationEventMulticaster.java:156) ~[spring-context-6.2.5.jar:6.2.5]
	at org.springframework.context.support.AbstractApplicationContext.publishEvent(AbstractApplicationContext.java:454) ~[spring-context-6.2.5.jar:6.2.5]
	at org.springframework.context.support.AbstractApplicationContext.publishEvent(AbstractApplicationContext.java:387) ~[spring-context-6.2.5.jar:6.2.5]
	at org.springframework.context.support.AbstractApplicationContext.finishRefresh(AbstractApplicationContext.java:1009) ~[spring-context-6.2.5.jar:6.2.5]
	at org.springframework.context.support.AbstractApplicationContext.refresh(AbstractApplicationContext.java:630) ~[spring-context-6.2.5.jar:6.2.5]
	at org.springframework.boot.SpringApplication.refresh(SpringApplication.java:752) ~[spring-boot-3.4.4.jar:3.4.4]
	at org.springframework.boot.SpringApplication.refreshContext(SpringApplication.java:439) ~[spring-boot-3.4.4.jar:3.4.4]
	at org.springframework.boot.SpringApplication.run(SpringApplication.java:318) ~[spring-boot-3.4.4.jar:3.4.4]
	at org.springframework.boot.test.context.SpringBootContextLoader.lambda$loadContext$3(SpringBootContextLoader.java:144) ~[spring-boot-test-3.4.4.jar:3.4.4]
	at org.springframework.util.function.ThrowingSupplier.get(ThrowingSupplier.java:58) ~[spring-core-6.2.5.jar:6.2.5]
	at org.springframework.util.function.ThrowingSupplier.get(ThrowingSupplier.java:46) ~[spring-core-6.2.5.jar:6.2.5]
	at org.springframework.boot.SpringApplication.withHook(SpringApplication.java:1461) ~[spring-boot-3.4.4.jar:3.4.4]
	at org.springframework.boot.test.context.SpringBootContextLoader$ContextLoaderHook.run(SpringBootContextLoader.java:563) ~[spring-boot-test-3.4.4.jar:3.4.4]
	at org.springframework.boot.test.context.SpringBootContextLoader.loadContext(SpringBootContextLoader.java:144) ~[spring-boot-test-3.4.4.jar:3.4.4]
	at org.springframework.boot.test.context.SpringBootContextLoader.loadContext(SpringBootContextLoader.java:110) ~[spring-boot-test-3.4.4.jar:3.4.4]
	at org.springframework.test.context.cache.DefaultCacheAwareContextLoaderDelegate.loadContextInternal(DefaultCacheAwareContextLoaderDelegate.java:225) ~[spring-test-6.2.5.jar:6.2.5]
	at org.springframework.test.context.cache.DefaultCacheAwareContextLoaderDelegate.loadContext(DefaultCacheAwareContextLoaderDelegate.java:152) ~[spring-test-6.2.5.jar:6.2.5]
	at org.springframework.test.context.support.DefaultTestContext.getApplicationContext(DefaultTestContext.java:130) ~[spring-test-6.2.5.jar:6.2.5]
	at org.springframework.test.context.web.ServletTestExecutionListener.setUpRequestContextIfNecessary(ServletTestExecutionListener.java:200) ~[spring-test-6.2.5.jar:6.2.5]
	at org.springframework.test.context.web.ServletTestExecutionListener.prepareTestInstance(ServletTestExecutionListener.java:139) ~[spring-test-6.2.5.jar:6.2.5]
	at org.springframework.test.context.TestContextManager.prepareTestInstance(TestContextManager.java:260) ~[spring-test-6.2.5.jar:6.2.5]
	at org.springframework.test.context.junit.jupiter.SpringExtension.postProcessTestInstance(SpringExtension.java:160) ~[spring-test-6.2.5.jar:6.2.5]
	at org.junit.jupiter.engine.descriptor.ClassBasedTestDescriptor.lambda$invokeTestInstancePostProcessors$11(ClassBasedTestDescriptor.java:378) ~[junit-jupiter-engine-5.11.4.jar:5.11.4]
	at org.junit.jupiter.engine.descriptor.ClassBasedTestDescriptor.executeAndMaskThrowable(ClassBasedTestDescriptor.java:383) ~[junit-jupiter-engine-5.11.4.jar:5.11.4]
	at org.junit.jupiter.engine.descriptor.ClassBasedTestDescriptor.lambda$invokeTestInstancePostProcessors$12(ClassBasedTestDescriptor.java:378) ~[junit-jupiter-engine-5.11.4.jar:5.11.4]
	at java.base/java.util.stream.ForEachOps$ForEachOp$OfRef.accept(ForEachOps.java:184) ~[na:na]
	at java.base/java.util.stream.ReferencePipeline$3$1.accept(ReferencePipeline.java:197) ~[na:na]
	at java.base/java.util.stream.ReferencePipeline$2$1.accept(ReferencePipeline.java:179) ~[na:na]
	at java.base/java.util.stream.ReferencePipeline$3$1.accept(ReferencePipeline.java:197) ~[na:na]
	at java.base/java.util.ArrayList$ArrayListSpliterator.forEachRemaining(ArrayList.java:1708) ~[na:na]
	at java.base/java.util.stream.AbstractPipeline.copyInto(AbstractPipeline.java:509) ~[na:na]
	at java.base/java.util.stream.AbstractPipeline.wrapAndCopyInto(AbstractPipeline.java:499) ~[na:na]
	at java.base/java.util.stream.ForEachOps$ForEachOp.evaluateSequential(ForEachOps.java:151) ~[na:na]
	at java.base/java.util.stream.ForEachOps$ForEachOp$OfRef.evaluateSequential(ForEachOps.java:174) ~[na:na]
	at java.base/java.util.stream.AbstractPipeline.evaluate(AbstractPipeline.java:234) ~[na:na]
	at java.base/java.util.stream.ReferencePipeline.forEach(ReferencePipeline.java:596) ~[na:na]
	at org.junit.jupiter.engine.descriptor.ClassBasedTestDescriptor.invokeTestInstancePostProcessors(ClassBasedTestDescriptor.java:377) ~[junit-jupiter-engine-5.11.4.jar:5.11.4]
	at org.junit.jupiter.engine.descriptor.ClassBasedTestDescriptor.lambda$instantiateAndPostProcessTestInstance$7(ClassBasedTestDescriptor.java:290) ~[junit-jupiter-engine-5.11.4.jar:5.11.4]
	at org.junit.platform.engine.support.hierarchical.ThrowableCollector.execute(ThrowableCollector.java:73) ~[junit-platform-engine-1.11.4.jar:1.11.4]
	at org.junit.jupiter.engine.descriptor.ClassBasedTestDescriptor.instantiateAndPostProcessTestInstance(ClassBasedTestDescriptor.java:289) ~[junit-jupiter-engine-5.11.4.jar:5.11.4]
	at org.junit.jupiter.engine.descriptor.ClassBasedTestDescriptor.lambda$testInstancesProvider$5(ClassBasedTestDescriptor.java:279) ~[junit-jupiter-engine-5.11.4.jar:5.11.4]
	at java.base/java.util.Optional.orElseGet(Optional.java:364) ~[na:na]
	at org.junit.jupiter.engine.descriptor.ClassBasedTestDescriptor.lambda$testInstancesProvider$6(ClassBasedTestDescriptor.java:278) ~[junit-jupiter-engine-5.11.4.jar:5.11.4]
	at org.junit.jupiter.engine.execution.TestInstancesProvider.getTestInstances(TestInstancesProvider.java:31) ~[junit-jupiter-engine-5.11.4.jar:5.11.4]
	at org.junit.jupiter.engine.descriptor.TestMethodTestDescriptor.lambda$prepare$1(TestMethodTestDescriptor.java:105) ~[junit-jupiter-engine-5.11.4.jar:5.11.4]
	at org.junit.platform.engine.support.hierarchical.ThrowableCollector.execute(ThrowableCollector.java:73) ~[junit-platform-engine-1.11.4.jar:1.11.4]
	at org.junit.jupiter.engine.descriptor.TestMethodTestDescriptor.prepare(TestMethodTestDescriptor.java:104) ~[junit-jupiter-engine-5.11.4.jar:5.11.4]
	at org.junit.jupiter.engine.descriptor.TestMethodTestDescriptor.prepare(TestMethodTestDescriptor.java:68) ~[junit-jupiter-engine-5.11.4.jar:5.11.4]
	at org.junit.platform.engine.support.hierarchical.NodeTestTask.lambda$prepare$2(NodeTestTask.java:128) ~[junit-platform-engine-1.11.4.jar:1.11.4]
	at org.junit.platform.engine.support.hierarchical.ThrowableCollector.execute(ThrowableCollector.java:73) ~[junit-platform-engine-1.11.4.jar:1.11.4]
	at org.junit.platform.engine.support.hierarchical.NodeTestTask.prepare(NodeTestTask.java:128) ~[junit-platform-engine-1.11.4.jar:1.11.4]
	at org.junit.platform.engine.support.hierarchical.NodeTestTask.execute(NodeTestTask.java:95) ~[junit-platform-engine-1.11.4.jar:1.11.4]
	at java.base/java.util.ArrayList.forEach(ArrayList.java:1596) ~[na:na]
	at org.junit.platform.engine.support.hierarchical.SameThreadHierarchicalTestExecutorService.invokeAll(SameThreadHierarchicalTestExecutorService.java:41) ~[junit-platform-engine-1.11.4.jar:1.11.4]
	at org.junit.platform.engine.support.hierarchical.NodeTestTask.lambda$executeRecursively$6(NodeTestTask.java:160) ~[junit-platform-engine-1.11.4.jar:1.11.4]
	at org.junit.platform.engine.support.hierarchical.ThrowableCollector.execute(ThrowableCollector.java:73) ~[junit-platform-engine-1.11.4.jar:1.11.4]
	at org.junit.platform.engine.support.hierarchical.NodeTestTask.lambda$executeRecursively$8(NodeTestTask.java:146) ~[junit-platform-engine-1.11.4.jar:1.11.4]
	at org.junit.platform.engine.support.hierarchical.Node.around(Node.java:137) ~[junit-platform-engine-1.11.4.jar:1.11.4]
	at org.junit.platform.engine.support.hierarchical.NodeTestTask.lambda$executeRecursively$9(NodeTestTask.java:144) ~[junit-platform-engine-1.11.4.jar:1.11.4]
	at org.junit.platform.engine.support.hierarchical.ThrowableCollector.execute(ThrowableCollector.java:73) ~[junit-platform-engine-1.11.4.jar:1.11.4]
	at org.junit.platform.engine.support.hierarchical.NodeTestTask.executeRecursively(NodeTestTask.java:143) ~[junit-platform-engine-1.11.4.jar:1.11.4]
	at org.junit.platform.engine.support.hierarchical.NodeTestTask.execute(NodeTestTask.java:100) ~[junit-platform-engine-1.11.4.jar:1.11.4]
	at java.base/java.util.ArrayList.forEach(ArrayList.java:1596) ~[na:na]
	at org.junit.platform.engine.support.hierarchical.SameThreadHierarchicalTestExecutorService.invokeAll(SameThreadHierarchicalTestExecutorService.java:41) ~[junit-platform-engine-1.11.4.jar:1.11.4]
	at org.junit.platform.engine.support.hierarchical.NodeTestTask.lambda$executeRecursively$6(NodeTestTask.java:160) ~[junit-platform-engine-1.11.4.jar:1.11.4]
	at org.junit.platform.engine.support.hierarchical.ThrowableCollector.execute(ThrowableCollector.java:73) ~[junit-platform-engine-1.11.4.jar:1.11.4]
	at org.junit.platform.engine.support.hierarchical.NodeTestTask.lambda$executeRecursively$8(NodeTestTask.java:146) ~[junit-platform-engine-1.11.4.jar:1.11.4]
	at org.junit.platform.engine.support.hierarchical.Node.around(Node.java:137) ~[junit-platform-engine-1.11.4.jar:1.11.4]
	at org.junit.platform.engine.support.hierarchical.NodeTestTask.lambda$executeRecursively$9(NodeTestTask.java:144) ~[junit-platform-engine-1.11.4.jar:1.11.4]
	at org.junit.platform.engine.support.hierarchical.ThrowableCollector.execute(ThrowableCollector.java:73) ~[junit-platform-engine-1.11.4.jar:1.11.4]
	at org.junit.platform.engine.support.hierarchical.NodeTestTask.executeRecursively(NodeTestTask.java:143) ~[junit-platform-engine-1.11.4.jar:1.11.4]
	at org.junit.platform.engine.support.hierarchical.NodeTestTask.execute(NodeTestTask.java:100) ~[junit-platform-engine-1.11.4.jar:1.11.4]
	at org.junit.platform.engine.support.hierarchical.SameThreadHierarchicalTestExecutorService.submit(SameThreadHierarchicalTestExecutorService.java:35) ~[junit-platform-engine-1.11.4.jar:1.11.4]
	at org.junit.platform.engine.support.hierarchical.HierarchicalTestExecutor.execute(HierarchicalTestExecutor.java:57) ~[junit-platform-engine-1.11.4.jar:1.11.4]
	at org.junit.platform.engine.support.hierarchical.HierarchicalTestEngine.execute(HierarchicalTestEngine.java:54) ~[junit-platform-engine-1.11.4.jar:1.11.4]
	at org.junit.platform.launcher.core.EngineExecutionOrchestrator.execute(EngineExecutionOrchestrator.java:198) ~[junit-platform-launcher-1.11.4.jar:1.11.4]
	at org.junit.platform.launcher.core.EngineExecutionOrchestrator.execute(EngineExecutionOrchestrator.java:169) ~[junit-platform-launcher-1.11.4.jar:1.11.4]
	at org.junit.platform.launcher.core.EngineExecutionOrchestrator.execute(EngineExecutionOrchestrator.java:93) ~[junit-platform-launcher-1.11.4.jar:1.11.4]
	at org.junit.platform.launcher.core.EngineExecutionOrchestrator.lambda$execute$0(EngineExecutionOrchestrator.java:58) ~[junit-platform-launcher-1.11.4.jar:1.11.4]
	at org.junit.platform.launcher.core.EngineExecutionOrchestrator.withInterceptedStreams(EngineExecutionOrchestrator.java:141) ~[junit-platform-launcher-1.11.4.jar:1.11.4]
	at org.junit.platform.launcher.core.EngineExecutionOrchestrator.execute(EngineExecutionOrchestrator.java:57) ~[junit-platform-launcher-1.11.4.jar:1.11.4]
	at org.junit.platform.launcher.core.DefaultLauncher.execute(DefaultLauncher.java:103) ~[junit-platform-launcher-1.11.4.jar:1.11.4]
	at org.junit.platform.launcher.core.DefaultLauncher.execute(DefaultLauncher.java:85) ~[junit-platform-launcher-1.11.4.jar:1.11.4]
	at org.junit.platform.launcher.core.DelegatingLauncher.execute(DelegatingLauncher.java:47) ~[junit-platform-launcher-1.11.4.jar:1.11.4]
	at org.apache.maven.surefire.junitplatform.LazyLauncher.execute(LazyLauncher.java:56) ~[surefire-junit-platform-3.5.2.jar:3.5.2]
	at org.apache.maven.surefire.junitplatform.JUnitPlatformProvider.execute(JUnitPlatformProvider.java:184) ~[surefire-junit-platform-3.5.2.jar:3.5.2]
	at org.apache.maven.surefire.junitplatform.JUnitPlatformProvider.invokeAllTests(JUnitPlatformProvider.java:148) ~[surefire-junit-platform-3.5.2.jar:3.5.2]
	at org.apache.maven.surefire.junitplatform.JUnitPlatformProvider.invoke(JUnitPlatformProvider.java:122) ~[surefire-junit-platform-3.5.2.jar:3.5.2]
	at org.apache.maven.surefire.booter.ForkedBooter.runSuitesInProcess(ForkedBooter.java:385) ~[surefire-booter-3.5.2.jar:3.5.2]
	at org.apache.maven.surefire.booter.ForkedBooter.execute(ForkedBooter.java:162) ~[surefire-booter-3.5.2.jar:3.5.2]
	at org.apache.maven.surefire.booter.ForkedBooter.run(ForkedBooter.java:507) ~[surefire-booter-3.5.2.jar:3.5.2]
	at org.apache.maven.surefire.booter.ForkedBooter.main(ForkedBooter.java:495) ~[surefire-booter-3.5.2.jar:3.5.2]
Caused by: org.apache.camel.ResolveEndpointFailedException: Failed to resolve endpoint: activemq://queue:updateInventory due to: Username must also be provided when using username/password as credentials.
	at org.apache.camel.impl.engine.AbstractCamelContext.doGetEndpoint(AbstractCamelContext.java:845) ~[camel-base-engine-4.3.0.jar:4.3.0]
	at org.apache.camel.impl.engine.AbstractCamelContext.getEndpoint(AbstractCamelContext.java:745) ~[camel-base-engine-4.3.0.jar:4.3.0]
	at org.apache.camel.support.CamelContextHelper.resolveEndpoint(CamelContextHelper.java:123) ~[camel-support-4.3.0.jar:4.3.0]
	at org.apache.camel.reifier.SendReifier.resolveEndpoint(SendReifier.java:45) ~[camel-core-reifier-4.3.0.jar:4.3.0]
	at org.apache.camel.reifier.SendReifier.createProcessor(SendReifier.java:37) ~[camel-core-reifier-4.3.0.jar:4.3.0]
	at org.apache.camel.reifier.ProcessorReifier.makeProcessor(ProcessorReifier.java:870) ~[camel-core-reifier-4.3.0.jar:4.3.0]
	at org.apache.camel.reifier.ProcessorReifier.addRoutes(ProcessorReifier.java:610) ~[camel-core-reifier-4.3.0.jar:4.3.0]
	at org.apache.camel.reifier.RouteReifier.doCreateRoute(RouteReifier.java:213) ~[camel-core-reifier-4.3.0.jar:4.3.0]
	... 106 common frames omitted
Caused by: java.lang.IllegalArgumentException: Username must also be provided when using username/password as credentials.
	at org.apache.camel.component.jms.JmsComponent.createEndpoint(JmsComponent.java:1162) ~[camel-jms-4.3.0.jar:4.3.0]
	at org.apache.camel.support.DefaultComponent.createEndpoint(DefaultComponent.java:170) ~[camel-support-4.3.0.jar:4.3.0]
	at org.apache.camel.impl.engine.AbstractCamelContext.doGetEndpoint(AbstractCamelContext.java:811) ~[camel-base-engine-4.3.0.jar:4.3.0]
	... 113 common frames omitted

2025-04-21T17:12:01.394+05:30  WARN 14188 --- [mycart] [           main] o.s.test.context.TestContextManager      : Caught exception while allowing TestExecutionListener [org.springframework.test.context.web.ServletTestExecutionListener] to prepare test instance [com.mycart.mycart.MycartApplicationTests@44a485bc]

java.lang.IllegalStateException: Failed to load ApplicationContext for [WebMergedContextConfiguration@73db7df0 testClass = com.mycart.mycart.MycartApplicationTests, locations = [], classes = [com.mycart.mycart.MycartApplication], contextInitializerClasses = [], activeProfiles = [], propertySourceDescriptors = [], propertySourceProperties = ["org.springframework.boot.test.context.SpringBootTestContextBootstrapper=true"], contextCustomizers = [org.springframework.boot.test.context.filter.ExcludeFilterContextCustomizer@2f01783a, org.springframework.boot.test.json.DuplicateJsonObjectContextCustomizerFactory$DuplicateJsonObjectContextCustomizer@7ac296f6, org.springframework.boot.test.mock.mockito.MockitoContextCustomizer@0, org.springframework.boot.test.web.client.TestRestTemplateContextCustomizer@638ef7ed, org.springframework.boot.test.web.reactor.netty.DisableReactorResourceFactoryGlobalResourcesContextCustomizerFactory$DisableReactorResourceFactoryGlobalResourcesContextCustomizerCustomizer@70e38ce1, org.springframework.boot.test.autoconfigure.OnFailureConditionReportContextCustomizerFactory$OnFailureConditionReportContextCustomizer@1ebea008, org.springframework.boot.test.autoconfigure.actuate.observability.ObservabilityContextCustomizerFactory$DisableObservabilityContextCustomizer@1f, org.springframework.boot.test.autoconfigure.properties.PropertyMappingContextCustomizer@0, org.springframework.boot.test.autoconfigure.web.servlet.WebDriverContextCustomizer@19b89d4, org.springframework.test.context.support.DynamicPropertiesContextCustomizer@0, org.springframework.boot.test.context.SpringBootTestAnnotation@894ac3a0], resourceBasePath = "src/main/webapp", contextLoader = org.springframework.boot.test.context.SpringBootContextLoader, parent = null]
	at org.springframework.test.context.cache.DefaultCacheAwareContextLoaderDelegate.loadContext(DefaultCacheAwareContextLoaderDelegate.java:180) ~[spring-test-6.2.5.jar:6.2.5]
	at org.springframework.test.context.support.DefaultTestContext.getApplicationContext(DefaultTestContext.java:130) ~[spring-test-6.2.5.jar:6.2.5]
	at org.springframework.test.context.web.ServletTestExecutionListener.setUpRequestContextIfNecessary(ServletTestExecutionListener.java:200) ~[spring-test-6.2.5.jar:6.2.5]
	at org.springframework.test.context.web.ServletTestExecutionListener.prepareTestInstance(ServletTestExecutionListener.java:139) ~[spring-test-6.2.5.jar:6.2.5]
	at org.springframework.test.context.TestContextManager.prepareTestInstance(TestContextManager.java:260) ~[spring-test-6.2.5.jar:6.2.5]
	at org.springframework.test.context.junit.jupiter.SpringExtension.postProcessTestInstance(SpringExtension.java:160) ~[spring-test-6.2.5.jar:6.2.5]
	at org.junit.jupiter.engine.descriptor.ClassBasedTestDescriptor.lambda$invokeTestInstancePostProcessors$11(ClassBasedTestDescriptor.java:378) ~[junit-jupiter-engine-5.11.4.jar:5.11.4]
	at org.junit.jupiter.engine.descriptor.ClassBasedTestDescriptor.executeAndMaskThrowable(ClassBasedTestDescriptor.java:383) ~[junit-jupiter-engine-5.11.4.jar:5.11.4]
	at org.junit.jupiter.engine.descriptor.ClassBasedTestDescriptor.lambda$invokeTestInstancePostProcessors$12(ClassBasedTestDescriptor.java:378) ~[junit-jupiter-engine-5.11.4.jar:5.11.4]
	at java.base/java.util.stream.ForEachOps$ForEachOp$OfRef.accept(ForEachOps.java:184) ~[na:na]
	at java.base/java.util.stream.ReferencePipeline$3$1.accept(ReferencePipeline.java:197) ~[na:na]
	at java.base/java.util.stream.ReferencePipeline$2$1.accept(ReferencePipeline.java:179) ~[na:na]
	at java.base/java.util.stream.ReferencePipeline$3$1.accept(ReferencePipeline.java:197) ~[na:na]
	at java.base/java.util.ArrayList$ArrayListSpliterator.forEachRemaining(ArrayList.java:1708) ~[na:na]
	at java.base/java.util.stream.AbstractPipeline.copyInto(AbstractPipeline.java:509) ~[na:na]
	at java.base/java.util.stream.AbstractPipeline.wrapAndCopyInto(AbstractPipeline.java:499) ~[na:na]
	at java.base/java.util.stream.ForEachOps$ForEachOp.evaluateSequential(ForEachOps.java:151) ~[na:na]
	at java.base/java.util.stream.ForEachOps$ForEachOp$OfRef.evaluateSequential(ForEachOps.java:174) ~[na:na]
	at java.base/java.util.stream.AbstractPipeline.evaluate(AbstractPipeline.java:234) ~[na:na]
	at java.base/java.util.stream.ReferencePipeline.forEach(ReferencePipeline.java:596) ~[na:na]
	at org.junit.jupiter.engine.descriptor.ClassBasedTestDescriptor.invokeTestInstancePostProcessors(ClassBasedTestDescriptor.java:377) ~[junit-jupiter-engine-5.11.4.jar:5.11.4]
	at org.junit.jupiter.engine.descriptor.ClassBasedTestDescriptor.lambda$instantiateAndPostProcessTestInstance$7(ClassBasedTestDescriptor.java:290) ~[junit-jupiter-engine-5.11.4.jar:5.11.4]
	at org.junit.platform.engine.support.hierarchical.ThrowableCollector.execute(ThrowableCollector.java:73) ~[junit-platform-engine-1.11.4.jar:1.11.4]
	at org.junit.jupiter.engine.descriptor.ClassBasedTestDescriptor.instantiateAndPostProcessTestInstance(ClassBasedTestDescriptor.java:289) ~[junit-jupiter-engine-5.11.4.jar:5.11.4]
	at org.junit.jupiter.engine.descriptor.ClassBasedTestDescriptor.lambda$testInstancesProvider$5(ClassBasedTestDescriptor.java:279) ~[junit-jupiter-engine-5.11.4.jar:5.11.4]
	at java.base/java.util.Optional.orElseGet(Optional.java:364) ~[na:na]
	at org.junit.jupiter.engine.descriptor.ClassBasedTestDescriptor.lambda$testInstancesProvider$6(ClassBasedTestDescriptor.java:278) ~[junit-jupiter-engine-5.11.4.jar:5.11.4]
	at org.junit.jupiter.engine.execution.TestInstancesProvider.getTestInstances(TestInstancesProvider.java:31) ~[junit-jupiter-engine-5.11.4.jar:5.11.4]
	at org.junit.jupiter.engine.descriptor.TestMethodTestDescriptor.lambda$prepare$1(TestMethodTestDescriptor.java:105) ~[junit-jupiter-engine-5.11.4.jar:5.11.4]
	at org.junit.platform.engine.support.hierarchical.ThrowableCollector.execute(ThrowableCollector.java:73) ~[junit-platform-engine-1.11.4.jar:1.11.4]
	at org.junit.jupiter.engine.descriptor.TestMethodTestDescriptor.prepare(TestMethodTestDescriptor.java:104) ~[junit-jupiter-engine-5.11.4.jar:5.11.4]
	at org.junit.jupiter.engine.descriptor.TestMethodTestDescriptor.prepare(TestMethodTestDescriptor.java:68) ~[junit-jupiter-engine-5.11.4.jar:5.11.4]
	at org.junit.platform.engine.support.hierarchical.NodeTestTask.lambda$prepare$2(NodeTestTask.java:128) ~[junit-platform-engine-1.11.4.jar:1.11.4]
	at org.junit.platform.engine.support.hierarchical.ThrowableCollector.execute(ThrowableCollector.java:73) ~[junit-platform-engine-1.11.4.jar:1.11.4]
	at org.junit.platform.engine.support.hierarchical.NodeTestTask.prepare(NodeTestTask.java:128) ~[junit-platform-engine-1.11.4.jar:1.11.4]
	at org.junit.platform.engine.support.hierarchical.NodeTestTask.execute(NodeTestTask.java:95) ~[junit-platform-engine-1.11.4.jar:1.11.4]
	at java.base/java.util.ArrayList.forEach(ArrayList.java:1596) ~[na:na]
	at org.junit.platform.engine.support.hierarchical.SameThreadHierarchicalTestExecutorService.invokeAll(SameThreadHierarchicalTestExecutorService.java:41) ~[junit-platform-engine-1.11.4.jar:1.11.4]
	at org.junit.platform.engine.support.hierarchical.NodeTestTask.lambda$executeRecursively$6(NodeTestTask.java:160) ~[junit-platform-engine-1.11.4.jar:1.11.4]
	at org.junit.platform.engine.support.hierarchical.ThrowableCollector.execute(ThrowableCollector.java:73) ~[junit-platform-engine-1.11.4.jar:1.11.4]
	at org.junit.platform.engine.support.hierarchical.NodeTestTask.lambda$executeRecursively$8(NodeTestTask.java:146) ~[junit-platform-engine-1.11.4.jar:1.11.4]
	at org.junit.platform.engine.support.hierarchical.Node.around(Node.java:137) ~[junit-platform-engine-1.11.4.jar:1.11.4]
	at org.junit.platform.engine.support.hierarchical.NodeTestTask.lambda$executeRecursively$9(NodeTestTask.java:144) ~[junit-platform-engine-1.11.4.jar:1.11.4]
	at org.junit.platform.engine.support.hierarchical.ThrowableCollector.execute(ThrowableCollector.java:73) ~[junit-platform-engine-1.11.4.jar:1.11.4]
	at org.junit.platform.engine.support.hierarchical.NodeTestTask.executeRecursively(NodeTestTask.java:143) ~[junit-platform-engine-1.11.4.jar:1.11.4]
	at org.junit.platform.engine.support.hierarchical.NodeTestTask.execute(NodeTestTask.java:100) ~[junit-platform-engine-1.11.4.jar:1.11.4]
	at java.base/java.util.ArrayList.forEach(ArrayList.java:1596) ~[na:na]
	at org.junit.platform.engine.support.hierarchical.SameThreadHierarchicalTestExecutorService.invokeAll(SameThreadHierarchicalTestExecutorService.java:41) ~[junit-platform-engine-1.11.4.jar:1.11.4]
	at org.junit.platform.engine.support.hierarchical.NodeTestTask.lambda$executeRecursively$6(NodeTestTask.java:160) ~[junit-platform-engine-1.11.4.jar:1.11.4]
	at org.junit.platform.engine.support.hierarchical.ThrowableCollector.execute(ThrowableCollector.java:73) ~[junit-platform-engine-1.11.4.jar:1.11.4]
	at org.junit.platform.engine.support.hierarchical.NodeTestTask.lambda$executeRecursively$8(NodeTestTask.java:146) ~[junit-platform-engine-1.11.4.jar:1.11.4]
	at org.junit.platform.engine.support.hierarchical.Node.around(Node.java:137) ~[junit-platform-engine-1.11.4.jar:1.11.4]
	at org.junit.platform.engine.support.hierarchical.NodeTestTask.lambda$executeRecursively$9(NodeTestTask.java:144) ~[junit-platform-engine-1.11.4.jar:1.11.4]
	at org.junit.platform.engine.support.hierarchical.ThrowableCollector.execute(ThrowableCollector.java:73) ~[junit-platform-engine-1.11.4.jar:1.11.4]
	at org.junit.platform.engine.support.hierarchical.NodeTestTask.executeRecursively(NodeTestTask.java:143) ~[junit-platform-engine-1.11.4.jar:1.11.4]
	at org.junit.platform.engine.support.hierarchical.NodeTestTask.execute(NodeTestTask.java:100) ~[junit-platform-engine-1.11.4.jar:1.11.4]
	at org.junit.platform.engine.support.hierarchical.SameThreadHierarchicalTestExecutorService.submit(SameThreadHierarchicalTestExecutorService.java:35) ~[junit-platform-engine-1.11.4.jar:1.11.4]
	at org.junit.platform.engine.support.hierarchical.HierarchicalTestExecutor.execute(HierarchicalTestExecutor.java:57) ~[junit-platform-engine-1.11.4.jar:1.11.4]
	at org.junit.platform.engine.support.hierarchical.HierarchicalTestEngine.execute(HierarchicalTestEngine.java:54) ~[junit-platform-engine-1.11.4.jar:1.11.4]
	at org.junit.platform.launcher.core.EngineExecutionOrchestrator.execute(EngineExecutionOrchestrator.java:198) ~[junit-platform-launcher-1.11.4.jar:1.11.4]
	at org.junit.platform.launcher.core.EngineExecutionOrchestrator.execute(EngineExecutionOrchestrator.java:169) ~[junit-platform-launcher-1.11.4.jar:1.11.4]
	at org.junit.platform.launcher.core.EngineExecutionOrchestrator.execute(EngineExecutionOrchestrator.java:93) ~[junit-platform-launcher-1.11.4.jar:1.11.4]
	at org.junit.platform.launcher.core.EngineExecutionOrchestrator.lambda$execute$0(EngineExecutionOrchestrator.java:58) ~[junit-platform-launcher-1.11.4.jar:1.11.4]
	at org.junit.platform.launcher.core.EngineExecutionOrchestrator.withInterceptedStreams(EngineExecutionOrchestrator.java:141) ~[junit-platform-launcher-1.11.4.jar:1.11.4]
	at org.junit.platform.launcher.core.EngineExecutionOrchestrator.execute(EngineExecutionOrchestrator.java:57) ~[junit-platform-launcher-1.11.4.jar:1.11.4]
	at org.junit.platform.launcher.core.DefaultLauncher.execute(DefaultLauncher.java:103) ~[junit-platform-launcher-1.11.4.jar:1.11.4]
	at org.junit.platform.launcher.core.DefaultLauncher.execute(DefaultLauncher.java:85) ~[junit-platform-launcher-1.11.4.jar:1.11.4]
	at org.junit.platform.launcher.core.DelegatingLauncher.execute(DelegatingLauncher.java:47) ~[junit-platform-launcher-1.11.4.jar:1.11.4]
	at org.apache.maven.surefire.junitplatform.LazyLauncher.execute(LazyLauncher.java:56) ~[surefire-junit-platform-3.5.2.jar:3.5.2]
	at org.apache.maven.surefire.junitplatform.JUnitPlatformProvider.execute(JUnitPlatformProvider.java:184) ~[surefire-junit-platform-3.5.2.jar:3.5.2]
	at org.apache.maven.surefire.junitplatform.JUnitPlatformProvider.invokeAllTests(JUnitPlatformProvider.java:148) ~[surefire-junit-platform-3.5.2.jar:3.5.2]
	at org.apache.maven.surefire.junitplatform.JUnitPlatformProvider.invoke(JUnitPlatformProvider.java:122) ~[surefire-junit-platform-3.5.2.jar:3.5.2]
	at org.apache.maven.surefire.booter.ForkedBooter.runSuitesInProcess(ForkedBooter.java:385) ~[surefire-booter-3.5.2.jar:3.5.2]
	at org.apache.maven.surefire.booter.ForkedBooter.execute(ForkedBooter.java:162) ~[surefire-booter-3.5.2.jar:3.5.2]
	at org.apache.maven.surefire.booter.ForkedBooter.run(ForkedBooter.java:507) ~[surefire-booter-3.5.2.jar:3.5.2]
	at org.apache.maven.surefire.booter.ForkedBooter.main(ForkedBooter.java:495) ~[surefire-booter-3.5.2.jar:3.5.2]
Caused by: org.apache.camel.FailedToCreateRouteException: Failed to create route route9 at: >>> To[activemq:queue:updateInventory] <<< in route: Route(route9)[From[direct:inventoryInput] -> [OnException[[j... because of Failed to resolve endpoint: activemq://queue:updateInventory due to: Username must also be provided when using username/password as credentials.
	at org.apache.camel.reifier.RouteReifier.doCreateRoute(RouteReifier.java:217) ~[camel-core-reifier-4.3.0.jar:4.3.0]
	at org.apache.camel.reifier.RouteReifier.createRoute(RouteReifier.java:76) ~[camel-core-reifier-4.3.0.jar:4.3.0]
	at org.apache.camel.impl.DefaultModelReifierFactory.createRoute(DefaultModelReifierFactory.java:49) ~[camel-core-engine-4.3.0.jar:4.3.0]
	at org.apache.camel.impl.DefaultCamelContext.startRouteDefinitions(DefaultCamelContext.java:724) ~[camel-core-engine-4.3.0.jar:4.3.0]
	at org.apache.camel.impl.DefaultCamelContext.startRouteDefinitions(DefaultCamelContext.java:590) ~[camel-core-engine-4.3.0.jar:4.3.0]
	at org.apache.camel.impl.engine.AbstractCamelContext.doInit(AbstractCamelContext.java:2364) ~[camel-base-engine-4.3.0.jar:4.3.0]
	at org.apache.camel.support.service.BaseService.init(BaseService.java:78) ~[camel-api-4.3.0.jar:4.3.0]
	at org.apache.camel.impl.engine.AbstractCamelContext.init(AbstractCamelContext.java:2000) ~[camel-base-engine-4.3.0.jar:4.3.0]
	at org.apache.camel.support.service.BaseService.start(BaseService.java:105) ~[camel-api-4.3.0.jar:4.3.0]
	at org.apache.camel.impl.engine.AbstractCamelContext.start(AbstractCamelContext.java:2019) ~[camel-base-engine-4.3.0.jar:4.3.0]
	at org.apache.camel.impl.DefaultCamelContext.start(DefaultCamelContext.java:208) ~[camel-core-engine-4.3.0.jar:4.3.0]
	at org.apache.camel.spring.SpringCamelContext.start(SpringCamelContext.java:119) ~[camel-spring-4.3.0.jar:4.3.0]
	at org.apache.camel.spring.SpringCamelContext.onApplicationEvent(SpringCamelContext.java:151) ~[camel-spring-4.3.0.jar:4.3.0]
	at org.springframework.context.event.SimpleApplicationEventMulticaster.doInvokeListener(SimpleApplicationEventMulticaster.java:185) ~[spring-context-6.2.5.jar:6.2.5]
	at org.springframework.context.event.SimpleApplicationEventMulticaster.invokeListener(SimpleApplicationEventMulticaster.java:178) ~[spring-context-6.2.5.jar:6.2.5]
	at org.springframework.context.event.SimpleApplicationEventMulticaster.multicastEvent(SimpleApplicationEventMulticaster.java:156) ~[spring-context-6.2.5.jar:6.2.5]
	at org.springframework.context.support.AbstractApplicationContext.publishEvent(AbstractApplicationContext.java:454) ~[spring-context-6.2.5.jar:6.2.5]
	at org.springframework.context.support.AbstractApplicationContext.publishEvent(AbstractApplicationContext.java:387) ~[spring-context-6.2.5.jar:6.2.5]
	at org.springframework.context.support.AbstractApplicationContext.finishRefresh(AbstractApplicationContext.java:1009) ~[spring-context-6.2.5.jar:6.2.5]
	at org.springframework.context.support.AbstractApplicationContext.refresh(AbstractApplicationContext.java:630) ~[spring-context-6.2.5.jar:6.2.5]
	at org.springframework.boot.SpringApplication.refresh(SpringApplication.java:752) ~[spring-boot-3.4.4.jar:3.4.4]
	at org.springframework.boot.SpringApplication.refreshContext(SpringApplication.java:439) ~[spring-boot-3.4.4.jar:3.4.4]
	at org.springframework.boot.SpringApplication.run(SpringApplication.java:318) ~[spring-boot-3.4.4.jar:3.4.4]
	at org.springframework.boot.test.context.SpringBootContextLoader.lambda$loadContext$3(SpringBootContextLoader.java:144) ~[spring-boot-test-3.4.4.jar:3.4.4]
	at org.springframework.util.function.ThrowingSupplier.get(ThrowingSupplier.java:58) ~[spring-core-6.2.5.jar:6.2.5]
	at org.springframework.util.function.ThrowingSupplier.get(ThrowingSupplier.java:46) ~[spring-core-6.2.5.jar:6.2.5]
	at org.springframework.boot.SpringApplication.withHook(SpringApplication.java:1461) ~[spring-boot-3.4.4.jar:3.4.4]
	at org.springframework.boot.test.context.SpringBootContextLoader$ContextLoaderHook.run(SpringBootContextLoader.java:563) ~[spring-boot-test-3.4.4.jar:3.4.4]
	at org.springframework.boot.test.context.SpringBootContextLoader.loadContext(SpringBootContextLoader.java:144) ~[spring-boot-test-3.4.4.jar:3.4.4]
	at org.springframework.boot.test.context.SpringBootContextLoader.loadContext(SpringBootContextLoader.java:110) ~[spring-boot-test-3.4.4.jar:3.4.4]
	at org.springframework.test.context.cache.DefaultCacheAwareContextLoaderDelegate.loadContextInternal(DefaultCacheAwareContextLoaderDelegate.java:225) ~[spring-test-6.2.5.jar:6.2.5]
	at org.springframework.test.context.cache.DefaultCacheAwareContextLoaderDelegate.loadContext(DefaultCacheAwareContextLoaderDelegate.java:152) ~[spring-test-6.2.5.jar:6.2.5]
	... 75 common frames omitted
Caused by: org.apache.camel.ResolveEndpointFailedException: Failed to resolve endpoint: activemq://queue:updateInventory due to: Username must also be provided when using username/password as credentials.
	at org.apache.camel.impl.engine.AbstractCamelContext.doGetEndpoint(AbstractCamelContext.java:845) ~[camel-base-engine-4.3.0.jar:4.3.0]
	at org.apache.camel.impl.engine.AbstractCamelContext.getEndpoint(AbstractCamelContext.java:745) ~[camel-base-engine-4.3.0.jar:4.3.0]
	at org.apache.camel.support.CamelContextHelper.resolveEndpoint(CamelContextHelper.java:123) ~[camel-support-4.3.0.jar:4.3.0]
	at org.apache.camel.reifier.SendReifier.resolveEndpoint(SendReifier.java:45) ~[camel-core-reifier-4.3.0.jar:4.3.0]
	at org.apache.camel.reifier.SendReifier.createProcessor(SendReifier.java:37) ~[camel-core-reifier-4.3.0.jar:4.3.0]
	at org.apache.camel.reifier.ProcessorReifier.makeProcessor(ProcessorReifier.java:870) ~[camel-core-reifier-4.3.0.jar:4.3.0]
	at org.apache.camel.reifier.ProcessorReifier.addRoutes(ProcessorReifier.java:610) ~[camel-core-reifier-4.3.0.jar:4.3.0]
	at org.apache.camel.reifier.RouteReifier.doCreateRoute(RouteReifier.java:213) ~[camel-core-reifier-4.3.0.jar:4.3.0]
	... 106 common frames omitted
Caused by: java.lang.IllegalArgumentException: Username must also be provided when using username/password as credentials.
	at org.apache.camel.component.jms.JmsComponent.createEndpoint(JmsComponent.java:1162) ~[camel-jms-4.3.0.jar:4.3.0]
	at org.apache.camel.support.DefaultComponent.createEndpoint(DefaultComponent.java:170) ~[camel-support-4.3.0.jar:4.3.0]
	at org.apache.camel.impl.engine.AbstractCamelContext.doGetEndpoint(AbstractCamelContext.java:811) ~[camel-base-engine-4.3.0.jar:4.3.0]
	... 113 common frames omitted

]]></system-out>
    <system-err><![CDATA[


============================
CONDITIONS EVALUATION REPORT
============================


Positive matches:
-----------------

   ActiveMQComponentAutoConfiguration matched:
      - camel.component enabled (OnHierarchicalPropertiesCondition)
      - AllNestedConditions 2 matched 0 did not; NestedCondition on ConditionalOnCamelContextAndAutoConfigurationBeans.OnCamelAutoConfiguration @ConditionalOnBean (types: org.apache.camel.spring.boot.CamelAutoConfiguration; SearchStrategy: all) found bean 'org.apache.camel.spring.boot.CamelAutoConfiguration'; NestedCondition on ConditionalOnCamelContextAndAutoConfigurationBeans.OnCamelContext @ConditionalOnBean (types: org.apache.camel.CamelContext; SearchStrategy: all) found bean 'camelContext' (ConditionalOnCamelContextAndAutoConfigurationBeans)

   ActiveMQConnectionFactoryConfiguration.SimpleConnectionFactoryConfiguration matched:
      - @ConditionalOnProperty (spring.activemq.pool.enabled=false) matched (OnPropertyCondition)

   ActiveMQConnectionFactoryConfiguration.SimpleConnectionFactoryConfiguration.CachingConnectionFactoryConfiguration matched:
      - @ConditionalOnClass found required class 'org.springframework.jms.connection.CachingConnectionFactory' (OnClassCondition)
      - @ConditionalOnProperty (spring.jms.cache.enabled=true) matched (OnPropertyCondition)

   AopAutoConfiguration matched:
      - @ConditionalOnProperty (spring.aop.auto=true) matched (OnPropertyCondition)

   AopAutoConfiguration.ClassProxyingConfiguration matched:
      - @ConditionalOnMissingClass did not find unwanted class 'org.aspectj.weaver.Advice' (OnClassCondition)
      - @ConditionalOnProperty (spring.aop.proxy-target-class=true) matched (OnPropertyCondition)

   ApplicationAvailabilityAutoConfiguration#applicationAvailability matched:
      - @ConditionalOnMissingBean (types: org.springframework.boot.availability.ApplicationAvailability; SearchStrategy: all) did not find any beans (OnBeanCondition)

   AwsVaultAutoConfiguration matched:
      - @ConditionalOnBean (types: org.apache.camel.spring.boot.CamelAutoConfiguration; SearchStrategy: all) found bean 'org.apache.camel.spring.boot.CamelAutoConfiguration' (OnBeanCondition)

   AzureVaultAutoConfiguration matched:
      - @ConditionalOnBean (types: org.apache.camel.spring.boot.CamelAutoConfiguration; SearchStrategy: all) found bean 'org.apache.camel.spring.boot.CamelAutoConfiguration' (OnBeanCondition)

   BeanComponentAutoConfiguration matched:
      - camel.component enabled (OnHierarchicalPropertiesCondition)
      - AllNestedConditions 2 matched 0 did not; NestedCondition on ConditionalOnCamelContextAndAutoConfigurationBeans.OnCamelAutoConfiguration @ConditionalOnBean (types: org.apache.camel.spring.boot.CamelAutoConfiguration; SearchStrategy: all) found bean 'org.apache.camel.spring.boot.CamelAutoConfiguration'; NestedCondition on ConditionalOnCamelContextAndAutoConfigurationBeans.OnCamelContext @ConditionalOnBean (types: org.apache.camel.CamelContext; SearchStrategy: all) found bean 'camelContext' (ConditionalOnCamelContextAndAutoConfigurationBeans)

   BeanLanguageAutoConfiguration matched:
      - camel.language enabled (OnHierarchicalPropertiesCondition)
      - AllNestedConditions 2 matched 0 did not; NestedCondition on ConditionalOnCamelContextAndAutoConfigurationBeans.OnCamelAutoConfiguration @ConditionalOnBean (types: org.apache.camel.spring.boot.CamelAutoConfiguration; SearchStrategy: all) found bean 'org.apache.camel.spring.boot.CamelAutoConfiguration'; NestedCondition on ConditionalOnCamelContextAndAutoConfigurationBeans.OnCamelContext @ConditionalOnBean (types: org.apache.camel.CamelContext; SearchStrategy: all) found bean 'camelContext' (ConditionalOnCamelContextAndAutoConfigurationBeans)

   BrowseComponentAutoConfiguration matched:
      - camel.component enabled (OnHierarchicalPropertiesCondition)
      - AllNestedConditions 2 matched 0 did not; NestedCondition on ConditionalOnCamelContextAndAutoConfigurationBeans.OnCamelAutoConfiguration @ConditionalOnBean (types: org.apache.camel.spring.boot.CamelAutoConfiguration; SearchStrategy: all) found bean 'org.apache.camel.spring.boot.CamelAutoConfiguration'; NestedCondition on ConditionalOnCamelContextAndAutoConfigurationBeans.OnCamelContext @ConditionalOnBean (types: org.apache.camel.CamelContext; SearchStrategy: all) found bean 'camelContext' (ConditionalOnCamelContextAndAutoConfigurationBeans)

   CSimpleLanguageAutoConfiguration matched:
      - camel.language enabled (OnHierarchicalPropertiesCondition)
      - AllNestedConditions 2 matched 0 did not; NestedCondition on ConditionalOnCamelContextAndAutoConfigurationBeans.OnCamelAutoConfiguration @ConditionalOnBean (types: org.apache.camel.spring.boot.CamelAutoConfiguration; SearchStrategy: all) found bean 'org.apache.camel.spring.boot.CamelAutoConfiguration'; NestedCondition on ConditionalOnCamelContextAndAutoConfigurationBeans.OnCamelContext @ConditionalOnBean (types: org.apache.camel.CamelContext; SearchStrategy: all) found bean 'camelContext' (ConditionalOnCamelContextAndAutoConfigurationBeans)

   CamelAutoConfiguration#camelContext matched:
      - @ConditionalOnMissingBean (types: org.apache.camel.CamelContext; SearchStrategy: all) did not find any beans (OnBeanCondition)

   CamelAutoConfiguration#consumerTemplate matched:
      - @ConditionalOnMissingBean (types: org.apache.camel.ConsumerTemplate; SearchStrategy: all) did not find any beans (OnBeanCondition)

   CamelAutoConfiguration#fluentProducerTemplate matched:
      - @ConditionalOnMissingBean (types: org.apache.camel.FluentProducerTemplate; SearchStrategy: all) did not find any beans (OnBeanCondition)

   CamelAutoConfiguration#producerTemplate matched:
      - @ConditionalOnMissingBean (types: org.apache.camel.ProducerTemplate; SearchStrategy: all) did not find any beans (OnBeanCondition)

   CamelAutoConfiguration#propertiesParser matched:
      - @ConditionalOnMissingBean (types: org.apache.camel.component.properties.PropertiesParser; SearchStrategy: all) did not find any beans (OnBeanCondition)

   CamelAutoConfiguration#routesCollector matched:
      - @ConditionalOnMissingClass did not find unwanted class 'org.apache.camel.spring.boot.endpointdsl.EndpointDslRouteCollector' (OnClassCondition)
      - @ConditionalOnMissingBean (types: org.apache.camel.main.RoutesCollector; SearchStrategy: all) did not find any beans (OnBeanCondition)

   CamelAutoConfiguration#routesCollectorListener matched:
      - @ConditionalOnMissingBean (types: org.apache.camel.spring.boot.CamelSpringBootApplicationListener; SearchStrategy: all) did not find any beans (OnBeanCondition)

   CamelAvailabilityCheckAutoConfiguration matched:
      - @ConditionalOnBean (types: org.apache.camel.spring.boot.CamelAutoConfiguration; SearchStrategy: all) found bean 'org.apache.camel.spring.boot.CamelAutoConfiguration' (OnBeanCondition)

   CamelCloudAutoConfiguration matched:
      - @ConditionalOnProperty (camel.cloud.enabled) matched (OnPropertyCondition)
      - @ConditionalOnBean (types: org.apache.camel.spring.boot.CamelAutoConfiguration; SearchStrategy: all) found bean 'org.apache.camel.spring.boot.CamelAutoConfiguration' (OnBeanCondition)

   CamelCloudServiceCallConfigurationAutoConfiguration matched:
      - camel.cloud.service-call enabled (CamelCloudServiceCallConfigurationAutoConfiguration.ServiceCallCondition)
      - @ConditionalOnBean (types: org.apache.camel.spring.boot.cloud.CamelCloudAutoConfiguration,org.apache.camel.CamelContext; SearchStrategy: all) found beans 'org.apache.camel.spring.boot.cloud.CamelCloudAutoConfiguration', 'camelContext' (OnBeanCondition)

   CamelCloudServiceCallConfigurationAutoConfiguration#serviceCallConfiguration matched:
      - @ConditionalOnMissingBean (names: service-call-configuration; SearchStrategy: all) did not find any beans (OnBeanCondition)

   CamelCloudServiceChooserAutoConfiguration matched:
      - camel.cloud.service-chooser enabled (CamelCloudServiceChooserAutoConfiguration.ServiceChooserCondition)
      - @ConditionalOnBean (types: org.apache.camel.spring.boot.cloud.CamelCloudAutoConfiguration; SearchStrategy: all) found bean 'org.apache.camel.spring.boot.cloud.CamelCloudAutoConfiguration' (OnBeanCondition)

   CamelCloudServiceDiscoveryAutoConfiguration matched:
      - camel.cloud.service-discovery enabled (CamelCloudServiceDiscoveryAutoConfiguration.Condition)
      - @ConditionalOnBean (types: org.apache.camel.spring.boot.cloud.CamelCloudAutoConfiguration; SearchStrategy: all) found bean 'org.apache.camel.spring.boot.cloud.CamelCloudAutoConfiguration' (OnBeanCondition)

   CamelCloudServiceFilterAutoConfiguration matched:
      - camel.cloud.service-filter enabled (CamelCloudServiceFilterAutoConfiguration.Condition)
      - @ConditionalOnBean (types: org.apache.camel.spring.boot.cloud.CamelCloudAutoConfiguration; SearchStrategy: all) found bean 'org.apache.camel.spring.boot.cloud.CamelCloudAutoConfiguration' (OnBeanCondition)

   CamelDebugAutoConfiguration matched:
      - @ConditionalOnBean (types: org.apache.camel.spring.boot.CamelAutoConfiguration; SearchStrategy: all) found bean 'org.apache.camel.spring.boot.CamelAutoConfiguration' (OnBeanCondition)

   CamelHealthCheckAutoConfiguration matched:
      - @ConditionalOnClass found required class 'org.springframework.boot.actuate.health.HealthIndicator' (OnClassCondition)
      - @ConditionalOnBean (types: org.apache.camel.spring.boot.CamelAutoConfiguration; SearchStrategy: all) found bean 'org.apache.camel.spring.boot.CamelAutoConfiguration' (OnBeanCondition)

   CamelHealthCheckAutoConfiguration.CamelHealthCheckIndicatorInitializer matched:
      - @ConditionalOnClass found required class 'org.apache.camel.CamelContext' (OnClassCondition)
      - @ConditionalOnMissingBean (types: org.apache.camel.spring.boot.actuate.health.CamelHealthCheckIndicator; SearchStrategy: all) did not find any beans (OnBeanCondition)

   CamelInfoAutoConfiguration matched:
      - @ConditionalOnClass found required class 'org.springframework.boot.actuate.info.InfoContributor' (OnClassCondition)
      - @ConditionalOnBean (types: org.apache.camel.spring.boot.CamelAutoConfiguration; SearchStrategy: all) found bean 'org.apache.camel.spring.boot.CamelAutoConfiguration' (OnBeanCondition)

   CamelInfoAutoConfiguration.CamelInfoContributorInitializer matched:
      - @ConditionalOnClass found required class 'org.apache.camel.CamelContext' (OnClassCondition)
      - @ConditionalOnMissingBean (types: org.apache.camel.spring.boot.actuate.info.CamelInfoContributor; SearchStrategy: all) did not find any beans (OnBeanCondition)

   CamelRouteControllerEndpointAutoConfiguration matched:
      - @ConditionalOnBean (types: org.apache.camel.spring.boot.CamelAutoConfiguration; SearchStrategy: all) found bean 'org.apache.camel.spring.boot.CamelAutoConfiguration' (OnBeanCondition)

   CamelRouteControllerEndpointAutoConfiguration#routeControllerEndpoint matched:
      - @ConditionalOnClass found required class 'org.apache.camel.CamelContext' (OnClassCondition)
      - @ConditionalOnMissingBean (types: org.apache.camel.spring.boot.actuate.endpoint.CamelRouteControllerEndpoint; SearchStrategy: all) did not find any beans (OnBeanCondition)

   CamelRouteTemplateAutoConfiguration matched:
      - @ConditionalOnBean (types: org.apache.camel.spring.boot.CamelAutoConfiguration; SearchStrategy: all) found bean 'org.apache.camel.spring.boot.CamelAutoConfiguration' (OnBeanCondition)

   CamelRoutesEndpointAutoConfiguration matched:
      - @ConditionalOnBean (types: org.apache.camel.spring.boot.CamelAutoConfiguration; SearchStrategy: all) found bean 'org.apache.camel.spring.boot.CamelAutoConfiguration' (OnBeanCondition)

   CamelRoutesEndpointAutoConfiguration#camelEndpoint matched:
      - @ConditionalOnClass found required class 'org.apache.camel.CamelContext' (OnClassCondition)
      - @ConditionalOnMissingBean (types: org.apache.camel.spring.boot.actuate.endpoint.CamelRoutesEndpoint; SearchStrategy: all) did not find any beans (OnBeanCondition)

   CamelThreadPoolAutoConfiguration matched:
      - @ConditionalOnBean (types: org.apache.camel.spring.boot.CamelAutoConfiguration; SearchStrategy: all) found bean 'org.apache.camel.spring.boot.CamelAutoConfiguration' (OnBeanCondition)

   ClassComponentAutoConfiguration matched:
      - camel.component enabled (OnHierarchicalPropertiesCondition)
      - AllNestedConditions 2 matched 0 did not; NestedCondition on ConditionalOnCamelContextAndAutoConfigurationBeans.OnCamelAutoConfiguration @ConditionalOnBean (types: org.apache.camel.spring.boot.CamelAutoConfiguration; SearchStrategy: all) found bean 'org.apache.camel.spring.boot.CamelAutoConfiguration'; NestedCondition on ConditionalOnCamelContextAndAutoConfigurationBeans.OnCamelContext @ConditionalOnBean (types: org.apache.camel.CamelContext; SearchStrategy: all) found bean 'camelContext' (ConditionalOnCamelContextAndAutoConfigurationBeans)

   ConstantLanguageAutoConfiguration matched:
      - camel.language enabled (OnHierarchicalPropertiesCondition)
      - AllNestedConditions 2 matched 0 did not; NestedCondition on ConditionalOnCamelContextAndAutoConfigurationBeans.OnCamelAutoConfiguration @ConditionalOnBean (types: org.apache.camel.spring.boot.CamelAutoConfiguration; SearchStrategy: all) found bean 'org.apache.camel.spring.boot.CamelAutoConfiguration'; NestedCondition on ConditionalOnCamelContextAndAutoConfigurationBeans.OnCamelContext @ConditionalOnBean (types: org.apache.camel.CamelContext; SearchStrategy: all) found bean 'camelContext' (ConditionalOnCamelContextAndAutoConfigurationBeans)

   ControlBusComponentAutoConfiguration matched:
      - camel.component enabled (OnHierarchicalPropertiesCondition)
      - AllNestedConditions 2 matched 0 did not; NestedCondition on ConditionalOnCamelContextAndAutoConfigurationBeans.OnCamelAutoConfiguration @ConditionalOnBean (types: org.apache.camel.spring.boot.CamelAutoConfiguration; SearchStrategy: all) found bean 'org.apache.camel.spring.boot.CamelAutoConfiguration'; NestedCondition on ConditionalOnCamelContextAndAutoConfigurationBeans.OnCamelContext @ConditionalOnBean (types: org.apache.camel.CamelContext; SearchStrategy: all) found bean 'camelContext' (ConditionalOnCamelContextAndAutoConfigurationBeans)

   DataFormatComponentAutoConfiguration matched:
      - camel.component enabled (OnHierarchicalPropertiesCondition)
      - AllNestedConditions 2 matched 0 did not; NestedCondition on ConditionalOnCamelContextAndAutoConfigurationBeans.OnCamelAutoConfiguration @ConditionalOnBean (types: org.apache.camel.spring.boot.CamelAutoConfiguration; SearchStrategy: all) found bean 'org.apache.camel.spring.boot.CamelAutoConfiguration'; NestedCondition on ConditionalOnCamelContextAndAutoConfigurationBeans.OnCamelContext @ConditionalOnBean (types: org.apache.camel.CamelContext; SearchStrategy: all) found bean 'camelContext' (ConditionalOnCamelContextAndAutoConfigurationBeans)

   DataSetComponentAutoConfiguration matched:
      - camel.component enabled (OnHierarchicalPropertiesCondition)
      - AllNestedConditions 2 matched 0 did not; NestedCondition on ConditionalOnCamelContextAndAutoConfigurationBeans.OnCamelAutoConfiguration @ConditionalOnBean (types: org.apache.camel.spring.boot.CamelAutoConfiguration; SearchStrategy: all) found bean 'org.apache.camel.spring.boot.CamelAutoConfiguration'; NestedCondition on ConditionalOnCamelContextAndAutoConfigurationBeans.OnCamelContext @ConditionalOnBean (types: org.apache.camel.CamelContext; SearchStrategy: all) found bean 'camelContext' (ConditionalOnCamelContextAndAutoConfigurationBeans)

   DataSetTestComponentAutoConfiguration matched:
      - camel.component enabled (OnHierarchicalPropertiesCondition)
      - AllNestedConditions 2 matched 0 did not; NestedCondition on ConditionalOnCamelContextAndAutoConfigurationBeans.OnCamelAutoConfiguration @ConditionalOnBean (types: org.apache.camel.spring.boot.CamelAutoConfiguration; SearchStrategy: all) found bean 'org.apache.camel.spring.boot.CamelAutoConfiguration'; NestedCondition on ConditionalOnCamelContextAndAutoConfigurationBeans.OnCamelContext @ConditionalOnBean (types: org.apache.camel.CamelContext; SearchStrategy: all) found bean 'camelContext' (ConditionalOnCamelContextAndAutoConfigurationBeans)

   DirectComponentAutoConfiguration matched:
      - camel.component enabled (OnHierarchicalPropertiesCondition)
      - AllNestedConditions 2 matched 0 did not; NestedCondition on ConditionalOnCamelContextAndAutoConfigurationBeans.OnCamelAutoConfiguration @ConditionalOnBean (types: org.apache.camel.spring.boot.CamelAutoConfiguration; SearchStrategy: all) found bean 'org.apache.camel.spring.boot.CamelAutoConfiguration'; NestedCondition on ConditionalOnCamelContextAndAutoConfigurationBeans.OnCamelContext @ConditionalOnBean (types: org.apache.camel.CamelContext; SearchStrategy: all) found bean 'camelContext' (ConditionalOnCamelContextAndAutoConfigurationBeans)

   DispatcherServletAutoConfiguration matched:
      - @ConditionalOnClass found required class 'org.springframework.web.servlet.DispatcherServlet' (OnClassCondition)
      - found 'session' scope (OnWebApplicationCondition)

   DispatcherServletAutoConfiguration.DispatcherServletConfiguration matched:
      - @ConditionalOnClass found required class 'jakarta.servlet.ServletRegistration' (OnClassCondition)
      - Default DispatcherServlet did not find dispatcher servlet beans (DispatcherServletAutoConfiguration.DefaultDispatcherServletCondition)

   DispatcherServletAutoConfiguration.DispatcherServletRegistrationConfiguration matched:
      - @ConditionalOnClass found required class 'jakarta.servlet.ServletRegistration' (OnClassCondition)
      - DispatcherServlet Registration did not find servlet registration bean (DispatcherServletAutoConfiguration.DispatcherServletRegistrationCondition)

   DispatcherServletAutoConfiguration.DispatcherServletRegistrationConfiguration#dispatcherServletRegistration matched:
      - @ConditionalOnBean (names: dispatcherServlet types: org.springframework.web.servlet.DispatcherServlet; SearchStrategy: all) found bean 'dispatcherServlet' (OnBeanCondition)

   ErrorMvcAutoConfiguration matched:
      - @ConditionalOnClass found required classes 'jakarta.servlet.Servlet', 'org.springframework.web.servlet.DispatcherServlet' (OnClassCondition)
      - found 'session' scope (OnWebApplicationCondition)

   ErrorMvcAutoConfiguration#basicErrorController matched:
      - @ConditionalOnMissingBean (types: org.springframework.boot.web.servlet.error.ErrorController; SearchStrategy: current) did not find any beans (OnBeanCondition)

   ErrorMvcAutoConfiguration#errorAttributes matched:
      - @ConditionalOnMissingBean (types: org.springframework.boot.web.servlet.error.ErrorAttributes; SearchStrategy: current) did not find any beans (OnBeanCondition)

   ErrorMvcAutoConfiguration.DefaultErrorViewResolverConfiguration#conventionErrorViewResolver matched:
      - @ConditionalOnBean (types: org.springframework.web.servlet.DispatcherServlet; SearchStrategy: all) found bean 'dispatcherServlet'; @ConditionalOnMissingBean (types: org.springframework.boot.autoconfigure.web.servlet.error.ErrorViewResolver; SearchStrategy: all) did not find any beans (OnBeanCondition)

   ErrorMvcAutoConfiguration.WhitelabelErrorViewConfiguration matched:
      - @ConditionalOnProperty (server.error.whitelabel.enabled) matched (OnPropertyCondition)
      - ErrorTemplate Missing did not find error template view (ErrorMvcAutoConfiguration.ErrorTemplateMissingCondition)

   ErrorMvcAutoConfiguration.WhitelabelErrorViewConfiguration#beanNameViewResolver matched:
      - @ConditionalOnMissingBean (types: org.springframework.web.servlet.view.BeanNameViewResolver; SearchStrategy: all) did not find any beans (OnBeanCondition)

   ErrorMvcAutoConfiguration.WhitelabelErrorViewConfiguration#defaultErrorView matched:
      - @ConditionalOnMissingBean (names: error; SearchStrategy: all) did not find any beans (OnBeanCondition)

   ExchangePropertyLanguageAutoConfiguration matched:
      - camel.language enabled (OnHierarchicalPropertiesCondition)
      - AllNestedConditions 2 matched 0 did not; NestedCondition on ConditionalOnCamelContextAndAutoConfigurationBeans.OnCamelAutoConfiguration @ConditionalOnBean (types: org.apache.camel.spring.boot.CamelAutoConfiguration; SearchStrategy: all) found bean 'org.apache.camel.spring.boot.CamelAutoConfiguration'; NestedCondition on ConditionalOnCamelContextAndAutoConfigurationBeans.OnCamelContext @ConditionalOnBean (types: org.apache.camel.CamelContext; SearchStrategy: all) found bean 'camelContext' (ConditionalOnCamelContextAndAutoConfigurationBeans)

   FileComponentAutoConfiguration matched:
      - camel.component enabled (OnHierarchicalPropertiesCondition)
      - AllNestedConditions 2 matched 0 did not; NestedCondition on ConditionalOnCamelContextAndAutoConfigurationBeans.OnCamelAutoConfiguration @ConditionalOnBean (types: org.apache.camel.spring.boot.CamelAutoConfiguration; SearchStrategy: all) found bean 'org.apache.camel.spring.boot.CamelAutoConfiguration'; NestedCondition on ConditionalOnCamelContextAndAutoConfigurationBeans.OnCamelContext @ConditionalOnBean (types: org.apache.camel.CamelContext; SearchStrategy: all) found bean 'camelContext' (ConditionalOnCamelContextAndAutoConfigurationBeans)

   FileLanguageAutoConfiguration matched:
      - camel.language enabled (OnHierarchicalPropertiesCondition)
      - AllNestedConditions 2 matched 0 did not; NestedCondition on ConditionalOnCamelContextAndAutoConfigurationBeans.OnCamelAutoConfiguration @ConditionalOnBean (types: org.apache.camel.spring.boot.CamelAutoConfiguration; SearchStrategy: all) found bean 'org.apache.camel.spring.boot.CamelAutoConfiguration'; NestedCondition on ConditionalOnCamelContextAndAutoConfigurationBeans.OnCamelContext @ConditionalOnBean (types: org.apache.camel.CamelContext; SearchStrategy: all) found bean 'camelContext' (ConditionalOnCamelContextAndAutoConfigurationBeans)

   GcpVaultAutoConfiguration matched:
      - @ConditionalOnBean (types: org.apache.camel.spring.boot.CamelAutoConfiguration; SearchStrategy: all) found bean 'org.apache.camel.spring.boot.CamelAutoConfiguration' (OnBeanCondition)

   GenericCacheConfiguration matched:
      - Cache org.springframework.boot.autoconfigure.cache.GenericCacheConfiguration automatic cache type (CacheCondition)

   HashicorpVaultAutoConfiguration matched:
      - @ConditionalOnBean (types: org.apache.camel.spring.boot.CamelAutoConfiguration; SearchStrategy: all) found bean 'org.apache.camel.spring.boot.CamelAutoConfiguration' (OnBeanCondition)

   HeaderLanguageAutoConfiguration matched:
      - camel.language enabled (OnHierarchicalPropertiesCondition)
      - AllNestedConditions 2 matched 0 did not; NestedCondition on ConditionalOnCamelContextAndAutoConfigurationBeans.OnCamelAutoConfiguration @ConditionalOnBean (types: org.apache.camel.spring.boot.CamelAutoConfiguration; SearchStrategy: all) found bean 'org.apache.camel.spring.boot.CamelAutoConfiguration'; NestedCondition on ConditionalOnCamelContextAndAutoConfigurationBeans.OnCamelContext @ConditionalOnBean (types: org.apache.camel.CamelContext; SearchStrategy: all) found bean 'camelContext' (ConditionalOnCamelContextAndAutoConfigurationBeans)

   HttpClientAutoConfiguration matched:
      - @ConditionalOnClass found required class 'org.springframework.http.client.ClientHttpRequestFactory' (OnClassCondition)
      - NoneNestedConditions 0 matched 1 did not; NestedCondition on NotReactiveWebApplicationCondition.ReactiveWebApplication did not find reactive web application classes (NotReactiveWebApplicationCondition)

   HttpClientAutoConfiguration#clientHttpRequestFactoryBuilder matched:
      - @ConditionalOnMissingBean (types: org.springframework.boot.http.client.ClientHttpRequestFactoryBuilder; SearchStrategy: all) did not find any beans (OnBeanCondition)

   HttpClientAutoConfiguration#clientHttpRequestFactorySettings matched:
      - @ConditionalOnMissingBean (types: org.springframework.boot.http.client.ClientHttpRequestFactorySettings; SearchStrategy: all) did not find any beans (OnBeanCondition)

   HttpEncodingAutoConfiguration matched:
      - @ConditionalOnClass found required class 'org.springframework.web.filter.CharacterEncodingFilter' (OnClassCondition)
      - found 'session' scope (OnWebApplicationCondition)
      - @ConditionalOnProperty (server.servlet.encoding.enabled) matched (OnPropertyCondition)

   HttpEncodingAutoConfiguration#characterEncodingFilter matched:
      - @ConditionalOnMissingBean (types: org.springframework.web.filter.CharacterEncodingFilter; SearchStrategy: all) did not find any beans (OnBeanCondition)

   HttpMessageConvertersAutoConfiguration matched:
      - @ConditionalOnClass found required class 'org.springframework.http.converter.HttpMessageConverter' (OnClassCondition)
      - NoneNestedConditions 0 matched 1 did not; NestedCondition on HttpMessageConvertersAutoConfiguration.NotReactiveWebApplicationCondition.ReactiveWebApplication did not find reactive web application classes (HttpMessageConvertersAutoConfiguration.NotReactiveWebApplicationCondition)

   HttpMessageConvertersAutoConfiguration#messageConverters matched:
      - @ConditionalOnMissingBean (types: org.springframework.boot.autoconfigure.http.HttpMessageConverters; SearchStrategy: all) did not find any beans (OnBeanCondition)

   HttpMessageConvertersAutoConfiguration.StringHttpMessageConverterConfiguration matched:
      - @ConditionalOnClass found required class 'org.springframework.http.converter.StringHttpMessageConverter' (OnClassCondition)

   HttpMessageConvertersAutoConfiguration.StringHttpMessageConverterConfiguration#stringHttpMessageConverter matched:
      - @ConditionalOnMissingBean (types: org.springframework.http.converter.StringHttpMessageConverter; SearchStrategy: all) did not find any beans (OnBeanCondition)

   JacksonAutoConfiguration matched:
      - @ConditionalOnClass found required class 'com.fasterxml.jackson.databind.ObjectMapper' (OnClassCondition)

   JacksonAutoConfiguration.Jackson2ObjectMapperBuilderCustomizerConfiguration matched:
      - @ConditionalOnClass found required class 'org.springframework.http.converter.json.Jackson2ObjectMapperBuilder' (OnClassCondition)

   JacksonAutoConfiguration.JacksonObjectMapperBuilderConfiguration matched:
      - @ConditionalOnClass found required class 'org.springframework.http.converter.json.Jackson2ObjectMapperBuilder' (OnClassCondition)

   JacksonAutoConfiguration.JacksonObjectMapperBuilderConfiguration#jacksonObjectMapperBuilder matched:
      - @ConditionalOnMissingBean (types: org.springframework.http.converter.json.Jackson2ObjectMapperBuilder; SearchStrategy: all) did not find any beans (OnBeanCondition)

   JacksonAutoConfiguration.JacksonObjectMapperConfiguration matched:
      - @ConditionalOnClass found required class 'org.springframework.http.converter.json.Jackson2ObjectMapperBuilder' (OnClassCondition)

   JacksonAutoConfiguration.JacksonObjectMapperConfiguration#jacksonObjectMapper matched:
      - @ConditionalOnMissingBean (types: com.fasterxml.jackson.databind.ObjectMapper; SearchStrategy: all) did not find any beans (OnBeanCondition)

   JacksonAutoConfiguration.ParameterNamesModuleConfiguration matched:
      - @ConditionalOnClass found required class 'com.fasterxml.jackson.module.paramnames.ParameterNamesModule' (OnClassCondition)

   JacksonAutoConfiguration.ParameterNamesModuleConfiguration#parameterNamesModule matched:
      - @ConditionalOnMissingBean (types: com.fasterxml.jackson.module.paramnames.ParameterNamesModule; SearchStrategy: all) did not find any beans (OnBeanCondition)

   JacksonDataFormatAutoConfiguration matched:
      - camel.dataformat enabled (OnHierarchicalPropertiesCondition)
      - AllNestedConditions 2 matched 0 did not; NestedCondition on ConditionalOnCamelContextAndAutoConfigurationBeans.OnCamelAutoConfiguration @ConditionalOnBean (types: org.apache.camel.spring.boot.CamelAutoConfiguration; SearchStrategy: all) found bean 'org.apache.camel.spring.boot.CamelAutoConfiguration'; NestedCondition on ConditionalOnCamelContextAndAutoConfigurationBeans.OnCamelContext @ConditionalOnBean (types: org.apache.camel.CamelContext; SearchStrategy: all) found bean 'camelContext' (ConditionalOnCamelContextAndAutoConfigurationBeans)

   JacksonHttpMessageConvertersConfiguration.MappingJackson2HttpMessageConverterConfiguration matched:
      - @ConditionalOnClass found required class 'com.fasterxml.jackson.databind.ObjectMapper' (OnClassCondition)
      - @ConditionalOnProperty (spring.mvc.converters.preferred-json-mapper=jackson) matched (OnPropertyCondition)
      - @ConditionalOnBean (types: com.fasterxml.jackson.databind.ObjectMapper; SearchStrategy: all) found bean 'jacksonObjectMapper' (OnBeanCondition)

   JacksonHttpMessageConvertersConfiguration.MappingJackson2HttpMessageConverterConfiguration#mappingJackson2HttpMessageConverter matched:
      - @ConditionalOnMissingBean (types: org.springframework.http.converter.json.MappingJackson2HttpMessageConverter ignored: org.springframework.hateoas.server.mvc.TypeConstrainedMappingJackson2HttpMessageConverter,org.springframework.data.rest.webmvc.alps.AlpsJsonHttpMessageConverter; SearchStrategy: all) did not find any beans (OnBeanCondition)

   JmsAnnotationDrivenConfiguration matched:
      - @ConditionalOnClass found required class 'org.springframework.jms.annotation.EnableJms' (OnClassCondition)

   JmsAnnotationDrivenConfiguration#jmsListenerContainerFactory matched:
      - @ConditionalOnSingleCandidate (types: jakarta.jms.ConnectionFactory; SearchStrategy: all) found a single bean 'connectionFactory'; @ConditionalOnMissingBean (names: jmsListenerContainerFactory; SearchStrategy: all) did not find any beans (OnBeanCondition)

   JmsAnnotationDrivenConfiguration#jmsListenerContainerFactoryConfigurer matched:
      - @ConditionalOnMissingBean (types: org.springframework.boot.autoconfigure.jms.DefaultJmsListenerContainerFactoryConfigurer; SearchStrategy: all) did not find any beans (OnBeanCondition)

   JmsAnnotationDrivenConfiguration.EnableJmsConfiguration matched:
      - @ConditionalOnMissingBean (names: org.springframework.jms.config.internalJmsListenerAnnotationProcessor; SearchStrategy: all) did not find any beans (OnBeanCondition)

   JmsAutoConfiguration matched:
      - @ConditionalOnClass found required classes 'jakarta.jms.Message', 'org.springframework.jms.core.JmsTemplate' (OnClassCondition)
      - @ConditionalOnBean (types: jakarta.jms.ConnectionFactory; SearchStrategy: all) found bean 'connectionFactory' (OnBeanCondition)

   JmsAutoConfiguration.JmsTemplateConfiguration#jmsTemplate matched:
      - @ConditionalOnSingleCandidate (types: jakarta.jms.ConnectionFactory; SearchStrategy: all) found a single bean 'connectionFactory'; @ConditionalOnMissingBean (types: org.springframework.jms.core.JmsOperations; SearchStrategy: all) did not find any beans (OnBeanCondition)

   JmsAutoConfiguration.MessagingTemplateConfiguration matched:
      - @ConditionalOnClass found required class 'org.springframework.jms.core.JmsMessagingTemplate' (OnClassCondition)

   JmsAutoConfiguration.MessagingTemplateConfiguration#jmsMessagingTemplate matched:
      - @ConditionalOnSingleCandidate (types: org.springframework.jms.core.JmsTemplate; SearchStrategy: all) found a single bean 'jmsTemplate'; @ConditionalOnMissingBean (types: org.springframework.jms.core.JmsMessageOperations; SearchStrategy: all) did not find any beans (OnBeanCondition)

   LanguageComponentAutoConfiguration matched:
      - camel.component enabled (OnHierarchicalPropertiesCondition)
      - AllNestedConditions 2 matched 0 did not; NestedCondition on ConditionalOnCamelContextAndAutoConfigurationBeans.OnCamelAutoConfiguration @ConditionalOnBean (types: org.apache.camel.spring.boot.CamelAutoConfiguration; SearchStrategy: all) found bean 'org.apache.camel.spring.boot.CamelAutoConfiguration'; NestedCondition on ConditionalOnCamelContextAndAutoConfigurationBeans.OnCamelContext @ConditionalOnBean (types: org.apache.camel.CamelContext; SearchStrategy: all) found bean 'camelContext' (ConditionalOnCamelContextAndAutoConfigurationBeans)

   LifecycleAutoConfiguration#defaultLifecycleProcessor matched:
      - @ConditionalOnMissingBean (names: lifecycleProcessor; SearchStrategy: current) did not find any beans (OnBeanCondition)

   LogComponentAutoConfiguration matched:
      - camel.component enabled (OnHierarchicalPropertiesCondition)
      - AllNestedConditions 2 matched 0 did not; NestedCondition on ConditionalOnCamelContextAndAutoConfigurationBeans.OnCamelAutoConfiguration @ConditionalOnBean (types: org.apache.camel.spring.boot.CamelAutoConfiguration; SearchStrategy: all) found bean 'org.apache.camel.spring.boot.CamelAutoConfiguration'; NestedCondition on ConditionalOnCamelContextAndAutoConfigurationBeans.OnCamelContext @ConditionalOnBean (types: org.apache.camel.CamelContext; SearchStrategy: all) found bean 'camelContext' (ConditionalOnCamelContextAndAutoConfigurationBeans)

   MockComponentAutoConfiguration matched:
      - camel.component enabled (OnHierarchicalPropertiesCondition)
      - AllNestedConditions 2 matched 0 did not; NestedCondition on ConditionalOnCamelContextAndAutoConfigurationBeans.OnCamelAutoConfiguration @ConditionalOnBean (types: org.apache.camel.spring.boot.CamelAutoConfiguration; SearchStrategy: all) found bean 'org.apache.camel.spring.boot.CamelAutoConfiguration'; NestedCondition on ConditionalOnCamelContextAndAutoConfigurationBeans.OnCamelContext @ConditionalOnBean (types: org.apache.camel.CamelContext; SearchStrategy: all) found bean 'camelContext' (ConditionalOnCamelContextAndAutoConfigurationBeans)

   MongoAutoConfiguration matched:
      - @ConditionalOnClass found required class 'com.mongodb.client.MongoClient' (OnClassCondition)
      - @ConditionalOnMissingBean (types: org.springframework.data.mongodb.MongoDatabaseFactory; SearchStrategy: all) did not find any beans (OnBeanCondition)

   MongoAutoConfiguration#mongoConnectionDetails matched:
      - @ConditionalOnMissingBean (types: org.springframework.boot.autoconfigure.mongo.MongoConnectionDetails; SearchStrategy: all) did not find any beans (OnBeanCondition)

   MongoAutoConfiguration.MongoClientSettingsConfiguration matched:
      - @ConditionalOnMissingBean (types: com.mongodb.MongoClientSettings; SearchStrategy: all) did not find any beans (OnBeanCondition)

   MongoDataAutoConfiguration matched:
      - @ConditionalOnClass found required classes 'com.mongodb.client.MongoClient', 'org.springframework.data.mongodb.core.MongoTemplate' (OnClassCondition)

   MongoDataConfiguration#mappingMongoConverter matched:
      - @ConditionalOnMissingBean (types: org.springframework.data.mongodb.core.convert.MongoConverter; SearchStrategy: all) did not find any beans (OnBeanCondition)

   MongoDataConfiguration#mongoCustomConversions matched:
      - @ConditionalOnMissingBean (types: org.springframework.data.mongodb.core.convert.MongoCustomConversions; SearchStrategy: all) did not find any beans (OnBeanCondition)

   MongoDataConfiguration#mongoManagedTypes matched:
      - @ConditionalOnMissingBean (types: org.springframework.data.mongodb.MongoManagedTypes; SearchStrategy: all) did not find any beans (OnBeanCondition)

   MongoDataConfiguration#mongoMappingContext matched:
      - @ConditionalOnMissingBean (types: org.springframework.data.mongodb.core.mapping.MongoMappingContext; SearchStrategy: all) did not find any beans (OnBeanCondition)

   MongoDatabaseFactoryConfiguration matched:
      - @ConditionalOnSingleCandidate (types: com.mongodb.client.MongoClient; SearchStrategy: all) found a single bean 'mongo'; @ConditionalOnMissingBean (types: org.springframework.data.mongodb.MongoDatabaseFactory; SearchStrategy: all) did not find any beans (OnBeanCondition)

   MongoDatabaseFactoryDependentConfiguration matched:
      - @ConditionalOnBean (types: org.springframework.data.mongodb.MongoDatabaseFactory; SearchStrategy: all) found bean 'mongoDatabaseFactory' (OnBeanCondition)

   MongoDatabaseFactoryDependentConfiguration#gridFsTemplate matched:
      - @ConditionalOnMissingBean (types: org.springframework.data.mongodb.gridfs.GridFsOperations; SearchStrategy: all) did not find any beans (OnBeanCondition)

   MongoDatabaseFactoryDependentConfiguration#mongoTemplate matched:
      - @ConditionalOnMissingBean (types: org.springframework.data.mongodb.core.MongoOperations; SearchStrategy: all) did not find any beans (OnBeanCondition)

   MongoDbComponentAutoConfiguration matched:
      - camel.component enabled (OnHierarchicalPropertiesCondition)
      - AllNestedConditions 2 matched 0 did not; NestedCondition on ConditionalOnCamelContextAndAutoConfigurationBeans.OnCamelAutoConfiguration @ConditionalOnBean (types: org.apache.camel.spring.boot.CamelAutoConfiguration; SearchStrategy: all) found bean 'org.apache.camel.spring.boot.CamelAutoConfiguration'; NestedCondition on ConditionalOnCamelContextAndAutoConfigurationBeans.OnCamelContext @ConditionalOnBean (types: org.apache.camel.CamelContext; SearchStrategy: all) found bean 'camelContext' (ConditionalOnCamelContextAndAutoConfigurationBeans)

   MongoRepositoriesAutoConfiguration matched:
      - @ConditionalOnClass found required classes 'com.mongodb.client.MongoClient', 'org.springframework.data.mongodb.repository.MongoRepository' (OnClassCondition)
      - @ConditionalOnRepositoryType configured type of 'AUTO' matched required type (OnRepositoryTypeCondition)
      - @ConditionalOnMissingBean (types: org.springframework.data.mongodb.repository.support.MongoRepositoryFactoryBean,org.springframework.data.mongodb.repository.config.MongoRepositoryConfigurationExtension; SearchStrategy: all) did not find any beans (OnBeanCondition)

   MultipartAutoConfiguration matched:
      - @ConditionalOnClass found required classes 'jakarta.servlet.Servlet', 'org.springframework.web.multipart.support.StandardServletMultipartResolver', 'jakarta.servlet.MultipartConfigElement' (OnClassCondition)
      - found 'session' scope (OnWebApplicationCondition)
      - @ConditionalOnProperty (spring.servlet.multipart.enabled) matched (OnPropertyCondition)

   MultipartAutoConfiguration#multipartConfigElement matched:
      - @ConditionalOnMissingBean (types: jakarta.servlet.MultipartConfigElement; SearchStrategy: all) did not find any beans (OnBeanCondition)

   MultipartAutoConfiguration#multipartResolver matched:
      - @ConditionalOnMissingBean (types: org.springframework.web.multipart.MultipartResolver; SearchStrategy: all) did not find any beans (OnBeanCondition)

   NettyAutoConfiguration matched:
      - @ConditionalOnClass found required class 'io.netty.util.NettyRuntime' (OnClassCondition)

   NoOpCacheConfiguration matched:
      - Cache org.springframework.boot.autoconfigure.cache.NoOpCacheConfiguration automatic cache type (CacheCondition)

   PersistenceExceptionTranslationAutoConfiguration matched:
      - @ConditionalOnClass found required class 'org.springframework.dao.annotation.PersistenceExceptionTranslationPostProcessor' (OnClassCondition)

   PersistenceExceptionTranslationAutoConfiguration#persistenceExceptionTranslationPostProcessor matched:
      - @ConditionalOnProperty (spring.dao.exceptiontranslation.enabled) matched (OnPropertyCondition)
      - @ConditionalOnMissingBean (types: org.springframework.dao.annotation.PersistenceExceptionTranslationPostProcessor; SearchStrategy: all) did not find any beans (OnBeanCondition)

   PropertiesComponentAutoConfiguration matched:
      - AllNestedConditions 2 matched 0 did not; NestedCondition on ConditionalOnCamelContextAndAutoConfigurationBeans.OnCamelAutoConfiguration @ConditionalOnBean (types: org.apache.camel.spring.boot.CamelAutoConfiguration; SearchStrategy: all) found bean 'org.apache.camel.spring.boot.CamelAutoConfiguration'; NestedCondition on ConditionalOnCamelContextAndAutoConfigurationBeans.OnCamelContext @ConditionalOnBean (types: org.apache.camel.CamelContext; SearchStrategy: all) found bean 'camelContext' (ConditionalOnCamelContextAndAutoConfigurationBeans)

   PropertyPlaceholderAutoConfiguration#propertySourcesPlaceholderConfigurer matched:
      - @ConditionalOnMissingBean (types: org.springframework.context.support.PropertySourcesPlaceholderConfigurer; SearchStrategy: current) did not find any beans (OnBeanCondition)

   RefComponentAutoConfiguration matched:
      - camel.component enabled (OnHierarchicalPropertiesCondition)
      - AllNestedConditions 2 matched 0 did not; NestedCondition on ConditionalOnCamelContextAndAutoConfigurationBeans.OnCamelAutoConfiguration @ConditionalOnBean (types: org.apache.camel.spring.boot.CamelAutoConfiguration; SearchStrategy: all) found bean 'org.apache.camel.spring.boot.CamelAutoConfiguration'; NestedCondition on ConditionalOnCamelContextAndAutoConfigurationBeans.OnCamelContext @ConditionalOnBean (types: org.apache.camel.CamelContext; SearchStrategy: all) found bean 'camelContext' (ConditionalOnCamelContextAndAutoConfigurationBeans)

   RefLanguageAutoConfiguration matched:
      - camel.language enabled (OnHierarchicalPropertiesCondition)
      - AllNestedConditions 2 matched 0 did not; NestedCondition on ConditionalOnCamelContextAndAutoConfigurationBeans.OnCamelAutoConfiguration @ConditionalOnBean (types: org.apache.camel.spring.boot.CamelAutoConfiguration; SearchStrategy: all) found bean 'org.apache.camel.spring.boot.CamelAutoConfiguration'; NestedCondition on ConditionalOnCamelContextAndAutoConfigurationBeans.OnCamelContext @ConditionalOnBean (types: org.apache.camel.CamelContext; SearchStrategy: all) found bean 'camelContext' (ConditionalOnCamelContextAndAutoConfigurationBeans)

   RestApiComponentAutoConfiguration matched:
      - camel.component enabled (OnHierarchicalPropertiesCondition)
      - AllNestedConditions 2 matched 0 did not; NestedCondition on ConditionalOnCamelContextAndAutoConfigurationBeans.OnCamelAutoConfiguration @ConditionalOnBean (types: org.apache.camel.spring.boot.CamelAutoConfiguration; SearchStrategy: all) found bean 'org.apache.camel.spring.boot.CamelAutoConfiguration'; NestedCondition on ConditionalOnCamelContextAndAutoConfigurationBeans.OnCamelContext @ConditionalOnBean (types: org.apache.camel.CamelContext; SearchStrategy: all) found bean 'camelContext' (ConditionalOnCamelContextAndAutoConfigurationBeans)

   RestClientAutoConfiguration matched:
      - @ConditionalOnClass found required class 'org.springframework.web.client.RestClient' (OnClassCondition)
      - NoneNestedConditions 0 matched 1 did not; NestedCondition on NotReactiveWebApplicationCondition.ReactiveWebApplication did not find reactive web application classes (NotReactiveWebApplicationCondition)

   RestClientAutoConfiguration#httpMessageConvertersRestClientCustomizer matched:
      - @ConditionalOnMissingBean (types: org.springframework.boot.autoconfigure.web.client.HttpMessageConvertersRestClientCustomizer; SearchStrategy: all) did not find any beans (OnBeanCondition)

   RestClientAutoConfiguration#restClientBuilder matched:
      - @ConditionalOnMissingBean (types: org.springframework.web.client.RestClient$Builder; SearchStrategy: all) did not find any beans (OnBeanCondition)

   RestClientAutoConfiguration#restClientBuilderConfigurer matched:
      - @ConditionalOnMissingBean (types: org.springframework.boot.autoconfigure.web.client.RestClientBuilderConfigurer; SearchStrategy: all) did not find any beans (OnBeanCondition)

   RestClientAutoConfiguration#restClientSsl matched:
      - @ConditionalOnBean (types: org.springframework.boot.ssl.SslBundles; SearchStrategy: all) found bean 'sslBundleRegistry'; @ConditionalOnMissingBean (types: org.springframework.boot.autoconfigure.web.client.RestClientSsl; SearchStrategy: all) did not find any beans (OnBeanCondition)

   RestComponentAutoConfiguration matched:
      - camel.component enabled (OnHierarchicalPropertiesCondition)
      - AllNestedConditions 2 matched 0 did not; NestedCondition on ConditionalOnCamelContextAndAutoConfigurationBeans.OnCamelAutoConfiguration @ConditionalOnBean (types: org.apache.camel.spring.boot.CamelAutoConfiguration; SearchStrategy: all) found bean 'org.apache.camel.spring.boot.CamelAutoConfiguration'; NestedCondition on ConditionalOnCamelContextAndAutoConfigurationBeans.OnCamelContext @ConditionalOnBean (types: org.apache.camel.CamelContext; SearchStrategy: all) found bean 'camelContext' (ConditionalOnCamelContextAndAutoConfigurationBeans)

   RestConfigurationDefinitionAutoConfiguration matched:
      - @ConditionalOnProperty (camel.rest.enabled) matched (OnPropertyCondition)
      - @ConditionalOnBean (types: org.apache.camel.spring.boot.CamelAutoConfiguration; SearchStrategy: all) found bean 'org.apache.camel.spring.boot.CamelAutoConfiguration' (OnBeanCondition)

   RestConfigurationDefinitionAutoConfiguration#configureRestConfigurationDefinition matched:
      - @ConditionalOnClass found required class 'org.apache.camel.CamelContext' (OnClassCondition)
      - @ConditionalOnMissingBean (types: org.apache.camel.spi.RestConfiguration; SearchStrategy: all) did not find any beans (OnBeanCondition)

   RestTemplateAutoConfiguration matched:
      - @ConditionalOnClass found required class 'org.springframework.web.client.RestTemplate' (OnClassCondition)
      - NoneNestedConditions 0 matched 1 did not; NestedCondition on NotReactiveWebApplicationCondition.ReactiveWebApplication did not find reactive web application classes (NotReactiveWebApplicationCondition)

   RestTemplateAutoConfiguration#restTemplateBuilder matched:
      - @ConditionalOnMissingBean (types: org.springframework.boot.web.client.RestTemplateBuilder; SearchStrategy: all) did not find any beans (OnBeanCondition)

   SagaComponentAutoConfiguration matched:
      - camel.component enabled (OnHierarchicalPropertiesCondition)
      - AllNestedConditions 2 matched 0 did not; NestedCondition on ConditionalOnCamelContextAndAutoConfigurationBeans.OnCamelAutoConfiguration @ConditionalOnBean (types: org.apache.camel.spring.boot.CamelAutoConfiguration; SearchStrategy: all) found bean 'org.apache.camel.spring.boot.CamelAutoConfiguration'; NestedCondition on ConditionalOnCamelContextAndAutoConfigurationBeans.OnCamelContext @ConditionalOnBean (types: org.apache.camel.CamelContext; SearchStrategy: all) found bean 'camelContext' (ConditionalOnCamelContextAndAutoConfigurationBeans)

   SchedulerComponentAutoConfiguration matched:
      - camel.component enabled (OnHierarchicalPropertiesCondition)
      - AllNestedConditions 2 matched 0 did not; NestedCondition on ConditionalOnCamelContextAndAutoConfigurationBeans.OnCamelAutoConfiguration @ConditionalOnBean (types: org.apache.camel.spring.boot.CamelAutoConfiguration; SearchStrategy: all) found bean 'org.apache.camel.spring.boot.CamelAutoConfiguration'; NestedCondition on ConditionalOnCamelContextAndAutoConfigurationBeans.OnCamelContext @ConditionalOnBean (types: org.apache.camel.CamelContext; SearchStrategy: all) found bean 'camelContext' (ConditionalOnCamelContextAndAutoConfigurationBeans)

   SedaComponentAutoConfiguration matched:
      - camel.component enabled (OnHierarchicalPropertiesCondition)
      - AllNestedConditions 2 matched 0 did not; NestedCondition on ConditionalOnCamelContextAndAutoConfigurationBeans.OnCamelAutoConfiguration @ConditionalOnBean (types: org.apache.camel.spring.boot.CamelAutoConfiguration; SearchStrategy: all) found bean 'org.apache.camel.spring.boot.CamelAutoConfiguration'; NestedCondition on ConditionalOnCamelContextAndAutoConfigurationBeans.OnCamelContext @ConditionalOnBean (types: org.apache.camel.CamelContext; SearchStrategy: all) found bean 'camelContext' (ConditionalOnCamelContextAndAutoConfigurationBeans)

   ServletComponentAutoConfiguration matched:
      - camel.component enabled (OnHierarchicalPropertiesCondition)
      - AllNestedConditions 2 matched 0 did not; NestedCondition on ConditionalOnCamelContextAndAutoConfigurationBeans.OnCamelAutoConfiguration @ConditionalOnBean (types: org.apache.camel.spring.boot.CamelAutoConfiguration; SearchStrategy: all) found bean 'org.apache.camel.spring.boot.CamelAutoConfiguration'; NestedCondition on ConditionalOnCamelContextAndAutoConfigurationBeans.OnCamelContext @ConditionalOnBean (types: org.apache.camel.CamelContext; SearchStrategy: all) found bean 'camelContext' (ConditionalOnCamelContextAndAutoConfigurationBeans)

   ServletMappingAutoConfiguration matched:
      - @ConditionalOnWebApplication (required) found 'session' scope (OnWebApplicationCondition)
      - @ConditionalOnProperty (camel.servlet.mapping.enabled) matched (OnPropertyCondition)
      - @ConditionalOnBean (types: org.apache.camel.spring.boot.CamelAutoConfiguration; SearchStrategy: all) found bean 'org.apache.camel.spring.boot.CamelAutoConfiguration' (OnBeanCondition)

   ServletMappingAutoConfiguration#configureServletComponent matched:
      - @ConditionalOnMissingBean (types: org.apache.camel.component.servlet.ServletComponent; SearchStrategy: all) did not find any beans (OnBeanCondition)

   ServletWebServerFactoryAutoConfiguration matched:
      - @ConditionalOnClass found required class 'jakarta.servlet.ServletRequest' (OnClassCondition)
      - found 'session' scope (OnWebApplicationCondition)

   ServletWebServerFactoryAutoConfiguration#tomcatServletWebServerFactoryCustomizer matched:
      - @ConditionalOnClass found required class 'org.apache.catalina.startup.Tomcat' (OnClassCondition)

   ServletWebServerFactoryConfiguration.EmbeddedTomcat matched:
      - @ConditionalOnClass found required classes 'jakarta.servlet.Servlet', 'org.apache.catalina.startup.Tomcat', 'org.apache.coyote.UpgradeProtocol' (OnClassCondition)
      - @ConditionalOnMissingBean (types: org.springframework.boot.web.servlet.server.ServletWebServerFactory; SearchStrategy: current) did not find any beans (OnBeanCondition)

   SimpleCacheConfiguration matched:
      - Cache org.springframework.boot.autoconfigure.cache.SimpleCacheConfiguration automatic cache type (CacheCondition)

   SimpleLanguageAutoConfiguration matched:
      - camel.language enabled (OnHierarchicalPropertiesCondition)
      - AllNestedConditions 2 matched 0 did not; NestedCondition on ConditionalOnCamelContextAndAutoConfigurationBeans.OnCamelAutoConfiguration @ConditionalOnBean (types: org.apache.camel.spring.boot.CamelAutoConfiguration; SearchStrategy: all) found bean 'org.apache.camel.spring.boot.CamelAutoConfiguration'; NestedCondition on ConditionalOnCamelContextAndAutoConfigurationBeans.OnCamelContext @ConditionalOnBean (types: org.apache.camel.CamelContext; SearchStrategy: all) found bean 'camelContext' (ConditionalOnCamelContextAndAutoConfigurationBeans)

   SpringDataWebAutoConfiguration matched:
      - @ConditionalOnClass found required classes 'org.springframework.data.web.PageableHandlerMethodArgumentResolver', 'org.springframework.web.servlet.config.annotation.WebMvcConfigurer' (OnClassCondition)
      - found 'session' scope (OnWebApplicationCondition)
      - @ConditionalOnMissingBean (types: org.springframework.data.web.PageableHandlerMethodArgumentResolver; SearchStrategy: all) did not find any beans (OnBeanCondition)

   SpringDataWebAutoConfiguration#pageableCustomizer matched:
      - @ConditionalOnMissingBean (types: org.springframework.data.web.config.PageableHandlerMethodArgumentResolverCustomizer; SearchStrategy: all) did not find any beans (OnBeanCondition)

   SpringDataWebAutoConfiguration#sortCustomizer matched:
      - @ConditionalOnMissingBean (types: org.springframework.data.web.config.SortHandlerMethodArgumentResolverCustomizer; SearchStrategy: all) did not find any beans (OnBeanCondition)

   SpringDataWebAutoConfiguration#springDataWebSettings matched:
      - @ConditionalOnMissingBean (types: org.springframework.data.web.config.SpringDataWebSettings; SearchStrategy: all) did not find any beans (OnBeanCondition)

   SqlInitializationAutoConfiguration matched:
      - @ConditionalOnProperty (spring.sql.init.enabled) matched (OnPropertyCondition)
      - NoneNestedConditions 0 matched 1 did not; NestedCondition on SqlInitializationAutoConfiguration.SqlInitializationModeCondition.ModeIsNever @ConditionalOnProperty (spring.sql.init.mode=never) did not find property 'mode' (SqlInitializationAutoConfiguration.SqlInitializationModeCondition)

   SslAutoConfiguration#sslBundleRegistry matched:
      - @ConditionalOnMissingBean (types: org.springframework.boot.ssl.SslBundleRegistry,org.springframework.boot.ssl.SslBundles; SearchStrategy: all) did not find any beans (OnBeanCondition)

   StubComponentAutoConfiguration matched:
      - camel.component enabled (OnHierarchicalPropertiesCondition)
      - AllNestedConditions 2 matched 0 did not; NestedCondition on ConditionalOnCamelContextAndAutoConfigurationBeans.OnCamelAutoConfiguration @ConditionalOnBean (types: org.apache.camel.spring.boot.CamelAutoConfiguration; SearchStrategy: all) found bean 'org.apache.camel.spring.boot.CamelAutoConfiguration'; NestedCondition on ConditionalOnCamelContextAndAutoConfigurationBeans.OnCamelContext @ConditionalOnBean (types: org.apache.camel.CamelContext; SearchStrategy: all) found bean 'camelContext' (ConditionalOnCamelContextAndAutoConfigurationBeans)

   TaskExecutionAutoConfiguration matched:
      - @ConditionalOnClass found required class 'org.springframework.scheduling.concurrent.ThreadPoolTaskExecutor' (OnClassCondition)

   TaskExecutorConfigurations.SimpleAsyncTaskExecutorBuilderConfiguration#simpleAsyncTaskExecutorBuilder matched:
      - @ConditionalOnMissingBean (types: org.springframework.boot.task.SimpleAsyncTaskExecutorBuilder; SearchStrategy: all) did not find any beans (OnBeanCondition)
      - @ConditionalOnThreading found PLATFORM (OnThreadingCondition)

   TaskExecutorConfigurations.TaskExecutorConfiguration matched:
      - @ConditionalOnMissingBean (types: java.util.concurrent.Executor; SearchStrategy: all) did not find any beans (OnBeanCondition)

   TaskExecutorConfigurations.TaskExecutorConfiguration#applicationTaskExecutor matched:
      - @ConditionalOnThreading found PLATFORM (OnThreadingCondition)

   TaskExecutorConfigurations.ThreadPoolTaskExecutorBuilderConfiguration#threadPoolTaskExecutorBuilder matched:
      - @ConditionalOnMissingBean (types: org.springframework.boot.task.ThreadPoolTaskExecutorBuilder; SearchStrategy: all) did not find any beans (OnBeanCondition)

   TaskSchedulingAutoConfiguration matched:
      - @ConditionalOnClass found required class 'org.springframework.scheduling.concurrent.ThreadPoolTaskScheduler' (OnClassCondition)

   TaskSchedulingConfigurations.SimpleAsyncTaskSchedulerBuilderConfiguration#simpleAsyncTaskSchedulerBuilder matched:
      - @ConditionalOnMissingBean (types: org.springframework.boot.task.SimpleAsyncTaskSchedulerBuilder; SearchStrategy: all) did not find any beans (OnBeanCondition)
      - @ConditionalOnThreading found PLATFORM (OnThreadingCondition)

   TaskSchedulingConfigurations.ThreadPoolTaskSchedulerBuilderConfiguration#threadPoolTaskSchedulerBuilder matched:
      - @ConditionalOnMissingBean (types: org.springframework.boot.task.ThreadPoolTaskSchedulerBuilder; SearchStrategy: all) did not find any beans (OnBeanCondition)

   TimerComponentAutoConfiguration matched:
      - camel.component enabled (OnHierarchicalPropertiesCondition)
      - AllNestedConditions 2 matched 0 did not; NestedCondition on ConditionalOnCamelContextAndAutoConfigurationBeans.OnCamelAutoConfiguration @ConditionalOnBean (types: org.apache.camel.spring.boot.CamelAutoConfiguration; SearchStrategy: all) found bean 'org.apache.camel.spring.boot.CamelAutoConfiguration'; NestedCondition on ConditionalOnCamelContextAndAutoConfigurationBeans.OnCamelContext @ConditionalOnBean (types: org.apache.camel.CamelContext; SearchStrategy: all) found bean 'camelContext' (ConditionalOnCamelContextAndAutoConfigurationBeans)

   TokenizeLanguageAutoConfiguration matched:
      - camel.language enabled (OnHierarchicalPropertiesCondition)
      - AllNestedConditions 2 matched 0 did not; NestedCondition on ConditionalOnCamelContextAndAutoConfigurationBeans.OnCamelAutoConfiguration @ConditionalOnBean (types: org.apache.camel.spring.boot.CamelAutoConfiguration; SearchStrategy: all) found bean 'org.apache.camel.spring.boot.CamelAutoConfiguration'; NestedCondition on ConditionalOnCamelContextAndAutoConfigurationBeans.OnCamelContext @ConditionalOnBean (types: org.apache.camel.CamelContext; SearchStrategy: all) found bean 'camelContext' (ConditionalOnCamelContextAndAutoConfigurationBeans)

   TransactionAutoConfiguration matched:
      - @ConditionalOnClass found required class 'org.springframework.transaction.PlatformTransactionManager' (OnClassCondition)

   TransactionManagerCustomizationAutoConfiguration matched:
      - @ConditionalOnClass found required class 'org.springframework.transaction.PlatformTransactionManager' (OnClassCondition)

   TransactionManagerCustomizationAutoConfiguration#platformTransactionManagerCustomizers matched:
      - @ConditionalOnMissingBean (types: org.springframework.boot.autoconfigure.transaction.TransactionManagerCustomizers; SearchStrategy: all) did not find any beans (OnBeanCondition)

   TypeConversionConfiguration matched:
      - @ConditionalOnProperty (camel.springboot.type-conversion) matched (OnPropertyCondition)

   ValidatorComponentAutoConfiguration matched:
      - camel.component enabled (OnHierarchicalPropertiesCondition)
      - AllNestedConditions 2 matched 0 did not; NestedCondition on ConditionalOnCamelContextAndAutoConfigurationBeans.OnCamelAutoConfiguration @ConditionalOnBean (types: org.apache.camel.spring.boot.CamelAutoConfiguration; SearchStrategy: all) found bean 'org.apache.camel.spring.boot.CamelAutoConfiguration'; NestedCondition on ConditionalOnCamelContextAndAutoConfigurationBeans.OnCamelContext @ConditionalOnBean (types: org.apache.camel.CamelContext; SearchStrategy: all) found bean 'camelContext' (ConditionalOnCamelContextAndAutoConfigurationBeans)

   WebMvcAutoConfiguration matched:
      - @ConditionalOnClass found required classes 'jakarta.servlet.Servlet', 'org.springframework.web.servlet.DispatcherServlet', 'org.springframework.web.servlet.config.annotation.WebMvcConfigurer' (OnClassCondition)
      - found 'session' scope (OnWebApplicationCondition)
      - @ConditionalOnMissingBean (types: org.springframework.web.servlet.config.annotation.WebMvcConfigurationSupport; SearchStrategy: all) did not find any beans (OnBeanCondition)

   WebMvcAutoConfiguration#formContentFilter matched:
      - @ConditionalOnProperty (spring.mvc.formcontent.filter.enabled) matched (OnPropertyCondition)
      - @ConditionalOnMissingBean (types: org.springframework.web.filter.FormContentFilter; SearchStrategy: all) did not find any beans (OnBeanCondition)

   WebMvcAutoConfiguration.EnableWebMvcConfiguration#flashMapManager matched:
      - @ConditionalOnMissingBean (names: flashMapManager; SearchStrategy: all) did not find any beans (OnBeanCondition)

   WebMvcAutoConfiguration.EnableWebMvcConfiguration#localeResolver matched:
      - @ConditionalOnMissingBean (names: localeResolver; SearchStrategy: all) did not find any beans (OnBeanCondition)

   WebMvcAutoConfiguration.EnableWebMvcConfiguration#themeResolver matched:
      - @ConditionalOnMissingBean (names: themeResolver; SearchStrategy: all) did not find any beans (OnBeanCondition)

   WebMvcAutoConfiguration.EnableWebMvcConfiguration#viewNameTranslator matched:
      - @ConditionalOnMissingBean (names: viewNameTranslator; SearchStrategy: all) did not find any beans (OnBeanCondition)

   WebMvcAutoConfiguration.WebMvcAutoConfigurationAdapter#defaultViewResolver matched:
      - @ConditionalOnMissingBean (types: org.springframework.web.servlet.view.InternalResourceViewResolver; SearchStrategy: all) did not find any beans (OnBeanCondition)

   WebMvcAutoConfiguration.WebMvcAutoConfigurationAdapter#requestContextFilter matched:
      - @ConditionalOnMissingBean (types: org.springframework.web.context.request.RequestContextListener,org.springframework.web.filter.RequestContextFilter; SearchStrategy: all) did not find any beans (OnBeanCondition)

   WebMvcAutoConfiguration.WebMvcAutoConfigurationAdapter#viewResolver matched:
      - @ConditionalOnBean (types: org.springframework.web.servlet.ViewResolver; SearchStrategy: all) found beans 'defaultViewResolver', 'beanNameViewResolver', 'mvcViewResolver'; @ConditionalOnMissingBean (names: viewResolver types: org.springframework.web.servlet.view.ContentNegotiatingViewResolver; SearchStrategy: all) did not find any beans (OnBeanCondition)

   WebSocketServletAutoConfiguration matched:
      - @ConditionalOnClass found required classes 'jakarta.servlet.Servlet', 'jakarta.websocket.server.ServerContainer' (OnClassCondition)
      - found 'session' scope (OnWebApplicationCondition)

   WebSocketServletAutoConfiguration.TomcatWebSocketConfiguration matched:
      - @ConditionalOnClass found required classes 'org.apache.catalina.startup.Tomcat', 'org.apache.tomcat.websocket.server.WsSci' (OnClassCondition)

   WebSocketServletAutoConfiguration.TomcatWebSocketConfiguration#websocketServletWebServerCustomizer matched:
      - @ConditionalOnMissingBean (names: websocketServletWebServerCustomizer; SearchStrategy: all) did not find any beans (OnBeanCondition)

   XPathLanguageAutoConfiguration matched:
      - camel.language enabled (OnHierarchicalPropertiesCondition)
      - AllNestedConditions 2 matched 0 did not; NestedCondition on ConditionalOnCamelContextAndAutoConfigurationBeans.OnCamelAutoConfiguration @ConditionalOnBean (types: org.apache.camel.spring.boot.CamelAutoConfiguration; SearchStrategy: all) found bean 'org.apache.camel.spring.boot.CamelAutoConfiguration'; NestedCondition on ConditionalOnCamelContextAndAutoConfigurationBeans.OnCamelContext @ConditionalOnBean (types: org.apache.camel.CamelContext; SearchStrategy: all) found bean 'camelContext' (ConditionalOnCamelContextAndAutoConfigurationBeans)

   XsltComponentAutoConfiguration matched:
      - camel.component enabled (OnHierarchicalPropertiesCondition)
      - AllNestedConditions 2 matched 0 did not; NestedCondition on ConditionalOnCamelContextAndAutoConfigurationBeans.OnCamelAutoConfiguration @ConditionalOnBean (types: org.apache.camel.spring.boot.CamelAutoConfiguration; SearchStrategy: all) found bean 'org.apache.camel.spring.boot.CamelAutoConfiguration'; NestedCondition on ConditionalOnCamelContextAndAutoConfigurationBeans.OnCamelContext @ConditionalOnBean (types: org.apache.camel.CamelContext; SearchStrategy: all) found bean 'camelContext' (ConditionalOnCamelContextAndAutoConfigurationBeans)


Negative matches:
-----------------

   ActiveMQAutoConfiguration:
      Did not match:
         - @ConditionalOnMissingBean (types: jakarta.jms.ConnectionFactory; SearchStrategy: all) found beans of type 'jakarta.jms.ConnectionFactory' connectionFactory (OnBeanCondition)
      Matched:
         - @ConditionalOnClass found required classes 'jakarta.jms.ConnectionFactory', 'org.apache.activemq.ActiveMQConnectionFactory' (OnClassCondition)

   ActiveMQConnectionFactoryConfiguration.PooledConnectionFactoryConfiguration:
      Did not match:
         - @ConditionalOnClass did not find required class 'org.messaginghub.pooled.jms.JmsPoolConnectionFactory' (OnClassCondition)

   ActiveMQXAConnectionFactoryConfiguration:
      Did not match:
         - @ConditionalOnClass did not find required class 'jakarta.transaction.TransactionManager' (OnClassCondition)

   AopAutoConfiguration.AspectJAutoProxyingConfiguration:
      Did not match:
         - @ConditionalOnClass did not find required class 'org.aspectj.weaver.Advice' (OnClassCondition)

   ArtemisAutoConfiguration:
      Did not match:
         - @ConditionalOnClass did not find required class 'org.apache.activemq.artemis.jms.client.ActiveMQConnectionFactory' (OnClassCondition)

   BatchAutoConfiguration:
      Did not match:
         - @ConditionalOnClass did not find required class 'org.springframework.batch.core.launch.JobLauncher' (OnClassCondition)

   Cache2kCacheConfiguration:
      Did not match:
         - @ConditionalOnClass did not find required class 'org.cache2k.Cache2kBuilder' (OnClassCondition)

   CacheAutoConfiguration:
      Did not match:
         - @ConditionalOnBean (types: org.springframework.cache.interceptor.CacheAspectSupport; SearchStrategy: all) did not find any beans of type org.springframework.cache.interceptor.CacheAspectSupport (OnBeanCondition)
      Matched:
         - @ConditionalOnClass found required class 'org.springframework.cache.CacheManager' (OnClassCondition)

   CacheAutoConfiguration.CacheManagerEntityManagerFactoryDependsOnPostProcessor:
      Did not match:
         - @ConditionalOnClass did not find required class 'org.springframework.orm.jpa.LocalContainerEntityManagerFactoryBean' (OnClassCondition)
         - Ancestor org.springframework.boot.autoconfigure.cache.CacheAutoConfiguration did not match (ConditionEvaluationReport.AncestorsMatchedCondition)

   CaffeineCacheConfiguration:
      Did not match:
         - @ConditionalOnClass did not find required class 'com.github.benmanes.caffeine.cache.Caffeine' (OnClassCondition)

   CamelDevConsoleAutoConfiguration:
      Did not match:
         - @ConditionalOnClass did not find required class 'org.apache.camel.impl.console.DefaultDevConsoleRegistry' (OnClassCondition)

   CamelSSLAutoConfiguration#sslContextParameters:
      Did not match:
         - camel.ssl not enabled (CamelSSLAutoConfiguration.SSLCondition)

   CamelSSLAutoConfiguration#sslContextParametersSupplier:
      Did not match:
         - camel.ssl.config not enabled (CamelSSLAutoConfiguration.SSLConfigCondition)

   CassandraAutoConfiguration:
      Did not match:
         - @ConditionalOnClass did not find required class 'com.datastax.oss.driver.api.core.CqlSession' (OnClassCondition)

   CassandraDataAutoConfiguration:
      Did not match:
         - @ConditionalOnClass did not find required class 'com.datastax.oss.driver.api.core.CqlSession' (OnClassCondition)

   CassandraReactiveDataAutoConfiguration:
      Did not match:
         - @ConditionalOnClass did not find required class 'com.datastax.oss.driver.api.core.CqlSession' (OnClassCondition)

   CassandraReactiveRepositoriesAutoConfiguration:
      Did not match:
         - @ConditionalOnClass did not find required class 'org.springframework.data.cassandra.ReactiveSession' (OnClassCondition)

   CassandraRepositoriesAutoConfiguration:
      Did not match:
         - @ConditionalOnClass did not find required class 'com.datastax.oss.driver.api.core.CqlSession' (OnClassCondition)

   ClientHttpConnectorAutoConfiguration:
      Did not match:
         - @ConditionalOnClass did not find required class 'org.springframework.web.reactive.function.client.WebClient' (OnClassCondition)

   ClusteredRouteControllerAutoConfiguration:
      Did not match:
         - @ConditionalOnProperty (camel.clustered.controller.enabled) did not find property 'enabled' (OnPropertyCondition)

   CodecsAutoConfiguration:
      Did not match:
         - @ConditionalOnClass did not find required class 'org.springframework.web.reactive.function.client.WebClient' (OnClassCondition)

   CouchbaseAutoConfiguration:
      Did not match:
         - @ConditionalOnClass did not find required class 'com.couchbase.client.java.Cluster' (OnClassCondition)

   CouchbaseCacheConfiguration:
      Did not match:
         - @ConditionalOnClass did not find required class 'com.couchbase.client.java.Cluster' (OnClassCondition)

   CouchbaseDataAutoConfiguration:
      Did not match:
         - @ConditionalOnClass did not find required class 'com.couchbase.client.java.Bucket' (OnClassCondition)

   CouchbaseReactiveDataAutoConfiguration:
      Did not match:
         - @ConditionalOnClass did not find required class 'com.couchbase.client.java.Cluster' (OnClassCondition)

   CouchbaseReactiveRepositoriesAutoConfiguration:
      Did not match:
         - @ConditionalOnClass did not find required class 'com.couchbase.client.java.Cluster' (OnClassCondition)

   CouchbaseRepositoriesAutoConfiguration:
      Did not match:
         - @ConditionalOnClass did not find required class 'com.couchbase.client.java.Bucket' (OnClassCondition)

   DataSourceAutoConfiguration:
      Did not match:
         - @ConditionalOnClass did not find required class 'org.springframework.jdbc.datasource.embedded.EmbeddedDatabaseType' (OnClassCondition)

   DataSourceInitializationConfiguration:
      Did not match:
         - @ConditionalOnClass did not find required class 'org.springframework.jdbc.datasource.init.DatabasePopulator' (OnClassCondition)

   DataSourceTransactionManagerAutoConfiguration:
      Did not match:
         - @ConditionalOnClass did not find required class 'org.springframework.jdbc.core.JdbcTemplate' (OnClassCondition)

   DevToolsDataSourceAutoConfiguration:
      Did not match:
         - Devtools devtools is disabled for current context. (OnEnabledDevToolsCondition)
      Matched:
         - @ConditionalOnClass found required class 'javax.sql.DataSource' (OnClassCondition)

   DevToolsR2dbcAutoConfiguration:
      Did not match:
         - @ConditionalOnClass did not find required class 'io.r2dbc.spi.ConnectionFactory' (OnClassCondition)

   DispatcherServletAutoConfiguration.DispatcherServletConfiguration#multipartResolver:
      Did not match:
         - @ConditionalOnBean (types: org.springframework.web.multipart.MultipartResolver; SearchStrategy: all) did not find any beans of type org.springframework.web.multipart.MultipartResolver (OnBeanCondition)

   ElasticsearchClientAutoConfiguration:
      Did not match:
         - @ConditionalOnClass did not find required class 'co.elastic.clients.elasticsearch.ElasticsearchClient' (OnClassCondition)

   ElasticsearchDataAutoConfiguration:
      Did not match:
         - @ConditionalOnClass did not find required class 'org.springframework.data.elasticsearch.client.elc.ElasticsearchTemplate' (OnClassCondition)

   ElasticsearchRepositoriesAutoConfiguration:
      Did not match:
         - @ConditionalOnClass did not find required class 'org.springframework.data.elasticsearch.repository.ElasticsearchRepository' (OnClassCondition)

   ElasticsearchRestClientAutoConfiguration:
      Did not match:
         - @ConditionalOnClass did not find required class 'org.elasticsearch.client.RestClientBuilder' (OnClassCondition)

   EmbeddedLdapAutoConfiguration:
      Did not match:
         - @ConditionalOnClass did not find required class 'com.unboundid.ldap.listener.InMemoryDirectoryServer' (OnClassCondition)

   EmbeddedWebServerFactoryCustomizerAutoConfiguration:
      Did not match:
         - Application is deployed as a WAR file. (OnWarDeploymentCondition)
      Matched:
         - @ConditionalOnWebApplication (required) found 'session' scope (OnWebApplicationCondition)

   ErrorWebFluxAutoConfiguration:
      Did not match:
         - @ConditionalOnClass did not find required class 'org.springframework.web.reactive.config.WebFluxConfigurer' (OnClassCondition)

   FileLockClusterServiceAutoConfiguration:
      Did not match:
         - @ConditionalOnProperty (camel.cluster.file.enabled) did not find property 'enabled' (OnPropertyCondition)

   FlywayAutoConfiguration:
      Did not match:
         - @ConditionalOnClass did not find required class 'org.flywaydb.core.Flyway' (OnClassCondition)

   FreeMarkerAutoConfiguration:
      Did not match:
         - @ConditionalOnClass did not find required class 'freemarker.template.Configuration' (OnClassCondition)

   GraphQlAutoConfiguration:
      Did not match:
         - @ConditionalOnClass did not find required class 'graphql.GraphQL' (OnClassCondition)

   GraphQlQueryByExampleAutoConfiguration:
      Did not match:
         - @ConditionalOnClass did not find required class 'graphql.GraphQL' (OnClassCondition)

   GraphQlQuerydslAutoConfiguration:
      Did not match:
         - @ConditionalOnClass did not find required class 'com.querydsl.core.Query' (OnClassCondition)

   GraphQlRSocketAutoConfiguration:
      Did not match:
         - @ConditionalOnClass did not find required class 'graphql.GraphQL' (OnClassCondition)

   GraphQlReactiveQueryByExampleAutoConfiguration:
      Did not match:
         - @ConditionalOnClass did not find required class 'graphql.GraphQL' (OnClassCondition)

   GraphQlReactiveQuerydslAutoConfiguration:
      Did not match:
         - @ConditionalOnClass did not find required class 'com.querydsl.core.Query' (OnClassCondition)

   GraphQlWebFluxAutoConfiguration:
      Did not match:
         - @ConditionalOnClass did not find required class 'graphql.GraphQL' (OnClassCondition)

   GraphQlWebFluxSecurityAutoConfiguration:
      Did not match:
         - @ConditionalOnClass did not find required class 'graphql.GraphQL' (OnClassCondition)

   GraphQlWebMvcAutoConfiguration:
      Did not match:
         - @ConditionalOnClass did not find required class 'graphql.GraphQL' (OnClassCondition)

   GraphQlWebMvcSecurityAutoConfiguration:
      Did not match:
         - @ConditionalOnClass did not find required class 'graphql.GraphQL' (OnClassCondition)

   GroovyTemplateAutoConfiguration:
      Did not match:
         - @ConditionalOnClass did not find required class 'groovy.text.markup.MarkupTemplateEngine' (OnClassCondition)

   GsonAutoConfiguration:
      Did not match:
         - @ConditionalOnClass did not find required class 'com.google.gson.Gson' (OnClassCondition)

   GsonHttpMessageConvertersConfiguration:
      Did not match:
         - @ConditionalOnClass did not find required class 'com.google.gson.Gson' (OnClassCondition)

   H2ConsoleAutoConfiguration:
      Did not match:
         - @ConditionalOnClass did not find required class 'org.h2.server.web.JakartaWebServlet' (OnClassCondition)

   HazelcastAutoConfiguration:
      Did not match:
         - @ConditionalOnClass did not find required class 'com.hazelcast.core.HazelcastInstance' (OnClassCondition)

   HazelcastCacheConfiguration:
      Did not match:
         - @ConditionalOnClass did not find required class 'com.hazelcast.core.HazelcastInstance' (OnClassCondition)

   HazelcastJpaDependencyAutoConfiguration:
      Did not match:
         - @ConditionalOnClass did not find required class 'com.hazelcast.core.HazelcastInstance' (OnClassCondition)

   HibernateJpaAutoConfiguration:
      Did not match:
         - @ConditionalOnClass did not find required class 'jakarta.persistence.EntityManager' (OnClassCondition)

   HttpHandlerAutoConfiguration:
      Did not match:
         - @ConditionalOnClass did not find required class 'org.springframework.web.reactive.DispatcherHandler' (OnClassCondition)

   HypermediaAutoConfiguration:
      Did not match:
         - @ConditionalOnClass did not find required class 'org.springframework.hateoas.EntityModel' (OnClassCondition)

   InfinispanCacheConfiguration:
      Did not match:
         - @ConditionalOnClass did not find required class 'org.infinispan.spring.embedded.provider.SpringEmbeddedCacheManager' (OnClassCondition)

   IntegrationAutoConfiguration:
      Did not match:
         - @ConditionalOnClass did not find required class 'org.springframework.integration.config.EnableIntegration' (OnClassCondition)

   JCacheCacheConfiguration:
      Did not match:
         - @ConditionalOnClass did not find required class 'javax.cache.Caching' (OnClassCondition)

   JacksonHttpMessageConvertersConfiguration.MappingJackson2XmlHttpMessageConverterConfiguration:
      Did not match:
         - @ConditionalOnClass did not find required class 'com.fasterxml.jackson.dataformat.xml.XmlMapper' (OnClassCondition)

   JdbcClientAutoConfiguration:
      Did not match:
         - @ConditionalOnSingleCandidate did not find required type 'org.springframework.jdbc.core.namedparam.NamedParameterJdbcTemplate' (OnBeanCondition)

   JdbcRepositoriesAutoConfiguration:
      Did not match:
         - @ConditionalOnClass did not find required class 'org.springframework.data.jdbc.repository.config.AbstractJdbcConfiguration' (OnClassCondition)

   JdbcTemplateAutoConfiguration:
      Did not match:
         - @ConditionalOnClass did not find required class 'org.springframework.jdbc.core.JdbcTemplate' (OnClassCondition)

   JerseyAutoConfiguration:
      Did not match:
         - @ConditionalOnClass did not find required class 'org.glassfish.jersey.server.spring.SpringComponentProvider' (OnClassCondition)

   JmsAnnotationDrivenConfiguration.JndiConfiguration:
      Did not match:
         - @ConditionalOnJndi JNDI environment is not available (OnJndiCondition)

   JmxAutoConfiguration:
      Did not match:
         - @ConditionalOnProperty (spring.jmx.enabled=true) found different value in property 'enabled' (OnPropertyCondition)
      Matched:
         - @ConditionalOnClass found required class 'org.springframework.jmx.export.MBeanExporter' (OnClassCondition)

   JndiConnectionFactoryAutoConfiguration:
      Did not match:
         - AnyNestedCondition 0 matched 2 did not; NestedCondition on JndiConnectionFactoryAutoConfiguration.JndiOrPropertyCondition.Property @ConditionalOnProperty (spring.jms.jndi-name) did not find property 'jndi-name'; NestedCondition on JndiConnectionFactoryAutoConfiguration.JndiOrPropertyCondition.Jndi @ConditionalOnJndi JNDI environment is not available (JndiConnectionFactoryAutoConfiguration.JndiOrPropertyCondition)
      Matched:
         - @ConditionalOnClass found required class 'org.springframework.jms.core.JmsTemplate' (OnClassCondition)

   JndiDataSourceAutoConfiguration:
      Did not match:
         - @ConditionalOnClass did not find required class 'org.springframework.jdbc.datasource.embedded.EmbeddedDatabaseType' (OnClassCondition)

   JooqAutoConfiguration:
      Did not match:
         - @ConditionalOnClass did not find required class 'org.jooq.DSLContext' (OnClassCondition)

   JpaRepositoriesAutoConfiguration:
      Did not match:
         - @ConditionalOnClass did not find required class 'org.springframework.data.jpa.repository.JpaRepository' (OnClassCondition)

   JsonbAutoConfiguration:
      Did not match:
         - @ConditionalOnClass did not find required class 'jakarta.json.bind.Jsonb' (OnClassCondition)

   JsonbHttpMessageConvertersConfiguration:
      Did not match:
         - @ConditionalOnClass did not find required class 'jakarta.json.bind.Jsonb' (OnClassCondition)

   JtaAutoConfiguration:
      Did not match:
         - @ConditionalOnClass did not find required class 'jakarta.transaction.Transaction' (OnClassCondition)

   KafkaAutoConfiguration:
      Did not match:
         - @ConditionalOnClass did not find required class 'org.springframework.kafka.core.KafkaTemplate' (OnClassCondition)

   LdapAutoConfiguration:
      Did not match:
         - @ConditionalOnClass did not find required class 'org.springframework.ldap.core.ContextSource' (OnClassCondition)

   LdapRepositoriesAutoConfiguration:
      Did not match:
         - @ConditionalOnClass did not find required class 'org.springframework.data.ldap.repository.LdapRepository' (OnClassCondition)

   LiquibaseAutoConfiguration:
      Did not match:
         - @ConditionalOnClass did not find required class 'liquibase.change.DatabaseChange' (OnClassCondition)

   LocalDevToolsAutoConfiguration:
      Did not match:
         - Initialized Restarter Condition initialized without URLs (OnInitializedRestarterCondition)

   MailSenderAutoConfiguration:
      Did not match:
         - @ConditionalOnClass did not find required class 'jakarta.mail.internet.MimeMessage' (OnClassCondition)

   MailSenderValidatorAutoConfiguration:
      Did not match:
         - @ConditionalOnSingleCandidate did not find required type 'org.springframework.mail.javamail.JavaMailSenderImpl' (OnBeanCondition)

   MessageSourceAutoConfiguration:
      Did not match:
         - ResourceBundle did not find bundle with basename messages (MessageSourceAutoConfiguration.ResourceBundleCondition)

   MongoAutoConfiguration#mongo:
      Did not match:
         - @ConditionalOnMissingBean (types: com.mongodb.client.MongoClient; SearchStrategy: all) found beans of type 'com.mongodb.client.MongoClient' mongo (OnBeanCondition)

   MongoDataAutoConfiguration#mongoConnectionDetails:
      Did not match:
         - @ConditionalOnMissingBean (types: org.springframework.boot.autoconfigure.mongo.MongoConnectionDetails; SearchStrategy: all) found beans of type 'org.springframework.boot.autoconfigure.mongo.MongoConnectionDetails' mongoConnectionDetails (OnBeanCondition)

   MongoReactiveAutoConfiguration:
      Did not match:
         - @ConditionalOnClass did not find required class 'com.mongodb.reactivestreams.client.MongoClient' (OnClassCondition)

   MongoReactiveDataAutoConfiguration:
      Did not match:
         - @ConditionalOnClass did not find required class 'com.mongodb.reactivestreams.client.MongoClient' (OnClassCondition)

   MongoReactiveRepositoriesAutoConfiguration:
      Did not match:
         - @ConditionalOnClass did not find required class 'com.mongodb.reactivestreams.client.MongoClient' (OnClassCondition)

   MustacheAutoConfiguration:
      Did not match:
         - @ConditionalOnClass did not find required class 'com.samskivert.mustache.Mustache' (OnClassCondition)

   Neo4jAutoConfiguration:
      Did not match:
         - @ConditionalOnClass did not find required class 'org.neo4j.driver.Driver' (OnClassCondition)

   Neo4jDataAutoConfiguration:
      Did not match:
         - @ConditionalOnClass did not find required class 'org.neo4j.driver.Driver' (OnClassCondition)

   Neo4jReactiveDataAutoConfiguration:
      Did not match:
         - @ConditionalOnClass did not find required class 'org.neo4j.driver.Driver' (OnClassCondition)

   Neo4jReactiveRepositoriesAutoConfiguration:
      Did not match:
         - @ConditionalOnClass did not find required class 'org.neo4j.driver.Driver' (OnClassCondition)

   Neo4jRepositoriesAutoConfiguration:
      Did not match:
         - @ConditionalOnClass did not find required class 'org.neo4j.driver.Driver' (OnClassCondition)

   OAuth2AuthorizationServerAutoConfiguration:
      Did not match:
         - @ConditionalOnClass did not find required class 'org.springframework.security.oauth2.server.authorization.OAuth2Authorization' (OnClassCondition)

   OAuth2AuthorizationServerJwtAutoConfiguration:
      Did not match:
         - @ConditionalOnClass did not find required class 'org.springframework.security.oauth2.server.authorization.OAuth2Authorization' (OnClassCondition)

   OAuth2ClientAutoConfiguration:
      Did not match:
         - @ConditionalOnClass did not find required class 'org.springframework.security.config.annotation.web.configuration.EnableWebSecurity' (OnClassCondition)

   OAuth2ResourceServerAutoConfiguration:
      Did not match:
         - @ConditionalOnClass did not find required class 'org.springframework.security.oauth2.server.resource.authentication.BearerTokenAuthenticationToken' (OnClassCondition)

   ProjectInfoAutoConfiguration#buildProperties:
      Did not match:
         - @ConditionalOnResource did not find resource '${spring.info.build.location:classpath:META-INF/build-info.properties}' (OnResourceCondition)

   ProjectInfoAutoConfiguration#gitProperties:
      Did not match:
         - GitResource did not find git info at classpath:git.properties (ProjectInfoAutoConfiguration.GitResourceAvailableCondition)

   PropertiesComponentAutoConfiguration#configurePropertiesComponent:
      Did not match:
         - @ConditionalOnMissingBean (types: org.apache.camel.component.properties.PropertiesComponent; SearchStrategy: all) found beans of type 'org.apache.camel.component.properties.PropertiesComponent' properties (OnBeanCondition)

   PulsarAutoConfiguration:
      Did not match:
         - @ConditionalOnClass did not find required class 'org.apache.pulsar.client.api.PulsarClient' (OnClassCondition)

   PulsarReactiveAutoConfiguration:
      Did not match:
         - @ConditionalOnClass did not find required class 'org.apache.pulsar.client.api.PulsarClient' (OnClassCondition)

   QuartzAutoConfiguration:
      Did not match:
         - @ConditionalOnClass did not find required class 'org.quartz.Scheduler' (OnClassCondition)

   R2dbcAutoConfiguration:
      Did not match:
         - @ConditionalOnClass did not find required class 'io.r2dbc.spi.ConnectionFactory' (OnClassCondition)

   R2dbcDataAutoConfiguration:
      Did not match:
         - @ConditionalOnClass did not find required class 'org.springframework.data.r2dbc.core.R2dbcEntityTemplate' (OnClassCondition)

   R2dbcInitializationConfiguration:
      Did not match:
         - @ConditionalOnClass did not find required classes 'io.r2dbc.spi.ConnectionFactory', 'org.springframework.r2dbc.connection.init.DatabasePopulator' (OnClassCondition)

   R2dbcProxyAutoConfiguration:
      Did not match:
         - @ConditionalOnClass did not find required class 'io.r2dbc.proxy.ProxyConnectionFactory' (OnClassCondition)

   R2dbcRepositoriesAutoConfiguration:
      Did not match:
         - @ConditionalOnClass did not find required class 'io.r2dbc.spi.ConnectionFactory' (OnClassCondition)

   R2dbcTransactionManagerAutoConfiguration:
      Did not match:
         - @ConditionalOnClass did not find required class 'org.springframework.r2dbc.connection.R2dbcTransactionManager' (OnClassCondition)

   RSocketGraphQlClientAutoConfiguration:
      Did not match:
         - @ConditionalOnClass did not find required class 'graphql.GraphQL' (OnClassCondition)

   RSocketMessagingAutoConfiguration:
      Did not match:
         - @ConditionalOnClass did not find required class 'io.rsocket.RSocket' (OnClassCondition)

   RSocketRequesterAutoConfiguration:
      Did not match:
         - @ConditionalOnClass did not find required class 'io.rsocket.RSocket' (OnClassCondition)

   RSocketSecurityAutoConfiguration:
      Did not match:
         - @ConditionalOnClass did not find required class 'org.springframework.security.rsocket.core.SecuritySocketAcceptorInterceptor' (OnClassCondition)

   RSocketServerAutoConfiguration:
      Did not match:
         - @ConditionalOnClass did not find required class 'io.rsocket.core.RSocketServer' (OnClassCondition)

   RSocketStrategiesAutoConfiguration:
      Did not match:
         - @ConditionalOnClass did not find required class 'io.rsocket.RSocket' (OnClassCondition)

   RabbitAutoConfiguration:
      Did not match:
         - @ConditionalOnClass did not find required class 'com.rabbitmq.client.Channel' (OnClassCondition)

   ReactiveElasticsearchClientAutoConfiguration:
      Did not match:
         - @ConditionalOnClass did not find required class 'co.elastic.clients.transport.ElasticsearchTransport' (OnClassCondition)

   ReactiveElasticsearchRepositoriesAutoConfiguration:
      Did not match:
         - @ConditionalOnClass did not find required class 'reactor.core.publisher.Mono' (OnClassCondition)

   ReactiveMultipartAutoConfiguration:
      Did not match:
         - @ConditionalOnClass did not find required class 'org.springframework.web.reactive.config.WebFluxConfigurer' (OnClassCondition)

   ReactiveOAuth2ClientAutoConfiguration:
      Did not match:
         - @ConditionalOnClass did not find required class 'reactor.core.publisher.Flux' (OnClassCondition)

   ReactiveOAuth2ResourceServerAutoConfiguration:
      Did not match:
         - @ConditionalOnClass did not find required class 'org.springframework.security.config.annotation.web.reactive.EnableWebFluxSecurity' (OnClassCondition)

   ReactiveSecurityAutoConfiguration:
      Did not match:
         - @ConditionalOnClass did not find required class 'reactor.core.publisher.Flux' (OnClassCondition)

   ReactiveUserDetailsServiceAutoConfiguration:
      Did not match:
         - @ConditionalOnClass did not find required class 'org.springframework.security.authentication.ReactiveAuthenticationManager' (OnClassCondition)

   ReactiveWebServerFactoryAutoConfiguration:
      Did not match:
         - @ConditionalOnWebApplication did not find reactive web application classes (OnWebApplicationCondition)

   ReactorAutoConfiguration:
      Did not match:
         - @ConditionalOnClass did not find required class 'reactor.core.publisher.Hooks' (OnClassCondition)

   RedisAutoConfiguration:
      Did not match:
         - @ConditionalOnClass did not find required class 'org.springframework.data.redis.core.RedisOperations' (OnClassCondition)

   RedisCacheConfiguration:
      Did not match:
         - @ConditionalOnClass did not find required class 'org.springframework.data.redis.connection.RedisConnectionFactory' (OnClassCondition)

   RedisReactiveAutoConfiguration:
      Did not match:
         - @ConditionalOnClass did not find required class 'reactor.core.publisher.Flux' (OnClassCondition)

   RedisRepositoriesAutoConfiguration:
      Did not match:
         - @ConditionalOnClass did not find required class 'org.springframework.data.redis.repository.configuration.EnableRedisRepositories' (OnClassCondition)

   RemoteDevToolsAutoConfiguration:
      Did not match:
         - @ConditionalOnProperty (spring.devtools.remote.secret) did not find property 'secret' (OnPropertyCondition)
      Matched:
         - @ConditionalOnClass found required classes 'jakarta.servlet.Filter', 'org.springframework.http.server.ServerHttpRequest' (OnClassCondition)

   RepositoryRestMvcAutoConfiguration:
      Did not match:
         - @ConditionalOnClass did not find required class 'org.springframework.data.rest.webmvc.config.RepositoryRestMvcConfiguration' (OnClassCondition)

   Saml2RelyingPartyAutoConfiguration:
      Did not match:
         - @ConditionalOnClass did not find required class 'org.springframework.security.saml2.provider.service.registration.RelyingPartyRegistrationRepository' (OnClassCondition)

   SecurityAutoConfiguration:
      Did not match:
         - @ConditionalOnClass did not find required class 'org.springframework.security.authentication.DefaultAuthenticationEventPublisher' (OnClassCondition)

   SecurityFilterAutoConfiguration:
      Did not match:
         - @ConditionalOnClass did not find required class 'org.springframework.security.config.http.SessionCreationPolicy' (OnClassCondition)

   SendGridAutoConfiguration:
      Did not match:
         - @ConditionalOnClass did not find required class 'com.sendgrid.SendGrid' (OnClassCondition)

   ServletWebServerFactoryAutoConfiguration.ForwardedHeaderFilterConfiguration:
      Did not match:
         - @ConditionalOnProperty (server.forward-headers-strategy=framework) did not find property 'server.forward-headers-strategy' (OnPropertyCondition)

   ServletWebServerFactoryConfiguration.EmbeddedJetty:
      Did not match:
         - @ConditionalOnClass did not find required classes 'org.eclipse.jetty.server.Server', 'org.eclipse.jetty.util.Loader', 'org.eclipse.jetty.ee10.webapp.WebAppContext' (OnClassCondition)

   ServletWebServerFactoryConfiguration.EmbeddedUndertow:
      Did not match:
         - @ConditionalOnClass did not find required classes 'io.undertow.Undertow', 'org.xnio.SslClientAuthMode' (OnClassCondition)

   SessionAutoConfiguration:
      Did not match:
         - @ConditionalOnClass did not find required class 'org.springframework.session.Session' (OnClassCondition)

   SpringApplicationAdminJmxAutoConfiguration:
      Did not match:
         - @ConditionalOnProperty (spring.application.admin.enabled=true) did not find property 'enabled' (OnPropertyCondition)

   TaskExecutorConfigurations.SimpleAsyncTaskExecutorBuilderConfiguration#simpleAsyncTaskExecutorBuilderVirtualThreads:
      Did not match:
         - @ConditionalOnMissingBean (types: org.springframework.boot.task.SimpleAsyncTaskExecutorBuilder; SearchStrategy: all) found beans of type 'org.springframework.boot.task.SimpleAsyncTaskExecutorBuilder' simpleAsyncTaskExecutorBuilder (OnBeanCondition)

   TaskExecutorConfigurations.TaskExecutorConfiguration#applicationTaskExecutorVirtualThreads:
      Did not match:
         - @ConditionalOnThreading did not find VIRTUAL (OnThreadingCondition)

   TaskSchedulingAutoConfiguration#scheduledBeanLazyInitializationExcludeFilter:
      Did not match:
         - @ConditionalOnBean (names: org.springframework.context.annotation.internalScheduledAnnotationProcessor; SearchStrategy: all) did not find any beans named org.springframework.context.annotation.internalScheduledAnnotationProcessor (OnBeanCondition)

   TaskSchedulingConfigurations.SimpleAsyncTaskSchedulerBuilderConfiguration#simpleAsyncTaskSchedulerBuilderVirtualThreads:
      Did not match:
         - @ConditionalOnMissingBean (types: org.springframework.boot.task.SimpleAsyncTaskSchedulerBuilder; SearchStrategy: all) found beans of type 'org.springframework.boot.task.SimpleAsyncTaskSchedulerBuilder' simpleAsyncTaskSchedulerBuilder (OnBeanCondition)

   TaskSchedulingConfigurations.TaskSchedulerConfiguration:
      Did not match:
         - @ConditionalOnBean (names: org.springframework.context.annotation.internalScheduledAnnotationProcessor; SearchStrategy: all) did not find any beans named org.springframework.context.annotation.internalScheduledAnnotationProcessor (OnBeanCondition)

   ThymeleafAutoConfiguration:
      Did not match:
         - @ConditionalOnClass did not find required class 'org.thymeleaf.spring6.SpringTemplateEngine' (OnClassCondition)

   TransactionAutoConfiguration#transactionalOperator:
      Did not match:
         - @ConditionalOnSingleCandidate (types: org.springframework.transaction.ReactiveTransactionManager; SearchStrategy: all) did not find any beans (OnBeanCondition)

   TransactionAutoConfiguration.AspectJTransactionManagementConfiguration:
      Did not match:
         - @ConditionalOnBean did not find required type 'org.springframework.transaction.aspectj.AbstractTransactionAspect' (OnBeanCondition)
         - @ConditionalOnBean (types: org.springframework.transaction.aspectj.AbstractTransactionAspect; SearchStrategy: all) did not find any beans of type org.springframework.transaction.aspectj.AbstractTransactionAspect (OnBeanCondition)

   TransactionAutoConfiguration.EnableTransactionManagementConfiguration:
      Did not match:
         - @ConditionalOnBean (types: org.springframework.transaction.TransactionManager; SearchStrategy: all) did not find any beans of type org.springframework.transaction.TransactionManager (OnBeanCondition)

   TransactionAutoConfiguration.EnableTransactionManagementConfiguration.CglibAutoProxyConfiguration:
      Did not match:
         - Ancestor org.springframework.boot.autoconfigure.transaction.TransactionAutoConfiguration$EnableTransactionManagementConfiguration did not match (ConditionEvaluationReport.AncestorsMatchedCondition)
      Matched:
         - @ConditionalOnProperty (spring.aop.proxy-target-class=true) matched (OnPropertyCondition)

   TransactionAutoConfiguration.EnableTransactionManagementConfiguration.JdkDynamicAutoProxyConfiguration:
      Did not match:
         - @ConditionalOnProperty (spring.aop.proxy-target-class=false) did not find property 'proxy-target-class' (OnPropertyCondition)
         - Ancestor org.springframework.boot.autoconfigure.transaction.TransactionAutoConfiguration$EnableTransactionManagementConfiguration did not match (ConditionEvaluationReport.AncestorsMatchedCondition)

   TransactionAutoConfiguration.TransactionTemplateConfiguration:
      Did not match:
         - @ConditionalOnSingleCandidate (types: org.springframework.transaction.PlatformTransactionManager; SearchStrategy: all) did not find any beans (OnBeanCondition)

   TypeConversionConfiguration#defaultCamelConversionService:
      Did not match:
         - @ConditionalOnMissingBean (types: org.springframework.core.convert.ConversionService; SearchStrategy: all) found beans of type 'org.springframework.core.convert.ConversionService' mvcConversionService (OnBeanCondition)

   UserDetailsServiceAutoConfiguration:
      Did not match:
         - @ConditionalOnClass did not find required class 'org.springframework.security.authentication.AuthenticationManager' (OnClassCondition)

   ValidationAutoConfiguration:
      Did not match:
         - @ConditionalOnClass did not find required class 'jakarta.validation.executable.ExecutableValidator' (OnClassCondition)

   WebClientAutoConfiguration:
      Did not match:
         - @ConditionalOnClass did not find required class 'org.springframework.web.reactive.function.client.WebClient' (OnClassCondition)

   WebFluxAutoConfiguration:
      Did not match:
         - @ConditionalOnClass did not find required class 'org.springframework.web.reactive.config.WebFluxConfigurer' (OnClassCondition)

   WebMvcAutoConfiguration#hiddenHttpMethodFilter:
      Did not match:
         - @ConditionalOnProperty (spring.mvc.hiddenmethod.filter.enabled) did not find property 'enabled' (OnPropertyCondition)

   WebMvcAutoConfiguration.ProblemDetailsErrorHandlingConfiguration:
      Did not match:
         - @ConditionalOnProperty (spring.mvc.problemdetails.enabled=true) did not find property 'enabled' (OnPropertyCondition)

   WebMvcAutoConfiguration.ResourceChainCustomizerConfiguration:
      Did not match:
         - @ConditionalOnEnabledResourceChain did not find class org.webjars.WebJarVersionLocator (OnEnabledResourceChainCondition)

   WebMvcAutoConfiguration.WebMvcAutoConfigurationAdapter#beanNameViewResolver:
      Did not match:
         - @ConditionalOnMissingBean (types: org.springframework.web.servlet.view.BeanNameViewResolver; SearchStrategy: all) found beans of type 'org.springframework.web.servlet.view.BeanNameViewResolver' beanNameViewResolver (OnBeanCondition)

   WebServiceTemplateAutoConfiguration:
      Did not match:
         - @ConditionalOnClass did not find required class 'org.springframework.oxm.Marshaller' (OnClassCondition)

   WebServicesAutoConfiguration:
      Did not match:
         - @ConditionalOnClass did not find required class 'org.springframework.ws.transport.http.MessageDispatcherServlet' (OnClassCondition)

   WebSessionIdResolverAutoConfiguration:
      Did not match:
         - @ConditionalOnClass did not find required class 'reactor.core.publisher.Mono' (OnClassCondition)

   WebSocketMessagingAutoConfiguration:
      Did not match:
         - @ConditionalOnClass did not find required class 'org.springframework.web.socket.config.annotation.WebSocketMessageBrokerConfigurer' (OnClassCondition)

   WebSocketReactiveAutoConfiguration:
      Did not match:
         - @ConditionalOnWebApplication did not find reactive web application classes (OnWebApplicationCondition)

   WebSocketServletAutoConfiguration.JettyWebSocketConfiguration:
      Did not match:
         - @ConditionalOnClass did not find required class 'org.eclipse.jetty.ee10.websocket.jakarta.server.config.JakartaWebSocketServletContainerInitializer' (OnClassCondition)

   WebSocketServletAutoConfiguration.UndertowWebSocketConfiguration:
      Did not match:
         - @ConditionalOnClass did not find required class 'io.undertow.websockets.jsr.Bootstrap' (OnClassCondition)

   XADataSourceAutoConfiguration:
      Did not match:
         - @ConditionalOnClass did not find required class 'jakarta.transaction.TransactionManager' (OnClassCondition)


Exclusions:
-----------

    None


Unconditional classes:
----------------------

    org.apache.camel.spring.boot.CamelAutoConfiguration

    org.springframework.boot.autoconfigure.context.ConfigurationPropertiesAutoConfiguration

    org.apache.camel.component.xslt.springboot.XsltComponentConverter

    org.apache.camel.component.seda.springboot.SedaComponentConverter

    org.apache.camel.component.activemq.springboot.ActiveMQComponentConverter

    org.springframework.boot.autoconfigure.ssl.SslAutoConfiguration

    org.springframework.boot.autoconfigure.context.PropertyPlaceholderAutoConfiguration

    org.springframework.boot.autoconfigure.context.LifecycleAutoConfiguration

    org.apache.camel.spring.boot.security.CamelSSLAutoConfiguration

    org.apache.camel.component.dataset.springboot.DataSetComponentConverter

    org.apache.camel.component.mongodb.springboot.MongoDbComponentConverter

    org.apache.camel.component.mock.springboot.MockComponentConverter

    org.apache.camel.component.validator.springboot.ValidatorComponentConverter

    org.apache.camel.component.rest.springboot.RestComponentConverter

    org.apache.camel.component.servlet.springboot.ServletComponentConverter

    org.apache.camel.component.stub.springboot.StubComponentConverter

    org.apache.camel.component.log.springboot.LogComponentConverter

    org.springframework.boot.autoconfigure.availability.ApplicationAvailabilityAutoConfiguration

    org.apache.camel.component.dataset.springboot.DataSetTestComponentConverter

    org.springframework.boot.autoconfigure.info.ProjectInfoAutoConfiguration



]]></system-err>
  </testcase>
</testsuite>